0001_0047_0047_0041_0041.jpg 1 47 47 41 41
0002_0032_0020_0048_0048.jpg 1 32 20 48 48
0003_0043_0050_0029_0029.jpg 1 43 50 29 29
0004_0039_0041_0032_0032.jpg 1 39 41 32 32
0005_0008_0016_0051_0051.jpg 1 8 16 51 51
0006_0017_0032_0026_0026.jpg 1 17 32 26 26
0007_0032_0022_0036_0036.jpg 1 32 22 36 36
0008_0043_0052_0025_0025.jpg 1 43 52 25 25
0009_0027_0023_0063_0063.jpg 1 27 23 63 63
0010_0009_0030_0042_0042.jpg 1 9 30 42 42
0011_0011_0011_0041_0041.jpg 1 11 11 41 41
0012_0027_0005_0052_0052.jpg 1 27 5 52 52
0013_0048_0043_0040_0040.jpg 1 48 43 40 40
0014_0027_0020_0041_0041.jpg 1 27 20 41 41
0015_0014_0053_0040_0040.jpg 1 14 53 40 40
0016_0019_0023_0049_0049.jpg 1 19 23 49 49
0017_0016_0022_0055_0055.jpg 1 16 22 55 55
0018_0045_0063_0029_0029.jpg 1 45 63 29 29
0019_0018_0029_0039_0039.jpg 1 18 29 39 39
0020_0009_0012_0058_0058.jpg 1 9 12 58 58
0021_0028_0014_0055_0055.jpg 1 28 14 55 55
0022_0009_0024_0034_0034.jpg 1 9 24 34 34
0023_0014_0017_0056_0056.jpg 1 14 17 56 56
0024_0043_0034_0032_0032.jpg 1 43 34 32 32
0025_0035_0030_0028_0028.jpg 1 35 30 28 28
0026_0023_0009_0046_0046.jpg 1 23 9 46 46
0027_0023_0005_0065_0065.jpg 1 23 5 65 65
0028_0037_0061_0029_0029.jpg 1 37 61 29 29
0029_0022_0030_0045_0045.jpg 1 22 30 45 45
0030_0051_0043_0041_0041.jpg 1 51 43 41 41
0031_0012_0024_0051_0051.jpg 1 12 24 51 51
0032_0053_0047_0031_0031.jpg 1 53 47 31 31
0033_0038_0019_0051_0051.jpg 1 38 19 51 51
0034_0039_0022_0050_0050.jpg 1 39 22 50 50
0035_0026_0025_0068_0068.jpg 1 26 25 68 68
0036_0010_0017_0036_0036.jpg 1 10 17 36 36
0037_0023_0031_0056_0056.jpg 1 23 31 56 56
0038_0018_0020_0049_0049.jpg 1 18 20 49 49
0039_0035_0011_0054_0054.jpg 1 35 11 54 54
0040_0008_0007_0060_0060.jpg 1 8 7 60 60
0041_0030_0015_0059_0059.jpg 1 30 15 59 59
0042_0055_0055_0028_0028.jpg 1 55 55 28 28
0043_0060_0062_0031_0031.jpg 1 60 62 31 31
0044_0045_0025_0047_0047.jpg 1 45 25 47 47
0045_0013_0014_0061_0061.jpg 1 13 14 61 61
0046_0037_0033_0040_0040.jpg 1 37 33 40 40
0047_0027_0030_0026_0026.jpg 1 27 30 26 26
0048_0030_0025_0052_0052.jpg 1 30 25 52 52
0049_0057_0052_0034_0034.jpg 1 57 52 34 34
0050_0046_0007_0037_0037.jpg 1 46 7 37 37
0051_0018_0039_0044_0044.jpg 1 18 39 44 44
0052_0036_0011_0042_0042.jpg 1 36 11 42 42
0053_0008_0026_0037_0037.jpg 1 8 26 37 37
0054_0053_0048_0024_0024.jpg 1 53 48 24 24
0055_0026_0009_0054_0054.jpg 1 26 9 54 54
0056_0007_0006_0063_0063.jpg 1 7 6 63 63
0057_0033_0050_0038_0038.jpg 1 33 50 38 38
0058_0032_0038_0057_0057.jpg 1 32 38 57 57
0059_0026_0031_0062_0062.jpg 1 26 31 62 62
0060_0007_0034_0027_0027.jpg 1 7 34 27 27
0061_0029_0030_0060_0060.jpg 1 29 30 60 60
0062_0011_0036_0029_0029.jpg 1 11 36 29 29
0063_0025_0010_0054_0054.jpg 1 25 10 54 54
0064_0009_0030_0066_0066.jpg 1 9 30 66 66
0065_0031_0014_0039_0039.jpg 1 31 14 39 39
0066_0046_0044_0043_0043.jpg 1 46 44 43 43
0067_0022_0050_0041_0041.jpg 1 22 50 41 41
0068_0010_0003_0067_0067.jpg 1 10 3 67 67
0069_0042_0047_0034_0034.jpg 1 42 47 34 34
0070_0018_0017_0066_0066.jpg 1 18 17 66 66
0071_0016_0011_0064_0064.jpg 1 16 11 64 64
0072_0014_0028_0053_0053.jpg 1 14 28 53 53
0073_0005_0022_0069_0069.jpg 1 5 22 69 69
0074_0013_0041_0054_0054.jpg 1 13 41 54 54
0075_0008_0036_0046_0046.jpg 1 8 36 46 46
0076_0007_0026_0046_0046.jpg 1 7 26 46 46
0077_0009_0024_0025_0025.jpg 1 9 24 25 25
0078_0050_0013_0043_0043.jpg 1 50 13 43 43
0079_0032_0019_0038_0038.jpg 1 32 19 38 38
0080_0016_0021_0055_0055.jpg 1 16 21 55 55
0081_0028_0030_0033_0033.jpg 1 28 30 33 33
0082_0014_0016_0050_0050.jpg 1 14 16 50 50
0083_0040_0043_0049_0049.jpg 1 40 43 49 49
0084_0059_0044_0027_0027.jpg 1 59 44 27 27
0085_0014_0023_0046_0046.jpg 1 14 23 46 46
0086_0009_0041_0053_0053.jpg 1 9 41 53 53
0087_0052_0007_0034_0034.jpg 1 52 7 34 34
0088_0040_0047_0043_0043.jpg 1 40 47 43 43
0089_0019_0025_0059_0059.jpg 1 19 25 59 59
0090_0021_0010_0063_0063.jpg 1 21 10 63 63
0091_0044_0040_0049_0049.jpg 1 44 40 49 49
0092_0022_0033_0039_0039.jpg 1 22 33 39 39
0093_0050_0027_0043_0043.jpg 1 50 27 43 43
0094_0050_0023_0040_0040.jpg 1 50 23 40 40
0095_0014_0051_0030_0030.jpg 1 14 51 30 30
0096_0044_0060_0030_0030.jpg 1 44 60 30 30
0097_0036_0022_0052_0052.jpg 1 36 22 52 52
0098_0015_0009_0053_0053.jpg 1 15 9 53 53
0099_0015_0015_0061_0061.jpg 1 15 15 61 61
0100_0025_0029_0050_0050.jpg 1 25 29 50 50
0101_0032_0018_0043_0043.jpg 1 32 18 43 43
0102_0048_0048_0034_0034.jpg 1 48 48 34 34
0103_0047_0008_0028_0028.jpg 1 47 8 28 28
0104_0027_0009_0069_0069.jpg 1 27 9 69 69
0105_0033_0046_0033_0033.jpg 1 33 46 33 33
0106_0037_0013_0054_0054.jpg 1 37 13 54 54
0107_0010_0015_0066_0066.jpg 1 10 15 66 66
0108_0038_0052_0032_0032.jpg 1 38 52 32 32
0109_0034_0041_0041_0041.jpg 1 34 41 41 41
0110_0019_0037_0033_0033.jpg 1 19 37 33 33
0111_0020_0022_0069_0069.jpg 1 20 22 69 69
0112_0036_0009_0040_0040.jpg 1 36 9 40 40
0113_0049_0042_0042_0042.jpg 1 49 42 42 42
0114_0013_0020_0069_0069.jpg 1 13 20 69 69
0115_0025_0009_0058_0058.jpg 1 25 9 58 58
0116_0022_0025_0064_0064.jpg 1 22 25 64 64
0117_0042_0059_0032_0032.jpg 1 42 59 32 32
0118_0050_0051_0041_0041.jpg 1 50 51 41 41
0119_0019_0024_0039_0039.jpg 1 19 24 39 39
0120_0028_0013_0063_0063.jpg 1 28 13 63 63
0121_0062_0030_0024_0024.jpg 1 62 30 24 24
0122_0022_0004_0057_0057.jpg 1 22 4 57 57
0123_0029_0024_0034_0034.jpg 1 29 24 34 34
0124_0037_0036_0052_0052.jpg 1 37 36 52 52
0125_0007_0031_0064_0064.jpg 1 7 31 64 64
0126_0023_0020_0041_0041.jpg 1 23 20 41 41
0127_0045_0051_0041_0041.jpg 1 45 51 41 41
0128_0013_0053_0032_0032.jpg 1 13 53 32 32
0129_0034_0020_0035_0035.jpg 1 34 20 35 35
0130_0036_0047_0044_0044.jpg 1 36 47 44 44
0131_0014_0018_0045_0045.jpg 1 14 18 45 45
0132_0025_0031_0059_0059.jpg 1 25 31 59 59
0133_0012_0016_0040_0040.jpg 1 12 16 40 40
0134_0045_0029_0031_0031.jpg 1 45 29 31 31
0135_0004_0009_0060_0060.jpg 1 4 9 60 60
0136_0031_0045_0045_0045.jpg 1 31 45 45 45
0137_0035_0045_0039_0039.jpg 1 35 45 39 39
0138_0012_0027_0024_0024.jpg 1 12 27 24 24
0139_0019_0036_0052_0052.jpg 1 19 36 52 52
0140_0019_0022_0065_0065.jpg 1 19 22 65 65
0141_0036_0020_0038_0038.jpg 1 36 20 38 38
0142_0040_0040_0030_0030.jpg 1 40 40 30 30
0143_0031_0029_0056_0056.jpg 1 31 29 56 56
0144_0009_0023_0050_0050.jpg 1 9 23 50 50
0145_0023_0022_0069_0069.jpg 1 23 22 69 69
0146_0015_0013_0059_0059.jpg 1 15 13 59 59
0147_0017_0024_0041_0041.jpg 1 17 24 41 41
0148_0019_0021_0052_0052.jpg 1 19 21 52 52
0149_0021_0014_0060_0060.jpg 1 21 14 60 60
0150_0031_0012_0064_0064.jpg 1 31 12 64 64
0151_0022_0025_0057_0057.jpg 1 22 25 57 57
0152_0006_0023_0047_0047.jpg 1 6 23 47 47
0153_0014_0012_0053_0053.jpg 1 14 12 53 53
0154_0009_0027_0058_0058.jpg 1 9 27 58 58
0155_0021_0027_0029_0029.jpg 1 21 27 29 29
0156_0023_0023_0067_0067.jpg 1 23 23 67 67
0157_0020_0004_0060_0060.jpg 1 20 4 60 60
0158_0026_0017_0064_0064.jpg 1 26 17 64 64
0159_0018_0023_0064_0064.jpg 1 18 23 64 64
0160_0037_0042_0033_0033.jpg 1 37 42 33 33
0161_0004_0009_0066_0066.jpg 1 4 9 66 66
0162_0005_0023_0067_0067.jpg 1 5 23 67 67
0163_0020_0020_0047_0047.jpg 1 20 20 47 47
0164_0035_0020_0058_0058.jpg 1 35 20 58 58
0165_0029_0012_0047_0047.jpg 1 29 12 47 47
0166_0006_0034_0060_0060.jpg 1 6 34 60 60
0167_0033_0005_0058_0058.jpg 1 33 5 58 58
0168_0041_0035_0027_0027.jpg 1 41 35 27 27
0169_0064_0011_0025_0025.jpg 1 64 11 25 25
0170_0008_0032_0052_0052.jpg 1 8 32 52 52
0171_0032_0010_0060_0060.jpg 1 32 10 60 60
0172_0018_0044_0027_0027.jpg 1 18 44 27 27
0173_0020_0013_0059_0059.jpg 1 20 13 59 59
0174_0009_0006_0040_0040.jpg 1 9 6 40 40
0175_0025_0033_0050_0050.jpg 1 25 33 50 50
0176_0012_0011_0067_0067.jpg 1 12 11 67 67
0177_0020_0040_0054_0054.jpg 1 20 40 54 54
0178_0052_0032_0040_0040.jpg 1 52 32 40 40
0179_0026_0036_0041_0041.jpg 1 26 36 41 41
0180_0048_0016_0045_0045.jpg 1 48 16 45 45
0181_0014_0013_0062_0062.jpg 1 14 13 62 62
0182_0041_0023_0050_0050.jpg 1 41 23 50 50
0183_0013_0030_0039_0039.jpg 1 13 30 39 39
0184_0044_0038_0049_0049.jpg 1 44 38 49 49
0185_0047_0019_0031_0031.jpg 1 47 19 31 31
0186_0031_0007_0064_0064.jpg 1 31 7 64 64
0187_0034_0038_0047_0047.jpg 1 34 38 47 47
0188_0021_0009_0055_0055.jpg 1 21 9 55 55
0189_0040_0023_0043_0043.jpg 1 40 23 43 43
0190_0019_0027_0067_0067.jpg 1 19 27 67 67
0191_0032_0004_0063_0063.jpg 1 32 4 63 63
0192_0015_0017_0064_0064.jpg 1 15 17 64 64
0193_0056_0040_0024_0024.jpg 1 56 40 24 24
0194_0013_0010_0066_0066.jpg 1 13 10 66 66
0195_0037_0032_0045_0045.jpg 1 37 32 45 45
0196_0038_0047_0037_0037.jpg 1 38 47 37 37
0197_0015_0027_0069_0069.jpg 1 15 27 69 69
0198_0052_0042_0038_0038.jpg 1 52 42 38 38
0199_0005_0022_0063_0063.jpg 1 5 22 63 63
0200_0033_0024_0044_0044.jpg 1 33 24 44 44
0201_0014_0037_0053_0053.jpg 1 14 37 53 53
0202_0053_0055_0037_0037.jpg 1 53 55 37 37
0203_0040_0010_0054_0054.jpg 1 40 10 54 54
0204_0014_0019_0065_0065.jpg 1 14 19 65 65
0205_0006_0029_0044_0044.jpg 1 6 29 44 44
0206_0013_0021_0055_0055.jpg 1 13 21 55 55
0207_0005_0018_0053_0053.jpg 1 5 18 53 53
0208_0033_0010_0062_0062.jpg 1 33 10 62 62
0209_0018_0009_0068_0068.jpg 1 18 9 68 68
0210_0020_0050_0027_0027.jpg 1 20 50 27 27
0211_0016_0032_0043_0043.jpg 1 16 32 43 43
0212_0012_0060_0031_0031.jpg 1 12 60 31 31
0213_0029_0036_0031_0031.jpg 1 29 36 31 31
0214_0044_0060_0029_0029.jpg 1 44 60 29 29
0215_0030_0025_0063_0063.jpg 1 30 25 63 63
0216_0006_0018_0046_0046.jpg 1 6 18 46 46
0217_0032_0022_0030_0030.jpg 1 32 22 30 30
0218_0058_0021_0032_0032.jpg 1 58 21 32 32
0219_0023_0021_0040_0040.jpg 1 23 21 40 40
0220_0016_0021_0049_0049.jpg 1 16 21 49 49
0221_0006_0021_0053_0053.jpg 1 6 21 53 53
0222_0020_0023_0063_0063.jpg 1 20 23 63 63
0223_0049_0048_0038_0038.jpg 1 49 48 38 38
0224_0009_0047_0035_0035.jpg 1 9 47 35 35
0225_0020_0005_0044_0044.jpg 1 20 5 44 44
0226_0044_0020_0049_0049.jpg 1 44 20 49 49
0227_0018_0026_0037_0037.jpg 1 18 26 37 37
0228_0028_0009_0042_0042.jpg 1 28 9 42 42
0229_0006_0024_0066_0066.jpg 1 6 24 66 66
0230_0023_0022_0068_0068.jpg 1 23 22 68 68
0231_0008_0018_0068_0068.jpg 1 8 18 68 68
0232_0012_0053_0033_0033.jpg 1 12 53 33 33
0233_0032_0023_0062_0062.jpg 1 32 23 62 62
0234_0026_0028_0040_0040.jpg 1 26 28 40 40
0235_0046_0044_0036_0036.jpg 1 46 44 36 36
0236_0025_0010_0067_0067.jpg 1 25 10 67 67
0237_0057_0021_0035_0035.jpg 1 57 21 35 35
0238_0014_0011_0063_0063.jpg 1 14 11 63 63
0239_0020_0005_0066_0066.jpg 1 20 5 66 66
0240_0025_0046_0048_0048.jpg 1 25 46 48 48
0241_0029_0023_0052_0052.jpg 1 29 23 52 52
0242_0014_0015_0069_0069.jpg 1 14 15 69 69
0243_0012_0037_0050_0050.jpg 1 12 37 50 50
0244_0029_0018_0054_0054.jpg 1 29 18 54 54
0245_0031_0007_0048_0048.jpg 1 31 7 48 48
0246_0008_0019_0041_0041.jpg 1 8 19 41 41
0247_0040_0005_0043_0043.jpg 1 40 5 43 43
0248_0036_0010_0033_0033.jpg 1 36 10 33 33
0249_0010_0014_0057_0057.jpg 1 10 14 57 57
0250_0009_0038_0054_0054.jpg 1 9 38 54 54
0251_0012_0033_0056_0056.jpg 1 12 33 56 56
0252_0009_0025_0053_0053.jpg 1 9 25 53 53
0253_0040_0040_0029_0029.jpg 1 40 40 29 29
0254_0008_0004_0061_0061.jpg 1 8 4 61 61
0255_0009_0008_0066_0066.jpg 1 9 8 66 66
0256_0041_0012_0053_0053.jpg 1 41 12 53 53
0257_0036_0025_0027_0027.jpg 1 36 25 27 27
0258_0031_0022_0063_0063.jpg 1 31 22 63 63
0259_0005_0040_0053_0053.jpg 1 5 40 53 53
0260_0011_0055_0029_0029.jpg 1 11 55 29 29
0261_0024_0031_0062_0062.jpg 1 24 31 62 62
0262_0022_0005_0052_0052.jpg 1 22 5 52 52
0263_0018_0012_0059_0059.jpg 1 18 12 59 59
0264_0010_0035_0029_0029.jpg 1 10 35 29 29
0265_0007_0038_0047_0047.jpg 1 7 38 47 47
0266_0035_0009_0032_0032.jpg 1 35 9 32 32
0267_0041_0036_0054_0054.jpg 1 41 36 54 54
0268_0006_0020_0032_0032.jpg 1 6 20 32 32
0269_0013_0031_0034_0034.jpg 1 13 31 34 34
0270_0010_0010_0048_0048.jpg 1 10 10 48 48
0271_0017_0014_0049_0049.jpg 1 17 14 49 49
0272_0032_0024_0034_0034.jpg 1 32 24 34 34
0273_0028_0008_0065_0065.jpg 1 28 8 65 65
0274_0021_0036_0057_0057.jpg 1 21 36 57 57
0275_0011_0026_0056_0056.jpg 1 11 26 56 56
0276_0034_0005_0058_0058.jpg 1 34 5 58 58
0277_0036_0031_0043_0043.jpg 1 36 31 43 43
0278_0010_0027_0052_0052.jpg 1 10 27 52 52
0279_0021_0031_0029_0029.jpg 1 21 31 29 29
0280_0009_0025_0069_0069.jpg 1 9 25 69 69
0281_0056_0054_0037_0037.jpg 1 56 54 37 37
0282_0033_0047_0036_0036.jpg 1 33 47 36 36
0283_0063_0061_0027_0027.jpg 1 63 61 27 27
0284_0006_0008_0037_0037.jpg 1 6 8 37 37
0285_0038_0005_0050_0050.jpg 1 38 5 50 50
0286_0031_0022_0061_0061.jpg 1 31 22 61 61
0287_0040_0040_0053_0053.jpg 1 40 40 53 53
0288_0059_0043_0025_0025.jpg 1 59 43 25 25
0289_0009_0061_0031_0031.jpg 1 9 61 31 31
0290_0024_0027_0067_0067.jpg 1 24 27 67 67
0291_0011_0061_0028_0028.jpg 1 11 61 28 28
0292_0013_0043_0025_0025.jpg 1 13 43 25 25
0293_0024_0011_0044_0044.jpg 1 24 11 44 44
0294_0022_0035_0060_0060.jpg 1 22 35 60 60
0295_0012_0023_0066_0066.jpg 1 12 23 66 66
0296_0006_0012_0069_0069.jpg 1 6 12 69 69
0297_0035_0035_0050_0050.jpg 1 35 35 50 50
0298_0010_0004_0058_0058.jpg 1 10 4 58 58
0299_0014_0037_0052_0052.jpg 1 14 37 52 52
0300_0029_0014_0045_0045.jpg 1 29 14 45 45
0301_0028_0007_0044_0044.jpg 1 28 7 44 44
0302_0011_0023_0060_0060.jpg 1 11 23 60 60
0303_0043_0029_0043_0043.jpg 1 43 29 43 43
0304_0049_0017_0036_0036.jpg 1 49 17 36 36
0305_0025_0015_0062_0062.jpg 1 25 15 62 62
0306_0011_0011_0038_0038.jpg 1 11 11 38 38
0307_0042_0031_0040_0040.jpg 1 42 31 40 40
0308_0057_0059_0030_0030.jpg 1 57 59 30 30
0309_0015_0025_0060_0060.jpg 1 15 25 60 60
0310_0007_0019_0053_0053.jpg 1 7 19 53 53
0311_0020_0016_0062_0062.jpg 1 20 16 62 62
0312_0014_0020_0064_0064.jpg 1 14 20 64 64
0313_0033_0009_0057_0057.jpg 1 33 9 57 57
0314_0032_0029_0054_0054.jpg 1 32 29 54 54
0315_0018_0030_0036_0036.jpg 1 18 30 36 36
0316_0044_0022_0042_0042.jpg 1 44 22 42 42
0317_0029_0040_0050_0050.jpg 1 29 40 50 50
0318_0013_0019_0057_0057.jpg 1 13 19 57 57
0319_0032_0050_0030_0030.jpg 1 32 50 30 30
0320_0011_0005_0064_0064.jpg 1 11 5 64 64
0321_0021_0035_0039_0039.jpg 1 21 35 39 39
0322_0033_0052_0026_0026.jpg 1 33 52 26 26
0323_0025_0022_0040_0040.jpg 1 25 22 40 40
0324_0033_0027_0043_0043.jpg 1 33 27 43 43
0325_0011_0052_0035_0035.jpg 1 11 52 35 35
0326_0019_0026_0066_0066.jpg 1 19 26 66 66
0327_0037_0018_0025_0025.jpg 1 37 18 25 25
0328_0029_0048_0034_0034.jpg 1 29 48 34 34
0329_0012_0054_0039_0039.jpg 1 12 54 39 39
0330_0051_0056_0032_0032.jpg 1 51 56 32 32
0331_0020_0016_0039_0039.jpg 1 20 16 39 39
0332_0020_0016_0053_0053.jpg 1 20 16 53 53
0333_0013_0021_0069_0069.jpg 1 13 21 69 69
0334_0023_0020_0042_0042.jpg 1 23 20 42 42
0335_0021_0006_0056_0056.jpg 1 21 6 56 56
0336_0017_0005_0050_0050.jpg 1 17 5 50 50
0337_0008_0026_0050_0050.jpg 1 8 26 50 50
0338_0015_0055_0034_0034.jpg 1 15 55 34 34
0339_0020_0035_0024_0024.jpg 1 20 35 24 24
0340_0021_0029_0045_0045.jpg 1 21 29 45 45
0341_0015_0016_0066_0066.jpg 1 15 16 66 66
0342_0018_0022_0059_0059.jpg 1 18 22 59 59
0343_0035_0030_0028_0028.jpg 1 35 30 28 28
0344_0027_0006_0062_0062.jpg 1 27 6 62 62
0345_0010_0039_0054_0054.jpg 1 10 39 54 54
0346_0025_0061_0024_0024.jpg 1 25 61 24 24
0347_0019_0056_0027_0027.jpg 1 19 56 27 27
0348_0015_0030_0051_0051.jpg 1 15 30 51 51
0349_0051_0023_0029_0029.jpg 1 51 23 29 29
0350_0027_0007_0063_0063.jpg 1 27 7 63 63
0351_0029_0027_0061_0061.jpg 1 29 27 61 61
0352_0066_0023_0025_0025.jpg 1 66 23 25 25
0353_0018_0011_0065_0065.jpg 1 18 11 65 65
0354_0034_0017_0048_0048.jpg 1 34 17 48 48
0355_0009_0053_0025_0025.jpg 1 9 53 25 25
0356_0011_0032_0062_0062.jpg 1 11 32 62 62
0357_0043_0043_0038_0038.jpg 1 43 43 38 38
0358_0026_0006_0065_0065.jpg 1 26 6 65 65
0359_0059_0037_0031_0031.jpg 1 59 37 31 31
0360_0018_0007_0066_0066.jpg 1 18 7 66 66
0361_0023_0005_0068_0068.jpg 1 23 5 68 68
0362_0016_0021_0062_0062.jpg 1 16 21 62 62
0363_0031_0031_0063_0063.jpg 1 31 31 63 63
0364_0007_0006_0064_0064.jpg 1 7 6 64 64
0365_0015_0031_0045_0045.jpg 1 15 31 45 45
0366_0012_0020_0036_0036.jpg 1 12 20 36 36
0367_0011_0050_0033_0033.jpg 1 11 50 33 33
0368_0041_0048_0033_0033.jpg 1 41 48 33 33
0369_0020_0050_0030_0030.jpg 1 20 50 30 30
0370_0004_0009_0064_0064.jpg 1 4 9 64 64
0371_0012_0038_0029_0029.jpg 1 12 38 29 29
0372_0039_0059_0029_0029.jpg 1 39 59 29 29
0373_0016_0010_0060_0060.jpg 1 16 10 60 60
0374_0048_0053_0030_0030.jpg 1 48 53 30 30
0375_0026_0023_0051_0051.jpg 1 26 23 51 51
0376_0024_0037_0041_0041.jpg 1 24 37 41 41
0377_0032_0013_0041_0041.jpg 1 32 13 41 41
0378_0046_0052_0033_0033.jpg 1 46 52 33 33
0379_0009_0033_0031_0031.jpg 1 9 33 31 31
0380_0027_0030_0052_0052.jpg 1 27 30 52 52
0381_0021_0030_0059_0059.jpg 1 21 30 59 59
0382_0054_0009_0034_0034.jpg 1 54 9 34 34
0383_0056_0028_0026_0026.jpg 1 56 28 26 26
0384_0035_0046_0048_0048.jpg 1 35 46 48 48
0385_0011_0019_0069_0069.jpg 1 11 19 69 69
0386_0008_0026_0068_0068.jpg 1 8 26 68 68
0387_0030_0010_0064_0064.jpg 1 30 10 64 64
0388_0013_0028_0029_0029.jpg 1 13 28 29 29
0389_0042_0020_0038_0038.jpg 1 42 20 38 38
0390_0034_0014_0049_0049.jpg 1 34 14 49 49
0391_0057_0011_0027_0027.jpg 1 57 11 27 27
0392_0039_0060_0031_0031.jpg 1 39 60 31 31
0393_0036_0043_0038_0038.jpg 1 36 43 38 38
0394_0027_0011_0061_0061.jpg 1 27 11 61 61
0395_0025_0030_0055_0055.jpg 1 25 30 55 55
0396_0026_0003_0063_0063.jpg 1 26 3 63 63
0397_0020_0027_0049_0049.jpg 1 20 27 49 49
0398_0038_0013_0031_0031.jpg 1 38 13 31 31
0399_0041_0023_0024_0024.jpg 1 41 23 24 24
0400_0037_0031_0057_0057.jpg 1 37 31 57 57
0401_0007_0040_0051_0051.jpg 1 7 40 51 51
0402_0022_0047_0032_0032.jpg 1 22 47 32 32
0403_0025_0014_0061_0061.jpg 1 25 14 61 61
0404_0049_0035_0042_0042.jpg 1 49 35 42 42
0405_0027_0027_0069_0069.jpg 1 27 27 69 69
0406_0027_0013_0052_0052.jpg 1 27 13 52 52
0407_0005_0016_0063_0063.jpg 1 5 16 63 63
0408_0031_0034_0057_0057.jpg 1 31 34 57 57
0409_0025_0009_0039_0039.jpg 1 25 9 39 39
0410_0033_0017_0062_0062.jpg 1 33 17 62 62
0411_0036_0053_0026_0026.jpg 1 36 53 26 26
0412_0023_0013_0054_0054.jpg 1 23 13 54 54
0413_0009_0017_0069_0069.jpg 1 9 17 69 69
0414_0011_0039_0054_0054.jpg 1 11 39 54 54
0415_0011_0023_0067_0067.jpg 1 11 23 67 67
0416_0022_0043_0049_0049.jpg 1 22 43 49 49
0417_0009_0044_0026_0026.jpg 1 9 44 26 26
0418_0025_0050_0041_0041.jpg 1 25 50 41 41
0419_0014_0012_0058_0058.jpg 1 14 12 58 58
0420_0025_0004_0068_0068.jpg 1 25 4 68 68
0421_0013_0062_0029_0029.jpg 1 13 62 29 29
0422_0005_0029_0064_0064.jpg 1 5 29 64 64
0423_0024_0012_0046_0046.jpg 1 24 12 46 46
0424_0049_0009_0032_0032.jpg 1 49 9 32 32
0425_0038_0038_0057_0057.jpg 1 38 38 57 57
0426_0032_0048_0042_0042.jpg 1 32 48 42 42
0427_0012_0027_0069_0069.jpg 1 12 27 69 69
0428_0012_0007_0057_0057.jpg 1 12 7 57 57
0429_0035_0012_0056_0056.jpg 1 35 12 56 56
0430_0022_0011_0048_0048.jpg 1 22 11 48 48
0431_0049_0045_0024_0024.jpg 1 49 45 24 24
0432_0042_0036_0037_0037.jpg 1 42 36 37 37
0433_0017_0028_0040_0040.jpg 1 17 28 40 40
0434_0009_0013_0067_0067.jpg 1 9 13 67 67
0435_0012_0047_0043_0043.jpg 1 12 47 43 43
0436_0040_0008_0032_0032.jpg 1 40 8 32 32
0437_0043_0015_0033_0033.jpg 1 43 15 33 33
0438_0028_0005_0051_0051.jpg 1 28 5 51 51
0439_0027_0034_0058_0058.jpg 1 27 34 58 58
0440_0020_0022_0059_0059.jpg 1 20 22 59 59
0441_0013_0013_0063_0063.jpg 1 13 13 63 63
0442_0033_0039_0053_0053.jpg 1 33 39 53 53
0443_0026_0037_0052_0052.jpg 1 26 37 52 52
0444_0013_0039_0051_0051.jpg 1 13 39 51 51
0445_0054_0057_0034_0034.jpg 1 54 57 34 34
0446_0025_0030_0039_0039.jpg 1 25 30 39 39
0447_0011_0014_0052_0052.jpg 1 11 14 52 52
0448_0021_0033_0052_0052.jpg 1 21 33 52 52
0449_0029_0022_0062_0062.jpg 1 29 22 62 62
0450_0041_0031_0052_0052.jpg 1 41 31 52 52
0451_0015_0019_0068_0068.jpg 1 15 19 68 68
0452_0019_0015_0062_0062.jpg 1 19 15 62 62
0453_0026_0019_0037_0037.jpg 1 26 19 37 37
0454_0018_0009_0057_0057.jpg 1 18 9 57 57
0455_0039_0038_0037_0037.jpg 1 39 38 37 37
0456_0039_0044_0037_0037.jpg 1 39 44 37 37
0457_0046_0020_0032_0032.jpg 1 46 20 32 32
0458_0045_0011_0048_0048.jpg 1 45 11 48 48
0459_0006_0019_0051_0051.jpg 1 6 19 51 51
0460_0007_0018_0056_0056.jpg 1 7 18 56 56
0461_0014_0013_0068_0068.jpg 1 14 13 68 68
0462_0022_0025_0065_0065.jpg 1 22 25 65 65
0463_0007_0025_0069_0069.jpg 1 7 25 69 69
0464_0012_0010_0054_0054.jpg 1 12 10 54 54
0465_0011_0009_0066_0066.jpg 1 11 9 66 66
0466_0036_0044_0046_0046.jpg 1 36 44 46 46
0467_0034_0033_0061_0061.jpg 1 34 33 61 61
0468_0018_0021_0058_0058.jpg 1 18 21 58 58
0469_0017_0030_0030_0030.jpg 1 17 30 30 30
0470_0010_0009_0047_0047.jpg 1 10 9 47 47
0471_0006_0023_0067_0067.jpg 1 6 23 67 67
0472_0044_0036_0032_0032.jpg 1 44 36 32 32
0473_0011_0007_0051_0051.jpg 1 11 7 51 51
0474_0024_0007_0030_0030.jpg 1 24 7 30 30
0475_0026_0011_0039_0039.jpg 1 26 11 39 39
0476_0056_0030_0033_0033.jpg 1 56 30 33 33
0477_0014_0010_0068_0068.jpg 1 14 10 68 68
0478_0012_0024_0029_0029.jpg 1 12 24 29 29
0479_0007_0038_0057_0057.jpg 1 7 38 57 57
0480_0007_0009_0043_0043.jpg 1 7 9 43 43
0481_0024_0014_0063_0063.jpg 1 24 14 63 63
0482_0019_0061_0028_0028.jpg 1 19 61 28 28
0483_0024_0034_0053_0053.jpg 1 24 34 53 53
0484_0034_0019_0043_0043.jpg 1 34 19 43 43
0485_0011_0008_0066_0066.jpg 1 11 8 66 66
0486_0009_0012_0066_0066.jpg 1 9 12 66 66
0487_0061_0036_0030_0030.jpg 1 61 36 30 30
0488_0030_0027_0041_0041.jpg 1 30 27 41 41
0489_0014_0014_0057_0057.jpg 1 14 14 57 57
0490_0010_0023_0041_0041.jpg 1 10 23 41 41
0491_0043_0039_0041_0041.jpg 1 43 39 41 41
0492_0039_0010_0025_0025.jpg 1 39 10 25 25
0493_0009_0015_0051_0051.jpg 1 9 15 51 51
0494_0021_0045_0043_0043.jpg 1 21 45 43 43
0495_0027_0024_0043_0043.jpg 1 27 24 43 43
0496_0047_0020_0037_0037.jpg 1 47 20 37 37
0497_0038_0010_0044_0044.jpg 1 38 10 44 44
0498_0013_0030_0037_0037.jpg 1 13 30 37 37
0499_0063_0043_0025_0025.jpg 1 63 43 25 25
0500_0021_0026_0041_0041.jpg 1 21 26 41 41
0501_0023_0053_0029_0029.jpg 1 23 53 29 29
0502_0026_0044_0043_0043.jpg 1 26 44 43 43
0503_0014_0021_0069_0069.jpg 1 14 21 69 69
0504_0031_0030_0035_0035.jpg 1 31 30 35 35
0505_0018_0024_0062_0062.jpg 1 18 24 62 62
0506_0014_0003_0062_0062.jpg 1 14 3 62 62
0507_0015_0017_0057_0057.jpg 1 15 17 57 57
0508_0010_0009_0061_0061.jpg 1 10 9 61 61
0509_0009_0018_0037_0037.jpg 1 9 18 37 37
0510_0007_0014_0058_0058.jpg 1 7 14 58 58
0511_0040_0032_0038_0038.jpg 1 40 32 38 38
0512_0017_0016_0068_0068.jpg 1 17 16 68 68
0513_0038_0026_0038_0038.jpg 1 38 26 38 38
0514_0020_0008_0057_0057.jpg 1 20 8 57 57
0515_0017_0023_0039_0039.jpg 1 17 23 39 39
0516_0004_0003_0069_0069.jpg 1 4 3 69 69
0517_0026_0026_0066_0066.jpg 1 26 26 66 66
0518_0006_0013_0061_0061.jpg 1 6 13 61 61
0519_0016_0039_0053_0053.jpg 1 16 39 53 53
0520_0033_0020_0034_0034.jpg 1 33 20 34 34
0521_0010_0017_0064_0064.jpg 1 10 17 64 64
0522_0018_0023_0058_0058.jpg 1 18 23 58 58
0523_0016_0006_0037_0037.jpg 1 16 6 37 37
0524_0033_0020_0031_0031.jpg 1 33 20 31 31
0525_0032_0048_0027_0027.jpg 1 32 48 27 27
0526_0026_0027_0066_0066.jpg 1 26 27 66 66
0527_0037_0007_0054_0054.jpg 1 37 7 54 54
0528_0060_0032_0027_0027.jpg 1 60 32 27 27
0529_0021_0018_0053_0053.jpg 1 21 18 53 53
0530_0007_0015_0066_0066.jpg 1 7 15 66 66
0531_0019_0011_0064_0064.jpg 1 19 11 64 64
0532_0013_0040_0038_0038.jpg 1 13 40 38 38
0533_0006_0014_0042_0042.jpg 1 6 14 42 42
0534_0014_0023_0069_0069.jpg 1 14 23 69 69
0535_0011_0031_0051_0051.jpg 1 11 31 51 51
0536_0055_0015_0029_0029.jpg 1 55 15 29 29
0537_0023_0004_0064_0064.jpg 1 23 4 64 64
0538_0027_0029_0063_0063.jpg 1 27 29 63 63
0539_0003_0014_0066_0066.jpg 1 3 14 66 66
0540_0052_0031_0038_0038.jpg 1 52 31 38 38
0541_0023_0015_0061_0061.jpg 1 23 15 61 61
0542_0035_0014_0053_0053.jpg 1 35 14 53 53
0543_0025_0013_0060_0060.jpg 1 25 13 60 60
0544_0032_0011_0038_0038.jpg 1 32 11 38 38
0545_0021_0048_0024_0024.jpg 1 21 48 24 24
0546_0011_0027_0060_0060.jpg 1 11 27 60 60
0547_0039_0035_0053_0053.jpg 1 39 35 53 53
0548_0035_0041_0034_0034.jpg 1 35 41 34 34
0549_0009_0026_0047_0047.jpg 1 9 26 47 47
0550_0049_0028_0033_0033.jpg 1 49 28 33 33
0551_0020_0045_0027_0027.jpg 1 20 45 27 27
0552_0044_0031_0037_0037.jpg 1 44 31 37 37
0553_0059_0022_0029_0029.jpg 1 59 22 29 29
0554_0034_0018_0031_0031.jpg 1 34 18 31 31
0555_0041_0029_0042_0042.jpg 1 41 29 42 42
0556_0034_0034_0061_0061.jpg 1 34 34 61 61
0557_0006_0014_0064_0064.jpg 1 6 14 64 64
0558_0008_0024_0069_0069.jpg 1 8 24 69 69
0559_0009_0032_0036_0036.jpg 1 9 32 36 36
0560_0050_0053_0035_0035.jpg 1 50 53 35 35
0561_0038_0020_0038_0038.jpg 1 38 20 38 38
0562_0007_0004_0061_0061.jpg 1 7 4 61 61
0563_0032_0046_0034_0034.jpg 1 32 46 34 34
0564_0025_0021_0059_0059.jpg 1 25 21 59 59
0565_0033_0014_0032_0032.jpg 1 33 14 32 32
0566_0028_0004_0057_0057.jpg 1 28 4 57 57
0567_0036_0029_0053_0053.jpg 1 36 29 53 53
0568_0039_0048_0043_0043.jpg 1 39 48 43 43
0569_0011_0022_0049_0049.jpg 1 11 22 49 49
0570_0035_0037_0047_0047.jpg 1 35 37 47 47
0571_0041_0031_0030_0030.jpg 1 41 31 30 30
0572_0045_0021_0046_0046.jpg 1 45 21 46 46
0573_0037_0022_0051_0051.jpg 1 37 22 51 51
0574_0026_0033_0047_0047.jpg 1 26 33 47 47
0575_0045_0017_0028_0028.jpg 1 45 17 28 28
0576_0015_0025_0041_0041.jpg 1 15 25 41 41
0577_0009_0018_0045_0045.jpg 1 9 18 45 45
0578_0011_0047_0040_0040.jpg 1 11 47 40 40
0579_0009_0007_0057_0057.jpg 1 9 7 57 57
0580_0029_0029_0041_0041.jpg 1 29 29 41 41
0581_0026_0022_0026_0026.jpg 1 26 22 26 26
0582_0056_0048_0037_0037.jpg 1 56 48 37 37
0583_0056_0038_0036_0036.jpg 1 56 38 36 36
0584_0023_0018_0054_0054.jpg 1 23 18 54 54
0585_0035_0018_0043_0043.jpg 1 35 18 43 43
0586_0044_0013_0043_0043.jpg 1 44 13 43 43
0587_0016_0043_0046_0046.jpg 1 16 43 46 46
0588_0027_0028_0064_0064.jpg 1 27 28 64 64
0589_0009_0030_0058_0058.jpg 1 9 30 58 58
0590_0007_0008_0060_0060.jpg 1 7 8 60 60
0591_0042_0045_0043_0043.jpg 1 42 45 43 43
0592_0006_0015_0069_0069.jpg 1 6 15 69 69
0593_0012_0035_0053_0053.jpg 1 12 35 53 53
0594_0056_0019_0024_0024.jpg 1 56 19 24 24
0595_0015_0028_0061_0061.jpg 1 15 28 61 61
0596_0046_0046_0045_0045.jpg 1 46 46 45 45
0597_0025_0012_0032_0032.jpg 1 25 12 32 32
0598_0058_0055_0033_0033.jpg 1 58 55 33 33
0599_0015_0011_0062_0062.jpg 1 15 11 62 62
0600_0034_0038_0036_0036.jpg 1 34 38 36 36
0601_0008_0047_0030_0030.jpg 1 8 47 30 30
0602_0024_0009_0038_0038.jpg 1 24 9 38 38
0603_0023_0018_0066_0066.jpg 1 23 18 66 66
0604_0043_0053_0040_0040.jpg 1 43 53 40 40
0605_0026_0029_0067_0067.jpg 1 26 29 67 67
0606_0018_0008_0053_0053.jpg 1 18 8 53 53
0607_0031_0039_0046_0046.jpg 1 31 39 46 46
0608_0005_0011_0067_0067.jpg 1 5 11 67 67
0609_0011_0018_0055_0055.jpg 1 11 18 55 55
0610_0034_0045_0026_0026.jpg 1 34 45 26 26
0611_0031_0059_0030_0030.jpg 1 31 59 30 30
0612_0039_0025_0035_0035.jpg 1 39 25 35 35
0613_0027_0025_0052_0052.jpg 1 27 25 52 52
0614_0005_0022_0059_0059.jpg 1 5 22 59 59
0615_0048_0013_0034_0034.jpg 1 48 13 34 34
0616_0019_0007_0067_0067.jpg 1 19 7 67 67
0617_0034_0053_0038_0038.jpg 1 34 53 38 38
0618_0039_0032_0024_0024.jpg 1 39 32 24 24
0619_0039_0022_0041_0041.jpg 1 39 22 41 41
0620_0013_0005_0069_0069.jpg 1 13 5 69 69
0621_0027_0005_0057_0057.jpg 1 27 5 57 57
0622_0027_0015_0049_0049.jpg 1 27 15 49 49
0623_0014_0008_0068_0068.jpg 1 14 8 68 68
0624_0052_0021_0040_0040.jpg 1 52 21 40 40
0625_0017_0011_0043_0043.jpg 1 17 11 43 43
0626_0014_0033_0045_0045.jpg 1 14 33 45 45
0627_0034_0028_0041_0041.jpg 1 34 28 41 41
0628_0015_0028_0055_0055.jpg 1 15 28 55 55
0629_0022_0036_0025_0025.jpg 1 22 36 25 25
0630_0031_0016_0065_0065.jpg 1 31 16 65 65
0631_0007_0037_0031_0031.jpg 1 7 37 31 31
0632_0055_0031_0026_0026.jpg 1 55 31 26 26
0633_0024_0013_0069_0069.jpg 1 24 13 69 69
0634_0044_0023_0031_0031.jpg 1 44 23 31 31
0635_0011_0010_0055_0055.jpg 1 11 10 55 55
0636_0007_0013_0063_0063.jpg 1 7 13 63 63
0637_0038_0009_0048_0048.jpg 1 38 9 48 48
0638_0032_0042_0027_0027.jpg 1 32 42 27 27
0639_0040_0005_0049_0049.jpg 1 40 5 49 49
0640_0016_0029_0053_0053.jpg 1 16 29 53 53
0641_0042_0037_0036_0036.jpg 1 42 37 36 36
0642_0033_0007_0063_0063.jpg 1 33 7 63 63
0643_0036_0035_0047_0047.jpg 1 36 35 47 47
0644_0047_0009_0028_0028.jpg 1 47 9 28 28
0645_0017_0035_0055_0055.jpg 1 17 35 55 55
0646_0015_0049_0042_0042.jpg 1 15 49 42 42
0647_0027_0032_0045_0045.jpg 1 27 32 45 45
0648_0022_0014_0050_0050.jpg 1 22 14 50 50
0649_0032_0014_0050_0050.jpg 1 32 14 50 50
0650_0049_0020_0034_0034.jpg 1 49 20 34 34
0651_0018_0025_0046_0046.jpg 1 18 25 46 46
0652_0032_0010_0052_0052.jpg 1 32 10 52 52
0653_0014_0014_0067_0067.jpg 1 14 14 67 67
0654_0054_0013_0029_0029.jpg 1 54 13 29 29
0655_0031_0017_0055_0055.jpg 1 31 17 55 55
0656_0044_0036_0042_0042.jpg 1 44 36 42 42
0657_0009_0035_0056_0056.jpg 1 9 35 56 56
0658_0013_0037_0055_0055.jpg 1 13 37 55 55
0659_0026_0009_0046_0046.jpg 1 26 9 46 46
0660_0029_0048_0043_0043.jpg 1 29 48 43 43
0661_0010_0026_0045_0045.jpg 1 10 26 45 45
0662_0056_0013_0032_0032.jpg 1 56 13 32 32
0663_0019_0027_0065_0065.jpg 1 19 27 65 65
0664_0026_0009_0067_0067.jpg 1 26 9 67 67
0665_0033_0035_0039_0039.jpg 1 33 35 39 39
0666_0046_0052_0030_0030.jpg 1 46 52 30 30
0667_0023_0024_0067_0067.jpg 1 23 24 67 67
0668_0033_0035_0051_0051.jpg 1 33 35 51 51
0669_0020_0039_0042_0042.jpg 1 20 39 42 42
0670_0026_0009_0048_0048.jpg 1 26 9 48 48
0671_0027_0012_0064_0064.jpg 1 27 12 64 64
0672_0014_0006_0057_0057.jpg 1 14 6 57 57
0673_0011_0013_0066_0066.jpg 1 11 13 66 66
0674_0055_0047_0031_0031.jpg 1 55 47 31 31
0675_0010_0018_0062_0062.jpg 1 10 18 62 62
0676_0050_0053_0040_0040.jpg 1 50 53 40 40
0677_0019_0043_0047_0047.jpg 1 19 43 47 47
0678_0011_0020_0039_0039.jpg 1 11 20 39 39
0679_0011_0008_0043_0043.jpg 1 11 8 43 43
0680_0027_0031_0065_0065.jpg 1 27 31 65 65
0681_0034_0011_0061_0061.jpg 1 34 11 61 61
0682_0031_0060_0024_0024.jpg 1 31 60 24 24
0683_0035_0021_0053_0053.jpg 1 35 21 53 53
0684_0025_0039_0035_0035.jpg 1 25 39 35 35
0685_0005_0012_0054_0054.jpg 1 5 12 54 54
0686_0049_0024_0037_0037.jpg 1 49 24 37 37
0687_0027_0007_0057_0057.jpg 1 27 7 57 57
0688_0042_0014_0039_0039.jpg 1 42 14 39 39
0689_0045_0009_0048_0048.jpg 1 45 9 48 48
0690_0007_0010_0065_0065.jpg 1 7 10 65 65
0691_0033_0035_0044_0044.jpg 1 33 35 44 44
0692_0028_0041_0046_0046.jpg 1 28 41 46 46
0693_0023_0054_0027_0027.jpg 1 23 54 27 27
0694_0048_0014_0046_0046.jpg 1 48 14 46 46
0695_0017_0029_0032_0032.jpg 1 17 29 32 32
0696_0025_0015_0059_0059.jpg 1 25 15 59 59
0697_0008_0034_0038_0038.jpg 1 8 34 38 38
0698_0034_0035_0058_0058.jpg 1 34 35 58 58
0699_0012_0050_0040_0040.jpg 1 12 50 40 40
0700_0010_0030_0063_0063.jpg 1 10 30 63 63
0701_0059_0010_0030_0030.jpg 1 59 10 30 30
0702_0032_0034_0041_0041.jpg 1 32 34 41 41
0703_0017_0026_0063_0063.jpg 1 17 26 63 63
0704_0004_0028_0058_0058.jpg 1 4 28 58 58
0705_0033_0036_0036_0036.jpg 1 33 36 36 36
0706_0030_0026_0058_0058.jpg 1 30 26 58 58
0707_0031_0019_0048_0048.jpg 1 31 19 48 48
0708_0013_0029_0038_0038.jpg 1 13 29 38 38
0709_0022_0014_0050_0050.jpg 1 22 14 50 50
0710_0026_0043_0036_0036.jpg 1 26 43 36 36
0711_0037_0010_0032_0032.jpg 1 37 10 32 32
0712_0019_0026_0069_0069.jpg 1 19 26 69 69
0713_0010_0025_0066_0066.jpg 1 10 25 66 66
0714_0028_0021_0066_0066.jpg 1 28 21 66 66
0715_0018_0038_0044_0044.jpg 1 18 38 44 44
0716_0032_0010_0049_0049.jpg 1 32 10 49 49
0717_0040_0032_0046_0046.jpg 1 40 32 46 46
0718_0028_0036_0055_0055.jpg 1 28 36 55 55
0719_0035_0009_0051_0051.jpg 1 35 9 51 51
0720_0012_0045_0029_0029.jpg 1 12 45 29 29
0721_0008_0023_0057_0057.jpg 1 8 23 57 57
0722_0012_0017_0052_0052.jpg 1 12 17 52 52
0723_0019_0032_0064_0064.jpg 1 19 32 64 64
0724_0056_0012_0033_0033.jpg 1 56 12 33 33
0725_0031_0031_0048_0048.jpg 1 31 31 48 48
0726_0010_0010_0052_0052.jpg 1 10 10 52 52
0727_0021_0011_0056_0056.jpg 1 21 11 56 56
0728_0028_0057_0035_0035.jpg 1 28 57 35 35
0729_0009_0009_0036_0036.jpg 1 9 9 36 36
0730_0017_0009_0064_0064.jpg 1 17 9 64 64
0731_0027_0051_0026_0026.jpg 1 27 51 26 26
0732_0033_0021_0059_0059.jpg 1 33 21 59 59
0733_0022_0014_0039_0039.jpg 1 22 14 39 39
0734_0036_0031_0049_0049.jpg 1 36 31 49 49
0735_0023_0028_0032_0032.jpg 1 23 28 32 32
0736_0027_0050_0040_0040.jpg 1 27 50 40 40
0737_0046_0049_0044_0044.jpg 1 46 49 44 44
0738_0010_0031_0053_0053.jpg 1 10 31 53 53
0739_0034_0014_0045_0045.jpg 1 34 14 45 45
0740_0024_0036_0053_0053.jpg 1 24 36 53 53
0741_0025_0015_0063_0063.jpg 1 25 15 63 63
0742_0061_0052_0030_0030.jpg 1 61 52 30 30
0743_0041_0005_0048_0048.jpg 1 41 5 48 48
0744_0029_0016_0042_0042.jpg 1 29 16 42 42
0745_0034_0041_0048_0048.jpg 1 34 41 48 48
0746_0027_0023_0038_0038.jpg 1 27 23 38 38
0747_0021_0030_0039_0039.jpg 1 21 30 39 39
0748_0044_0020_0050_0050.jpg 1 44 20 50 50
0749_0035_0020_0043_0043.jpg 1 35 20 43 43
0750_0020_0052_0026_0026.jpg 1 20 52 26 26
0751_0025_0020_0059_0059.jpg 1 25 20 59 59
0752_0048_0059_0025_0025.jpg 1 48 59 25 25
0753_0005_0021_0068_0068.jpg 1 5 21 68 68
0754_0005_0017_0049_0049.jpg 1 5 17 49 49
0755_0024_0020_0043_0043.jpg 1 24 20 43 43
0756_0009_0030_0062_0062.jpg 1 9 30 62 62
0757_0038_0048_0030_0030.jpg 1 38 48 30 30
0758_0029_0039_0051_0051.jpg 1 29 39 51 51
0759_0054_0012_0035_0035.jpg 1 54 12 35 35
0760_0029_0039_0029_0029.jpg 1 29 39 29 29
0761_0044_0042_0047_0047.jpg 1 44 42 47 47
0762_0040_0019_0052_0052.jpg 1 40 19 52 52
0763_0010_0026_0054_0054.jpg 1 10 26 54 54
0764_0033_0040_0052_0052.jpg 1 33 40 52 52
0765_0021_0016_0066_0066.jpg 1 21 16 66 66
0766_0026_0059_0025_0025.jpg 1 26 59 25 25
0767_0012_0027_0053_0053.jpg 1 12 27 53 53
0768_0052_0031_0038_0038.jpg 1 52 31 38 38
0769_0009_0015_0032_0032.jpg 1 9 15 32 32
0770_0034_0046_0039_0039.jpg 1 34 46 39 39
0771_0021_0024_0033_0033.jpg 1 21 24 33 33
0772_0039_0016_0024_0024.jpg 1 39 16 24 24
0773_0008_0018_0052_0052.jpg 1 8 18 52 52
0774_0030_0041_0049_0049.jpg 1 30 41 49 49
0775_0024_0026_0048_0048.jpg 1 24 26 48 48
0776_0009_0003_0067_0067.jpg 1 9 3 67 67
0777_0014_0021_0055_0055.jpg 1 14 21 55 55
0778_0027_0009_0068_0068.jpg 1 27 9 68 68
0779_0030_0023_0028_0028.jpg 1 30 23 28 28
0780_0034_0024_0051_0051.jpg 1 34 24 51 51
0781_0026_0019_0065_0065.jpg 1 26 19 65 65
0782_0031_0006_0044_0044.jpg 1 31 6 44 44
0783_0039_0034_0053_0053.jpg 1 39 34 53 53
0784_0036_0016_0048_0048.jpg 1 36 16 48 48
0785_0031_0047_0040_0040.jpg 1 31 47 40 40
0786_0043_0009_0035_0035.jpg 1 43 9 35 35
0787_0010_0009_0030_0030.jpg 1 10 9 30 30
0788_0031_0036_0058_0058.jpg 1 31 36 58 58
0789_0017_0048_0033_0033.jpg 1 17 48 33 33
0790_0013_0021_0067_0067.jpg 1 13 21 67 67
0791_0044_0038_0037_0037.jpg 1 44 38 37 37
0792_0040_0055_0036_0036.jpg 1 40 55 36 36
0793_0008_0012_0028_0028.jpg 1 8 12 28 28
0794_0042_0047_0024_0024.jpg 1 42 47 24 24
0795_0011_0031_0060_0060.jpg 1 11 31 60 60
0796_0022_0007_0065_0065.jpg 1 22 7 65 65
0797_0042_0020_0028_0028.jpg 1 42 20 28 28
0798_0017_0015_0069_0069.jpg 1 17 15 69 69
0799_0027_0036_0057_0057.jpg 1 27 36 57 57
0800_0040_0035_0050_0050.jpg 1 40 35 50 50
0801_0039_0020_0042_0042.jpg 1 39 20 42 42
0802_0008_0004_0065_0065.jpg 1 8 4 65 65
0803_0009_0018_0065_0065.jpg 1 9 18 65 65
0804_0011_0013_0057_0057.jpg 1 11 13 57 57
0805_0032_0038_0040_0040.jpg 1 32 38 40 40
0806_0048_0049_0042_0042.jpg 1 48 49 42 42
0807_0027_0039_0041_0041.jpg 1 27 39 41 41
0808_0034_0017_0058_0058.jpg 1 34 17 58 58
0809_0014_0028_0046_0046.jpg 1 14 28 46 46
0810_0051_0032_0033_0033.jpg 1 51 32 33 33
0811_0030_0036_0058_0058.jpg 1 30 36 58 58
0812_0044_0011_0032_0032.jpg 1 44 11 32 32
0813_0056_0047_0037_0037.jpg 1 56 47 37 37
0814_0024_0036_0049_0049.jpg 1 24 36 49 49
0815_0029_0032_0029_0029.jpg 1 29 32 29 29
0816_0004_0007_0058_0058.jpg 1 4 7 58 58
0817_0014_0027_0052_0052.jpg 1 14 27 52 52
0818_0012_0014_0062_0062.jpg 1 12 14 62 62
0819_0006_0038_0037_0037.jpg 1 6 38 37 37
0820_0025_0014_0060_0060.jpg 1 25 14 60 60
0821_0013_0037_0046_0046.jpg 1 13 37 46 46
0822_0033_0030_0048_0048.jpg 1 33 30 48 48
0823_0032_0007_0064_0064.jpg 1 32 7 64 64
0824_0031_0015_0059_0059.jpg 1 31 15 59 59
0825_0030_0012_0032_0032.jpg 1 30 12 32 32
0826_0019_0037_0051_0051.jpg 1 19 37 51 51
0827_0012_0026_0032_0032.jpg 1 12 26 32 32
0828_0028_0027_0042_0042.jpg 1 28 27 42 42
0829_0021_0014_0045_0045.jpg 1 21 14 45 45
0830_0013_0014_0065_0065.jpg 1 13 14 65 65
0831_0035_0016_0056_0056.jpg 1 35 16 56 56
0832_0033_0032_0044_0044.jpg 1 33 32 44 44
0833_0011_0015_0056_0056.jpg 1 11 15 56 56
0834_0063_0025_0028_0028.jpg 1 63 25 28 28
0835_0033_0032_0063_0063.jpg 1 33 32 63 63
0836_0035_0046_0036_0036.jpg 1 35 46 36 36
0837_0018_0042_0047_0047.jpg 1 18 42 47 47
0838_0013_0030_0065_0065.jpg 1 13 30 65 65
0839_0054_0059_0031_0031.jpg 1 54 59 31 31
0840_0009_0016_0056_0056.jpg 1 9 16 56 56
0841_0034_0031_0060_0060.jpg 1 34 31 60 60
0842_0064_0019_0027_0027.jpg 1 64 19 27 27
0843_0012_0024_0068_0068.jpg 1 12 24 68 68
0844_0016_0016_0044_0044.jpg 1 16 16 44 44
0845_0042_0012_0044_0044.jpg 1 42 12 44 44
0846_0045_0035_0035_0035.jpg 1 45 35 35 35
0847_0049_0026_0043_0043.jpg 1 49 26 43 43
0848_0005_0023_0048_0048.jpg 1 5 23 48 48
0849_0010_0013_0059_0059.jpg 1 10 13 59 59
0850_0019_0004_0061_0061.jpg 1 19 4 61 61
0851_0053_0035_0029_0029.jpg 1 53 35 29 29
0852_0025_0037_0046_0046.jpg 1 25 37 46 46
0853_0037_0031_0053_0053.jpg 1 37 31 53 53
0854_0036_0013_0057_0057.jpg 1 36 13 57 57
0855_0027_0048_0042_0042.jpg 1 27 48 42 42
0856_0025_0034_0043_0043.jpg 1 25 34 43 43
0857_0024_0026_0025_0025.jpg 1 24 26 25 25
0858_0020_0034_0060_0060.jpg 1 20 34 60 60
0859_0033_0022_0051_0051.jpg 1 33 22 51 51
0860_0021_0035_0059_0059.jpg 1 21 35 59 59
0861_0008_0013_0065_0065.jpg 1 8 13 65 65
0862_0044_0008_0030_0030.jpg 1 44 8 30 30
0863_0007_0006_0055_0055.jpg 1 7 6 55 55
0864_0028_0039_0054_0054.jpg 1 28 39 54 54
0865_0009_0036_0051_0051.jpg 1 9 36 51 51
0866_0003_0017_0068_0068.jpg 1 3 17 68 68
0867_0029_0018_0067_0067.jpg 1 29 18 67 67
0868_0016_0019_0057_0057.jpg 1 16 19 57 57
0869_0034_0019_0043_0043.jpg 1 34 19 43 43
0870_0046_0015_0035_0035.jpg 1 46 15 35 35
0871_0009_0028_0057_0057.jpg 1 9 28 57 57
0872_0051_0019_0029_0029.jpg 1 51 19 29 29
0873_0050_0023_0034_0034.jpg 1 50 23 34 34
0874_0047_0036_0032_0032.jpg 1 47 36 32 32
0875_0020_0025_0068_0068.jpg 1 20 25 68 68
0876_0012_0059_0029_0029.jpg 1 12 59 29 29
0877_0046_0028_0029_0029.jpg 1 46 28 29 29
0878_0043_0016_0040_0040.jpg 1 43 16 40 40
0879_0018_0035_0038_0038.jpg 1 18 35 38 38
0880_0025_0014_0038_0038.jpg 1 25 14 38 38
0881_0045_0029_0035_0035.jpg 1 45 29 35 35
0882_0026_0020_0068_0068.jpg 1 26 20 68 68
0883_0042_0025_0027_0027.jpg 1 42 25 27 27
0884_0006_0048_0041_0041.jpg 1 6 48 41 41
0885_0003_0031_0064_0064.jpg 1 3 31 64 64
0886_0009_0008_0069_0069.jpg 1 9 8 69 69
0887_0056_0064_0024_0024.jpg 1 56 64 24 24
0888_0037_0032_0055_0055.jpg 1 37 32 55 55
0889_0017_0015_0057_0057.jpg 1 17 15 57 57
0890_0020_0033_0059_0059.jpg 1 20 33 59 59
0891_0065_0023_0027_0027.jpg 1 65 23 27 27
0892_0023_0021_0047_0047.jpg 1 23 21 47 47
0893_0015_0016_0038_0038.jpg 1 15 16 38 38
0894_0054_0013_0031_0031.jpg 1 54 13 31 31
0895_0030_0025_0062_0062.jpg 1 30 25 62 62
0896_0040_0033_0044_0044.jpg 1 40 33 44 44
0897_0019_0021_0051_0051.jpg 1 19 21 51 51
0898_0011_0027_0061_0061.jpg 1 11 27 61 61
0899_0040_0030_0044_0044.jpg 1 40 30 44 44
0900_0041_0029_0031_0031.jpg 1 41 29 31 31
0901_0024_0007_0066_0066.jpg 1 24 7 66 66
0902_0013_0020_0038_0038.jpg 1 13 20 38 38
0903_0016_0046_0029_0029.jpg 1 16 46 29 29
0904_0019_0009_0041_0041.jpg 1 19 9 41 41
0905_0039_0058_0025_0025.jpg 1 39 58 25 25
0906_0032_0028_0046_0046.jpg 1 32 28 46 46
0907_0009_0049_0027_0027.jpg 1 9 49 27 27
0908_0031_0035_0048_0048.jpg 1 31 35 48 48
0909_0023_0013_0069_0069.jpg 1 23 13 69 69
0910_0026_0031_0049_0049.jpg 1 26 31 49 49
0911_0021_0034_0057_0057.jpg 1 21 34 57 57
0912_0018_0024_0038_0038.jpg 1 18 24 38 38
0913_0038_0060_0032_0032.jpg 1 38 60 32 32
0914_0024_0023_0029_0029.jpg 1 24 23 29 29
0915_0028_0048_0031_0031.jpg 1 28 48 31 31
0916_0053_0023_0040_0040.jpg 1 53 23 40 40
0917_0019_0032_0049_0049.jpg 1 19 32 49 49
0918_0025_0038_0047_0047.jpg 1 25 38 47 47
0919_0015_0008_0050_0050.jpg 1 15 8 50 50
0920_0023_0019_0068_0068.jpg 1 23 19 68 68
0921_0013_0027_0067_0067.jpg 1 13 27 67 67
0922_0045_0024_0035_0035.jpg 1 45 24 35 35
0923_0059_0011_0024_0024.jpg 1 59 11 24 24
0924_0031_0023_0043_0043.jpg 1 31 23 43 43
0925_0006_0006_0049_0049.jpg 1 6 6 49 49
0926_0009_0046_0038_0038.jpg 1 9 46 38 38
0927_0016_0022_0046_0046.jpg 1 16 22 46 46
0928_0048_0012_0045_0045.jpg 1 48 12 45 45
0929_0042_0017_0029_0029.jpg 1 42 17 29 29
0930_0015_0015_0033_0033.jpg 1 15 15 33 33
0931_0021_0049_0036_0036.jpg 1 21 49 36 36
0932_0057_0052_0035_0035.jpg 1 57 52 35 35
0933_0005_0022_0053_0053.jpg 1 5 22 53 53
0934_0010_0012_0056_0056.jpg 1 10 12 56 56
0935_0051_0055_0031_0031.jpg 1 51 55 31 31
0936_0014_0029_0064_0064.jpg 1 14 29 64 64
0937_0021_0018_0067_0067.jpg 1 21 18 67 67
0938_0050_0025_0036_0036.jpg 1 50 25 36 36
0939_0008_0044_0049_0049.jpg 1 8 44 49 49
0940_0039_0016_0047_0047.jpg 1 39 16 47 47
0941_0021_0004_0056_0056.jpg 1 21 4 56 56
0942_0025_0006_0049_0049.jpg 1 25 6 49 49
0943_0010_0019_0031_0031.jpg 1 10 19 31 31
0944_0006_0016_0061_0061.jpg 1 6 16 61 61
0945_0046_0017_0030_0030.jpg 1 46 17 30 30
0946_0006_0013_0040_0040.jpg 1 6 13 40 40
0947_0036_0031_0044_0044.jpg 1 36 31 44 44
0948_0017_0021_0039_0039.jpg 1 17 21 39 39
0949_0011_0016_0026_0026.jpg 1 11 16 26 26
0950_0003_0012_0066_0066.jpg 1 3 12 66 66
0951_0018_0021_0036_0036.jpg 1 18 21 36 36
0952_0031_0007_0059_0059.jpg 1 31 7 59 59
0953_0065_0067_0025_0025.jpg 1 65 67 25 25
0954_0046_0033_0031_0031.jpg 1 46 33 31 31
0955_0014_0018_0038_0038.jpg 1 14 18 38 38
0956_0015_0026_0056_0056.jpg 1 15 26 56 56
0957_0010_0034_0039_0039.jpg 1 10 34 39 39
0958_0030_0018_0053_0053.jpg 1 30 18 53 53
0959_0033_0012_0057_0057.jpg 1 33 12 57 57
0960_0021_0016_0058_0058.jpg 1 21 16 58 58
0961_0006_0015_0065_0065.jpg 1 6 15 65 65
0962_0057_0062_0028_0028.jpg 1 57 62 28 28
0963_0038_0037_0056_0056.jpg 1 38 37 56 56
0964_0052_0009_0025_0025.jpg 1 52 9 25 25
0965_0010_0021_0040_0040.jpg 1 10 21 40 40
0966_0008_0026_0050_0050.jpg 1 8 26 50 50
0967_0054_0057_0024_0024.jpg 1 54 57 24 24
0968_0043_0040_0031_0031.jpg 1 43 40 31 31
0969_0023_0006_0045_0045.jpg 1 23 6 45 45
0970_0025_0010_0050_0050.jpg 1 25 10 50 50
0971_0027_0034_0036_0036.jpg 1 27 34 36 36
0972_0025_0015_0036_0036.jpg 1 25 15 36 36
0973_0027_0023_0027_0027.jpg 1 27 23 27 27
0974_0016_0026_0066_0066.jpg 1 16 26 66 66
0975_0017_0013_0065_0065.jpg 1 17 13 65 65
0976_0032_0021_0050_0050.jpg 1 32 21 50 50
0977_0009_0038_0050_0050.jpg 1 9 38 50 50
0978_0028_0042_0027_0027.jpg 1 28 42 27 27
0979_0050_0048_0029_0029.jpg 1 50 48 29 29
0980_0004_0023_0065_0065.jpg 1 4 23 65 65
0981_0033_0018_0043_0043.jpg 1 33 18 43 43
0982_0024_0035_0055_0055.jpg 1 24 35 55 55
0983_0031_0044_0045_0045.jpg 1 31 44 45 45
0984_0024_0009_0068_0068.jpg 1 24 9 68 68
0985_0039_0011_0044_0044.jpg 1 39 11 44 44
0986_0018_0031_0062_0062.jpg 1 18 31 62 62
0987_0003_0023_0068_0068.jpg 1 3 23 68 68
0988_0025_0013_0066_0066.jpg 1 25 13 66 66
0989_0007_0048_0036_0036.jpg 1 7 48 36 36
0990_0024_0047_0043_0043.jpg 1 24 47 43 43
0991_0047_0024_0027_0027.jpg 1 47 24 27 27
0992_0011_0047_0044_0044.jpg 1 11 47 44 44
0993_0049_0038_0040_0040.jpg 1 49 38 40 40
0994_0018_0029_0036_0036.jpg 1 18 29 36 36
0995_0035_0037_0050_0050.jpg 1 35 37 50 50
0996_0015_0003_0063_0063.jpg 1 15 3 63 63
0997_0014_0021_0066_0066.jpg 1 14 21 66 66
0998_0019_0010_0037_0037.jpg 1 19 10 37 37
0999_0011_0013_0054_0054.jpg 1 11 13 54 54
1000_0020_0017_0068_0068.jpg 1 20 17 68 68
1001_0024_0026_0054_0054.jpg 1 24 26 54 54
1002_0053_0058_0028_0028.jpg 1 53 58 28 28
1003_0024_0010_0031_0031.jpg 1 24 10 31 31
1004_0010_0050_0039_0039.jpg 1 10 50 39 39
1005_0022_0032_0033_0033.jpg 1 22 32 33 33
1006_0041_0028_0036_0036.jpg 1 41 28 36 36
1007_0013_0035_0052_0052.jpg 1 13 35 52 52
1008_0012_0037_0046_0046.jpg 1 12 37 46 46
1009_0018_0022_0064_0064.jpg 1 18 22 64 64
1010_0015_0040_0047_0047.jpg 1 15 40 47 47
1011_0024_0037_0033_0033.jpg 1 24 37 33 33
1012_0014_0012_0038_0038.jpg 1 14 12 38 38
1013_0031_0029_0048_0048.jpg 1 31 29 48 48
1014_0007_0059_0030_0030.jpg 1 7 59 30 30
1015_0033_0049_0032_0032.jpg 1 33 49 32 32
1016_0044_0038_0036_0036.jpg 1 44 38 36 36
1017_0030_0025_0033_0033.jpg 1 30 25 33 33
1018_0023_0053_0029_0029.jpg 1 23 53 29 29
1019_0049_0041_0026_0026.jpg 1 49 41 26 26
1020_0006_0024_0056_0056.jpg 1 6 24 56 56
1021_0055_0019_0035_0035.jpg 1 55 19 35 35
1022_0045_0022_0048_0048.jpg 1 45 22 48 48
1023_0038_0037_0055_0055.jpg 1 38 37 55 55
1024_0007_0031_0061_0061.jpg 1 7 31 61 61
1025_0016_0032_0063_0063.jpg 1 16 32 63 63
1026_0047_0008_0025_0025.jpg 1 47 8 25 25
1027_0028_0055_0030_0030.jpg 1 28 55 30 30
1028_0010_0027_0058_0058.jpg 1 10 27 58 58
1029_0027_0032_0042_0042.jpg 1 27 32 42 42
1030_0007_0015_0060_0060.jpg 1 7 15 60 60
1031_0020_0011_0028_0028.jpg 1 20 11 28 28
1032_0030_0016_0032_0032.jpg 1 30 16 32 32
1033_0010_0018_0062_0062.jpg 1 10 18 62 62
1034_0020_0037_0048_0048.jpg 1 20 37 48 48
1035_0014_0003_0067_0067.jpg 1 14 3 67 67
1036_0013_0010_0064_0064.jpg 1 13 10 64 64
1037_0010_0017_0034_0034.jpg 1 10 17 34 34
1038_0035_0040_0035_0035.jpg 1 35 40 35 35
1039_0022_0035_0056_0056.jpg 1 22 35 56 56
1040_0043_0017_0027_0027.jpg 1 43 17 27 27
1041_0035_0044_0042_0042.jpg 1 35 44 42 42
1042_0026_0041_0047_0047.jpg 1 26 41 47 47
1043_0009_0029_0047_0047.jpg 1 9 29 47 47
1044_0040_0019_0053_0053.jpg 1 40 19 53 53
1045_0020_0009_0068_0068.jpg 1 20 9 68 68
1046_0019_0014_0049_0049.jpg 1 19 14 49 49
1047_0033_0044_0026_0026.jpg 1 33 44 26 26
1048_0027_0016_0062_0062.jpg 1 27 16 62 62
1049_0012_0031_0053_0053.jpg 1 12 31 53 53
1050_0007_0049_0032_0032.jpg 1 7 49 32 32
1051_0010_0022_0048_0048.jpg 1 10 22 48 48
1052_0019_0013_0055_0055.jpg 1 19 13 55 55
1053_0041_0050_0029_0029.jpg 1 41 50 29 29
1054_0056_0055_0036_0036.jpg 1 56 55 36 36
1055_0004_0018_0062_0062.jpg 1 4 18 62 62
1056_0024_0013_0050_0050.jpg 1 24 13 50 50
1057_0006_0035_0042_0042.jpg 1 6 35 42 42
1058_0007_0056_0035_0035.jpg 1 7 56 35 35
1059_0017_0016_0058_0058.jpg 1 17 16 58 58
1060_0043_0024_0029_0029.jpg 1 43 24 29 29
1061_0028_0035_0058_0058.jpg 1 28 35 58 58
1062_0019_0017_0045_0045.jpg 1 19 17 45 45
1063_0027_0038_0036_0036.jpg 1 27 38 36 36
1064_0011_0013_0068_0068.jpg 1 11 13 68 68
1065_0031_0019_0059_0059.jpg 1 31 19 59 59
1066_0039_0023_0051_0051.jpg 1 39 23 51 51
1067_0017_0008_0054_0054.jpg 1 17 8 54 54
1068_0020_0015_0066_0066.jpg 1 20 15 66 66
1069_0009_0007_0036_0036.jpg 1 9 7 36 36
1070_0019_0027_0068_0068.jpg 1 19 27 68 68
1071_0059_0044_0029_0029.jpg 1 59 44 29 29
1072_0008_0020_0040_0040.jpg 1 8 20 40 40
1073_0023_0047_0043_0043.jpg 1 23 47 43 43
1074_0049_0061_0032_0032.jpg 1 49 61 32 32
1075_0032_0028_0035_0035.jpg 1 32 28 35 35
1076_0008_0022_0058_0058.jpg 1 8 22 58 58
1077_0007_0013_0050_0050.jpg 1 7 13 50 50
1078_0026_0037_0050_0050.jpg 1 26 37 50 50
1079_0009_0018_0066_0066.jpg 1 9 18 66 66
1080_0045_0046_0044_0044.jpg 1 45 46 44 44
1081_0020_0051_0027_0027.jpg 1 20 51 27 27
1082_0039_0049_0028_0028.jpg 1 39 49 28 28
1083_0022_0029_0054_0054.jpg 1 22 29 54 54
1084_0011_0053_0029_0029.jpg 1 11 53 29 29
1085_0037_0032_0053_0053.jpg 1 37 32 53 53
1086_0020_0022_0047_0047.jpg 1 20 22 47 47
1087_0009_0008_0059_0059.jpg 1 9 8 59 59
1088_0009_0025_0051_0051.jpg 1 9 25 51 51
1089_0011_0020_0062_0062.jpg 1 11 20 62 62
1090_0023_0015_0069_0069.jpg 1 23 15 69 69
1091_0017_0048_0046_0046.jpg 1 17 48 46 46
1092_0016_0046_0032_0032.jpg 1 16 46 32 32
1093_0004_0033_0051_0051.jpg 1 4 33 51 51
1094_0005_0030_0052_0052.jpg 1 5 30 52 52
1095_0014_0031_0063_0063.jpg 1 14 31 63 63
1096_0003_0016_0068_0068.jpg 1 3 16 68 68
1097_0028_0060_0031_0031.jpg 1 28 60 31 31
1098_0021_0042_0025_0025.jpg 1 21 42 25 25
1099_0023_0006_0036_0036.jpg 1 23 6 36 36
1100_0013_0014_0041_0041.jpg 1 13 14 41 41
1101_0036_0051_0042_0042.jpg 1 36 51 42 42
1102_0017_0053_0024_0024.jpg 1 17 53 24 24
1103_0029_0023_0051_0051.jpg 1 29 23 51 51
1104_0027_0031_0059_0059.jpg 1 27 31 59 59
1105_0029_0024_0050_0050.jpg 1 29 24 50 50
1106_0006_0019_0062_0062.jpg 1 6 19 62 62
1107_0048_0019_0040_0040.jpg 1 48 19 40 40
1108_0018_0009_0059_0059.jpg 1 18 9 59 59
1109_0046_0042_0040_0040.jpg 1 46 42 40 40
1110_0011_0019_0061_0061.jpg 1 11 19 61 61
1111_0045_0042_0031_0031.jpg 1 45 42 31 31
1112_0021_0011_0062_0062.jpg 1 21 11 62 62
1113_0049_0012_0034_0034.jpg 1 49 12 34 34
1114_0060_0050_0030_0030.jpg 1 60 50 30 30
1115_0028_0021_0061_0061.jpg 1 28 21 61 61
1116_0013_0029_0036_0036.jpg 1 13 29 36 36
1117_0043_0018_0026_0026.jpg 1 43 18 26 26
1118_0009_0005_0047_0047.jpg 1 9 5 47 47
1119_0017_0008_0069_0069.jpg 1 17 8 69 69
1120_0006_0011_0052_0052.jpg 1 6 11 52 52
1121_0003_0026_0068_0068.jpg 1 3 26 68 68
1122_0023_0023_0068_0068.jpg 1 23 23 68 68
1123_0035_0025_0030_0030.jpg 1 35 25 30 30
1124_0031_0040_0053_0053.jpg 1 31 40 53 53
1125_0021_0027_0069_0069.jpg 1 21 27 69 69
1126_0025_0008_0053_0053.jpg 1 25 8 53 53
1127_0013_0036_0024_0024.jpg 1 13 36 24 24
1128_0033_0024_0052_0052.jpg 1 33 24 52 52
1129_0026_0013_0066_0066.jpg 1 26 13 66 66
1130_0026_0014_0065_0065.jpg 1 26 14 65 65
1131_0018_0016_0050_0050.jpg 1 18 16 50 50
1132_0022_0033_0056_0056.jpg 1 22 33 56 56
1133_0017_0042_0048_0048.jpg 1 17 42 48 48
1134_0015_0015_0068_0068.jpg 1 15 15 68 68
1135_0011_0007_0066_0066.jpg 1 11 7 66 66
1136_0018_0012_0047_0047.jpg 1 18 12 47 47
1137_0030_0022_0056_0056.jpg 1 30 22 56 56
1138_0051_0040_0037_0037.jpg 1 51 40 37 37
1139_0044_0020_0030_0030.jpg 1 44 20 30 30
1140_0023_0031_0027_0027.jpg 1 23 31 27 27
1141_0038_0042_0042_0042.jpg 1 38 42 42 42
1142_0046_0007_0048_0048.jpg 1 46 7 48 48
1143_0061_0051_0029_0029.jpg 1 61 51 29 29
1144_0031_0025_0028_0028.jpg 1 31 25 28 28
1145_0021_0023_0068_0068.jpg 1 21 23 68 68
1146_0030_0033_0055_0055.jpg 1 30 33 55 55
1147_0008_0015_0068_0068.jpg 1 8 15 68 68
1148_0005_0008_0060_0060.jpg 1 5 8 60 60
1149_0025_0024_0048_0048.jpg 1 25 24 48 48
1150_0008_0053_0039_0039.jpg 1 8 53 39 39
1151_0041_0006_0048_0048.jpg 1 41 6 48 48
1152_0036_0023_0025_0025.jpg 1 36 23 25 25
1153_0019_0018_0063_0063.jpg 1 19 18 63 63
1154_0011_0018_0067_0067.jpg 1 11 18 67 67
1155_0008_0014_0067_0067.jpg 1 8 14 67 67
1156_0051_0041_0036_0036.jpg 1 51 41 36 36
1157_0022_0028_0026_0026.jpg 1 22 28 26 26
1158_0040_0020_0054_0054.jpg 1 40 20 54 54
1159_0038_0010_0033_0033.jpg 1 38 10 33 33
1160_0039_0031_0047_0047.jpg 1 39 31 47 47
1161_0023_0038_0033_0033.jpg 1 23 38 33 33
1162_0018_0009_0058_0058.jpg 1 18 9 58 58
1163_0029_0022_0056_0056.jpg 1 29 22 56 56
1164_0040_0024_0035_0035.jpg 1 40 24 35 35
1165_0022_0021_0051_0051.jpg 1 22 21 51 51
1166_0059_0057_0032_0032.jpg 1 59 57 32 32
1167_0022_0041_0044_0044.jpg 1 22 41 44 44
1168_0043_0042_0045_0045.jpg 1 43 42 45 45
1169_0011_0023_0061_0061.jpg 1 11 23 61 61
1170_0029_0012_0038_0038.jpg 1 29 12 38 38
1171_0016_0028_0054_0054.jpg 1 16 28 54 54
1172_0003_0009_0066_0066.jpg 1 3 9 66 66
1173_0041_0044_0045_0045.jpg 1 41 44 45 45
1174_0008_0023_0057_0057.jpg 1 8 23 57 57
1175_0025_0009_0050_0050.jpg 1 25 9 50 50
1176_0020_0012_0056_0056.jpg 1 20 12 56 56
1177_0003_0011_0061_0061.jpg 1 3 11 61 61
1178_0020_0009_0061_0061.jpg 1 20 9 61 61
1179_0011_0027_0061_0061.jpg 1 11 27 61 61
1180_0027_0026_0068_0068.jpg 1 27 26 68 68
1181_0054_0060_0026_0026.jpg 1 54 60 26 26
1182_0038_0009_0029_0029.jpg 1 38 9 29 29
1183_0031_0006_0060_0060.jpg 1 31 6 60 60
1184_0011_0009_0052_0052.jpg 1 11 9 52 52
1185_0015_0038_0057_0057.jpg 1 15 38 57 57
1186_0006_0028_0060_0060.jpg 1 6 28 60 60
1187_0011_0049_0034_0034.jpg 1 11 49 34 34
1188_0037_0034_0036_0036.jpg 1 37 34 36 36
1189_0014_0006_0063_0063.jpg 1 14 6 63 63
1190_0045_0014_0046_0046.jpg 1 45 14 46 46
1191_0032_0056_0036_0036.jpg 1 32 56 36 36
1192_0035_0035_0034_0034.jpg 1 35 35 34 34
1193_0013_0038_0053_0053.jpg 1 13 38 53 53
1194_0049_0012_0045_0045.jpg 1 49 12 45 45
1195_0037_0035_0047_0047.jpg 1 37 35 47 47
1196_0007_0006_0041_0041.jpg 1 7 6 41 41
1197_0042_0021_0030_0030.jpg 1 42 21 30 30
1198_0007_0020_0043_0043.jpg 1 7 20 43 43
1199_0009_0020_0067_0067.jpg 1 9 20 67 67
1200_0044_0031_0044_0044.jpg 1 44 31 44 44
1201_0008_0030_0061_0061.jpg 1 8 30 61 61
1202_0015_0059_0026_0026.jpg 1 15 59 26 26
1203_0010_0042_0047_0047.jpg 1 10 42 47 47
1204_0035_0013_0029_0029.jpg 1 35 13 29 29
1205_0027_0036_0051_0051.jpg 1 27 36 51 51
1206_0029_0024_0063_0063.jpg 1 29 24 63 63
1207_0008_0039_0056_0056.jpg 1 8 39 56 56
1208_0026_0013_0048_0048.jpg 1 26 13 48 48
1209_0046_0020_0037_0037.jpg 1 46 20 37 37
1210_0042_0043_0038_0038.jpg 1 42 43 38 38
1211_0023_0007_0066_0066.jpg 1 23 7 66 66
1212_0008_0027_0063_0063.jpg 1 8 27 63 63
1213_0009_0029_0049_0049.jpg 1 9 29 49 49
1214_0033_0027_0041_0041.jpg 1 33 27 41 41
1215_0018_0017_0066_0066.jpg 1 18 17 66 66
1216_0040_0046_0026_0026.jpg 1 40 46 26 26
1217_0039_0016_0040_0040.jpg 1 39 16 40 40
1218_0022_0028_0060_0060.jpg 1 22 28 60 60
1219_0047_0033_0032_0032.jpg 1 47 33 32 32
1220_0008_0006_0051_0051.jpg 1 8 6 51 51
1221_0030_0041_0050_0050.jpg 1 30 41 50 50
1222_0027_0020_0055_0055.jpg 1 27 20 55 55
1223_0009_0020_0068_0068.jpg 1 9 20 68 68
1224_0043_0043_0038_0038.jpg 1 43 43 38 38
1225_0008_0009_0064_0064.jpg 1 8 9 64 64
1226_0038_0033_0044_0044.jpg 1 38 33 44 44
1227_0017_0022_0058_0058.jpg 1 17 22 58 58
1228_0044_0060_0031_0031.jpg 1 44 60 31 31
1229_0014_0012_0029_0029.jpg 1 14 12 29 29
1230_0053_0031_0024_0024.jpg 1 53 31 24 24
1231_0026_0016_0065_0065.jpg 1 26 16 65 65
1232_0014_0022_0066_0066.jpg 1 14 22 66 66
1233_0051_0008_0041_0041.jpg 1 51 8 41 41
1234_0046_0012_0033_0033.jpg 1 46 12 33 33
1235_0025_0020_0044_0044.jpg 1 25 20 44 44
1236_0035_0016_0056_0056.jpg 1 35 16 56 56
1237_0035_0037_0044_0044.jpg 1 35 37 44 44
1238_0057_0019_0030_0030.jpg 1 57 19 30 30
1239_0010_0032_0039_0039.jpg 1 10 32 39 39
1240_0026_0008_0061_0061.jpg 1 26 8 61 61
1241_0027_0046_0027_0027.jpg 1 27 46 27 27
1242_0027_0042_0049_0049.jpg 1 27 42 49 49
1243_0031_0020_0058_0058.jpg 1 31 20 58 58
1244_0034_0008_0054_0054.jpg 1 34 8 54 54
1245_0023_0027_0069_0069.jpg 1 23 27 69 69
1246_0015_0004_0069_0069.jpg 1 15 4 69 69
1247_0057_0054_0028_0028.jpg 1 57 54 28 28
1248_0020_0031_0057_0057.jpg 1 20 31 57 57
1249_0026_0015_0054_0054.jpg 1 26 15 54 54
1250_0041_0048_0040_0040.jpg 1 41 48 40 40
1251_0023_0045_0029_0029.jpg 1 23 45 29 29
1252_0032_0014_0046_0046.jpg 1 32 14 46 46
1253_0007_0015_0042_0042.jpg 1 7 15 42 42
1254_0016_0040_0039_0039.jpg 1 16 40 39 39
1255_0022_0024_0064_0064.jpg 1 22 24 64 64
1256_0018_0008_0064_0064.jpg 1 18 8 64 64
1257_0008_0019_0056_0056.jpg 1 8 19 56 56
1258_0017_0015_0045_0045.jpg 1 17 15 45 45
1259_0022_0012_0051_0051.jpg 1 22 12 51 51
1260_0039_0006_0041_0041.jpg 1 39 6 41 41
1261_0037_0018_0026_0026.jpg 1 37 18 26 26
1262_0033_0024_0032_0032.jpg 1 33 24 32 32
1263_0015_0017_0069_0069.jpg 1 15 17 69 69
1264_0042_0046_0045_0045.jpg 1 42 46 45 45
1265_0047_0009_0043_0043.jpg 1 47 9 43 43
1266_0007_0048_0031_0031.jpg 1 7 48 31 31
1267_0032_0025_0027_0027.jpg 1 32 25 27 27
1268_0020_0027_0036_0036.jpg 1 20 27 36 36
1269_0043_0011_0048_0048.jpg 1 43 11 48 48
1270_0017_0018_0064_0064.jpg 1 17 18 64 64
1271_0027_0035_0052_0052.jpg 1 27 35 52 52
1272_0022_0005_0067_0067.jpg 1 22 5 67 67
1273_0042_0015_0051_0051.jpg 1 42 15 51 51
1274_0031_0024_0049_0049.jpg 1 31 24 49 49
1275_0005_0025_0061_0061.jpg 1 5 25 61 61
1276_0027_0022_0063_0063.jpg 1 27 22 63 63
1277_0028_0021_0029_0029.jpg 1 28 21 29 29
1278_0024_0007_0069_0069.jpg 1 24 7 69 69
1279_0020_0022_0026_0026.jpg 1 20 22 26 26
1280_0039_0043_0039_0039.jpg 1 39 43 39 39
1281_0017_0010_0064_0064.jpg 1 17 10 64 64
1282_0017_0027_0035_0035.jpg 1 17 27 35 35
1283_0032_0038_0049_0049.jpg 1 32 38 49 49
1284_0022_0005_0053_0053.jpg 1 22 5 53 53
1285_0016_0026_0054_0054.jpg 1 16 26 54 54
1286_0049_0048_0043_0043.jpg 1 49 48 43 43
1287_0031_0042_0050_0050.jpg 1 31 42 50 50
1288_0032_0007_0042_0042.jpg 1 32 7 42 42
1289_0027_0011_0054_0054.jpg 1 27 11 54 54
1290_0034_0048_0034_0034.jpg 1 34 48 34 34
1291_0009_0016_0055_0055.jpg 1 9 16 55 55
1292_0027_0043_0034_0034.jpg 1 27 43 34 34
1293_0010_0018_0054_0054.jpg 1 10 18 54 54
1294_0038_0009_0055_0055.jpg 1 38 9 55 55
1295_0060_0037_0031_0031.jpg 1 60 37 31 31
1296_0018_0054_0025_0025.jpg 1 18 54 25 25
1297_0007_0044_0047_0047.jpg 1 7 44 47 47
1298_0046_0043_0041_0041.jpg 1 46 43 41 41
1299_0037_0029_0044_0044.jpg 1 37 29 44 44
1300_0032_0028_0039_0039.jpg 1 32 28 39 39
1301_0033_0034_0035_0035.jpg 1 33 34 35 35
1302_0007_0047_0039_0039.jpg 1 7 47 39 39
1303_0016_0027_0028_0028.jpg 1 16 27 28 28
1304_0036_0013_0026_0026.jpg 1 36 13 26 26
1305_0033_0031_0048_0048.jpg 1 33 31 48 48
1306_0048_0020_0031_0031.jpg 1 48 20 31 31
1307_0036_0005_0051_0051.jpg 1 36 5 51 51
1308_0016_0026_0066_0066.jpg 1 16 26 66 66
1309_0012_0056_0032_0032.jpg 1 12 56 32 32
1310_0022_0019_0060_0060.jpg 1 22 19 60 60
1311_0017_0059_0028_0028.jpg 1 17 59 28 28
1312_0023_0031_0053_0053.jpg 1 23 31 53 53
1313_0005_0027_0068_0068.jpg 1 5 27 68 68
1314_0018_0047_0046_0046.jpg 1 18 47 46 46
1315_0008_0041_0054_0054.jpg 1 8 41 54 54
1316_0036_0036_0043_0043.jpg 1 36 36 43 43
1317_0040_0042_0025_0025.jpg 1 40 42 25 25
1318_0008_0005_0059_0059.jpg 1 8 5 59 59
1319_0014_0008_0069_0069.jpg 1 14 8 69 69
1320_0011_0028_0061_0061.jpg 1 11 28 61 61
1321_0012_0031_0046_0046.jpg 1 12 31 46 46
1322_0009_0016_0039_0039.jpg 1 9 16 39 39
1323_0025_0009_0053_0053.jpg 1 25 9 53 53
1324_0019_0032_0051_0051.jpg 1 19 32 51 51
1325_0036_0028_0053_0053.jpg 1 36 28 53 53
1326_0021_0014_0066_0066.jpg 1 21 14 66 66
1327_0013_0024_0028_0028.jpg 1 13 24 28 28
1328_0013_0033_0059_0059.jpg 1 13 33 59 59
1329_0024_0012_0044_0044.jpg 1 24 12 44 44
1330_0042_0051_0033_0033.jpg 1 42 51 33 33
1331_0021_0013_0053_0053.jpg 1 21 13 53 53
1332_0028_0024_0061_0061.jpg 1 28 24 61 61
1333_0013_0015_0052_0052.jpg 1 13 15 52 52
1334_0021_0014_0048_0048.jpg 1 21 14 48 48
1335_0025_0033_0059_0059.jpg 1 25 33 59 59
1336_0039_0015_0036_0036.jpg 1 39 15 36 36
1337_0027_0034_0028_0028.jpg 1 27 34 28 28
1338_0033_0011_0036_0036.jpg 1 33 11 36 36
1339_0021_0034_0035_0035.jpg 1 21 34 35 35
1340_0039_0048_0027_0027.jpg 1 39 48 27 27
1341_0034_0039_0045_0045.jpg 1 34 39 45 45
1342_0063_0064_0027_0027.jpg 1 63 64 27 27
1343_0016_0022_0054_0054.jpg 1 16 22 54 54
1344_0045_0056_0027_0027.jpg 1 45 56 27 27
1345_0018_0058_0027_0027.jpg 1 18 58 27 27
1346_0034_0022_0026_0026.jpg 1 34 22 26 26
1347_0023_0014_0065_0065.jpg 1 23 14 65 65
1348_0006_0014_0039_0039.jpg 1 6 14 39 39
1349_0018_0028_0031_0031.jpg 1 18 28 31 31
1350_0038_0058_0034_0034.jpg 1 38 58 34 34
1351_0011_0020_0061_0061.jpg 1 11 20 61 61
1352_0039_0024_0034_0034.jpg 1 39 24 34 34
1353_0021_0038_0033_0033.jpg 1 21 38 33 33
1354_0019_0017_0069_0069.jpg 1 19 17 69 69
1355_0053_0021_0028_0028.jpg 1 53 21 28 28
1356_0041_0022_0026_0026.jpg 1 41 22 26 26
1357_0011_0013_0068_0068.jpg 1 11 13 68 68
1358_0012_0032_0041_0041.jpg 1 12 32 41 41
1359_0007_0008_0039_0039.jpg 1 7 8 39 39
1360_0028_0019_0067_0067.jpg 1 28 19 67 67
1361_0044_0020_0050_0050.jpg 1 44 20 50 50
1362_0026_0004_0062_0062.jpg 1 26 4 62 62
1363_0016_0004_0059_0059.jpg 1 16 4 59 59
1364_0026_0018_0058_0058.jpg 1 26 18 58 58
1365_0042_0019_0042_0042.jpg 1 42 19 42 42
1366_0036_0031_0041_0041.jpg 1 36 31 41 41
1367_0039_0007_0043_0043.jpg 1 39 7 43 43
1368_0049_0033_0039_0039.jpg 1 49 33 39 39
1369_0056_0013_0031_0031.jpg 1 56 13 31 31
1370_0026_0022_0030_0030.jpg 1 26 22 30 30
1371_0008_0011_0063_0063.jpg 1 8 11 63 63
1372_0044_0009_0044_0044.jpg 1 44 9 44 44
1373_0042_0053_0025_0025.jpg 1 42 53 25 25
1374_0007_0005_0050_0050.jpg 1 7 5 50 50
1375_0043_0021_0038_0038.jpg 1 43 21 38 38
1376_0040_0011_0042_0042.jpg 1 40 11 42 42
1377_0037_0025_0032_0032.jpg 1 37 25 32 32
1378_0035_0021_0059_0059.jpg 1 35 21 59 59
1379_0014_0036_0043_0043.jpg 1 14 36 43 43
1380_0028_0025_0057_0057.jpg 1 28 25 57 57
1381_0041_0025_0053_0053.jpg 1 41 25 53 53
1382_0016_0025_0043_0043.jpg 1 16 25 43 43
1383_0004_0032_0052_0052.jpg 1 4 32 52 52
1384_0014_0024_0061_0061.jpg 1 14 24 61 61
1385_0033_0039_0051_0051.jpg 1 33 39 51 51
1386_0050_0029_0036_0036.jpg 1 50 29 36 36
1387_0041_0024_0025_0025.jpg 1 41 24 25 25
1388_0012_0018_0064_0064.jpg 1 12 18 64 64
1389_0016_0010_0066_0066.jpg 1 16 10 66 66
1390_0043_0009_0036_0036.jpg 1 43 9 36 36
1391_0051_0018_0029_0029.jpg 1 51 18 29 29
1392_0018_0033_0055_0055.jpg 1 18 33 55 55
1393_0022_0018_0049_0049.jpg 1 22 18 49 49
1394_0024_0040_0032_0032.jpg 1 24 40 32 32
1395_0016_0024_0053_0053.jpg 1 16 24 53 53
1396_0030_0030_0065_0065.jpg 1 30 30 65 65
1397_0013_0011_0053_0053.jpg 1 13 11 53 53
1398_0035_0024_0049_0049.jpg 1 35 24 49 49
1399_0044_0033_0038_0038.jpg 1 44 33 38 38
1400_0028_0004_0058_0058.jpg 1 28 4 58 58
1401_0028_0021_0049_0049.jpg 1 28 21 49 49
1402_0011_0027_0065_0065.jpg 1 11 27 65 65
1403_0010_0038_0054_0054.jpg 1 10 38 54 54
1404_0019_0009_0067_0067.jpg 1 19 9 67 67
1405_0018_0045_0047_0047.jpg 1 18 45 47 47
1406_0051_0026_0040_0040.jpg 1 51 26 40 40
1407_0012_0033_0051_0051.jpg 1 12 33 51 51
1408_0015_0031_0024_0024.jpg 1 15 31 24 24
1409_0007_0039_0048_0048.jpg 1 7 39 48 48
1410_0029_0031_0033_0033.jpg 1 29 31 33 33
1411_0030_0052_0038_0038.jpg 1 30 52 38 38
1412_0043_0025_0048_0048.jpg 1 43 25 48 48
1413_0017_0018_0054_0054.jpg 1 17 18 54 54
1414_0038_0042_0030_0030.jpg 1 38 42 30 30
1415_0035_0015_0041_0041.jpg 1 35 15 41 41
1416_0015_0009_0048_0048.jpg 1 15 9 48 48
1417_0054_0051_0038_0038.jpg 1 54 51 38 38
1418_0020_0012_0068_0068.jpg 1 20 12 68 68
1419_0012_0041_0044_0044.jpg 1 12 41 44 44
1420_0048_0023_0030_0030.jpg 1 48 23 30 30
1421_0037_0021_0058_0058.jpg 1 37 21 58 58
1422_0046_0007_0041_0041.jpg 1 46 7 41 41
1423_0018_0010_0032_0032.jpg 1 18 10 32 32
1424_0044_0041_0039_0039.jpg 1 44 41 39 39
1425_0046_0010_0047_0047.jpg 1 46 10 47 47
1426_0021_0023_0066_0066.jpg 1 21 23 66 66
1427_0014_0047_0046_0046.jpg 1 14 47 46 46
1428_0020_0037_0039_0039.jpg 1 20 37 39 39
1429_0009_0009_0062_0062.jpg 1 9 9 62 62
1430_0026_0005_0061_0061.jpg 1 26 5 61 61
1431_0039_0007_0037_0037.jpg 1 39 7 37 37
1432_0058_0057_0032_0032.jpg 1 58 57 32 32
1433_0009_0021_0064_0064.jpg 1 9 21 64 64
1434_0027_0011_0061_0061.jpg 1 27 11 61 61
1435_0028_0028_0061_0061.jpg 1 28 28 61 61
1436_0024_0005_0047_0047.jpg 1 24 5 47 47
1437_0024_0028_0052_0052.jpg 1 24 28 52 52
1438_0004_0004_0061_0061.jpg 1 4 4 61 61
1439_0027_0033_0025_0025.jpg 1 27 33 25 25
1440_0004_0021_0062_0062.jpg 1 4 21 62 62
1441_0040_0032_0051_0051.jpg 1 40 32 51 51
1442_0052_0022_0032_0032.jpg 1 52 22 32 32
1443_0061_0043_0026_0026.jpg 1 61 43 26 26
1444_0024_0031_0036_0036.jpg 1 24 31 36 36
1445_0035_0059_0033_0033.jpg 1 35 59 33 33
1446_0017_0007_0053_0053.jpg 1 17 7 53 53
1447_0031_0025_0064_0064.jpg 1 31 25 64 64
1448_0018_0014_0055_0055.jpg 1 18 14 55 55
1449_0016_0035_0058_0058.jpg 1 16 35 58 58
1450_0017_0006_0061_0061.jpg 1 17 6 61 61
1451_0033_0013_0058_0058.jpg 1 33 13 58 58
1452_0022_0041_0040_0040.jpg 1 22 41 40 40
1453_0035_0032_0052_0052.jpg 1 35 32 52 52
1454_0024_0034_0039_0039.jpg 1 24 34 39 39
1455_0018_0011_0042_0042.jpg 1 18 11 42 42
1456_0008_0013_0037_0037.jpg 1 8 13 37 37
1457_0029_0049_0039_0039.jpg 1 29 49 39 39
1458_0027_0026_0052_0052.jpg 1 27 26 52 52
1459_0007_0014_0038_0038.jpg 1 7 14 38 38
1460_0021_0008_0050_0050.jpg 1 21 8 50 50
1461_0038_0029_0047_0047.jpg 1 38 29 47 47
1462_0029_0048_0039_0039.jpg 1 29 48 39 39
1463_0029_0034_0026_0026.jpg 1 29 34 26 26
1464_0020_0029_0062_0062.jpg 1 20 29 62 62
1465_0053_0036_0026_0026.jpg 1 53 36 26 26
1466_0028_0017_0065_0065.jpg 1 28 17 65 65
1467_0013_0026_0069_0069.jpg 1 13 26 69 69
1468_0059_0066_0025_0025.jpg 1 59 66 25 25
1469_0029_0045_0043_0043.jpg 1 29 45 43 43
1470_0027_0015_0051_0051.jpg 1 27 15 51 51
1471_0036_0031_0030_0030.jpg 1 36 31 30 30
1472_0005_0016_0064_0064.jpg 1 5 16 64 64
1473_0023_0024_0029_0029.jpg 1 23 24 29 29
1474_0012_0014_0060_0060.jpg 1 12 14 60 60
1475_0032_0025_0062_0062.jpg 1 32 25 62 62
1476_0047_0044_0029_0029.jpg 1 47 44 29 29
1477_0036_0008_0039_0039.jpg 1 36 8 39 39
1478_0010_0006_0049_0049.jpg 1 10 6 49 49
1479_0016_0009_0055_0055.jpg 1 16 9 55 55
1480_0026_0011_0067_0067.jpg 1 26 11 67 67
1481_0031_0006_0050_0050.jpg 1 31 6 50 50
1482_0034_0050_0025_0025.jpg 1 34 50 25 25
1483_0038_0050_0031_0031.jpg 1 38 50 31 31
1484_0012_0016_0041_0041.jpg 1 12 16 41 41
1485_0022_0017_0067_0067.jpg 1 22 17 67 67
1486_0032_0038_0049_0049.jpg 1 32 38 49 49
1487_0013_0034_0055_0055.jpg 1 13 34 55 55
1488_0011_0030_0031_0031.jpg 1 11 30 31 31
1489_0039_0048_0041_0041.jpg 1 39 48 41 41
1490_0012_0024_0040_0040.jpg 1 12 24 40 40
1491_0048_0048_0042_0042.jpg 1 48 48 42 42
1492_0007_0015_0039_0039.jpg 1 7 15 39 39
1493_0038_0035_0057_0057.jpg 1 38 35 57 57
1494_0010_0012_0061_0061.jpg 1 10 12 61 61
1495_0018_0012_0058_0058.jpg 1 18 12 58 58
1496_0015_0032_0046_0046.jpg 1 15 32 46 46
1497_0020_0005_0057_0057.jpg 1 20 5 57 57
1498_0014_0008_0063_0063.jpg 1 14 8 63 63
1499_0028_0015_0055_0055.jpg 1 28 15 55 55
1500_0030_0037_0027_0027.jpg 1 30 37 27 27
1501_0025_0030_0054_0054.jpg 1 25 30 54 54
1502_0021_0030_0047_0047.jpg 1 21 30 47 47
1503_0033_0008_0048_0048.jpg 1 33 8 48 48
1504_0013_0026_0065_0065.jpg 1 13 26 65 65
1505_0007_0010_0026_0026.jpg 1 7 10 26 26
1506_0048_0032_0030_0030.jpg 1 48 32 30 30
1507_0010_0026_0051_0051.jpg 1 10 26 51 51
1508_0026_0029_0060_0060.jpg 1 26 29 60 60
1509_0034_0038_0053_0053.jpg 1 34 38 53 53
1510_0027_0027_0055_0055.jpg 1 27 27 55 55
1511_0035_0044_0036_0036.jpg 1 35 44 36 36
1512_0007_0017_0044_0044.jpg 1 7 17 44 44
1513_0042_0022_0044_0044.jpg 1 42 22 44 44
1514_0044_0008_0045_0045.jpg 1 44 8 45 45
1515_0056_0022_0028_0028.jpg 1 56 22 28 28
1516_0012_0006_0056_0056.jpg 1 12 6 56 56
1517_0003_0013_0066_0066.jpg 1 3 13 66 66
1518_0013_0052_0038_0038.jpg 1 13 52 38 38
1519_0037_0010_0047_0047.jpg 1 37 10 47 47
1520_0016_0020_0046_0046.jpg 1 16 20 46 46
1521_0009_0036_0040_0040.jpg 1 9 36 40 40
1522_0046_0037_0043_0043.jpg 1 46 37 43 43
1523_0022_0009_0069_0069.jpg 1 22 9 69 69
1524_0035_0010_0055_0055.jpg 1 35 10 55 55
1525_0018_0014_0063_0063.jpg 1 18 14 63 63
1526_0012_0015_0054_0054.jpg 1 12 15 54 54
1527_0048_0013_0041_0041.jpg 1 48 13 41 41
1528_0058_0019_0026_0026.jpg 1 58 19 26 26
1529_0021_0026_0056_0056.jpg 1 21 26 56 56
1530_0035_0024_0041_0041.jpg 1 35 24 41 41
1531_0037_0013_0034_0034.jpg 1 37 13 34 34
1532_0036_0028_0024_0024.jpg 1 36 28 24 24
1533_0024_0050_0029_0029.jpg 1 24 50 29 29
1534_0045_0023_0048_0048.jpg 1 45 23 48 48
1535_0038_0063_0027_0027.jpg 1 38 63 27 27
1536_0010_0007_0035_0035.jpg 1 10 7 35 35
1537_0007_0046_0041_0041.jpg 1 7 46 41 41
1538_0004_0017_0066_0066.jpg 1 4 17 66 66
1539_0016_0039_0052_0052.jpg 1 16 39 52 52
1540_0025_0021_0066_0066.jpg 1 25 21 66 66
1541_0012_0024_0062_0062.jpg 1 12 24 62 62
1542_0013_0005_0068_0068.jpg 1 13 5 68 68
1543_0037_0005_0050_0050.jpg 1 37 5 50 50
1544_0024_0017_0040_0040.jpg 1 24 17 40 40
1545_0026_0031_0059_0059.jpg 1 26 31 59 59
1546_0004_0029_0067_0067.jpg 1 4 29 67 67
1547_0009_0016_0055_0055.jpg 1 9 16 55 55
1548_0019_0023_0034_0034.jpg 1 19 23 34 34
1549_0019_0034_0058_0058.jpg 1 19 34 58 58
1550_0034_0006_0050_0050.jpg 1 34 6 50 50
1551_0018_0027_0069_0069.jpg 1 18 27 69 69
1552_0057_0009_0029_0029.jpg 1 57 9 29 29
1553_0020_0043_0035_0035.jpg 1 20 43 35 35
1554_0009_0012_0065_0065.jpg 1 9 12 65 65
1555_0037_0042_0039_0039.jpg 1 37 42 39 39
1556_0009_0017_0060_0060.jpg 1 9 17 60 60
1557_0022_0006_0062_0062.jpg 1 22 6 62 62
1558_0025_0046_0046_0046.jpg 1 25 46 46 46
1559_0015_0004_0063_0063.jpg 1 15 4 63 63
1560_0023_0016_0052_0052.jpg 1 23 16 52 52
1561_0039_0022_0055_0055.jpg 1 39 22 55 55
1562_0029_0033_0035_0035.jpg 1 29 33 35 35
1563_0013_0012_0030_0030.jpg 1 13 12 30 30
1564_0016_0028_0030_0030.jpg 1 16 28 30 30
1565_0038_0036_0043_0043.jpg 1 38 36 43 43
