0001_0009_0022_0030_0030.jpg 1 9 22 30 30
0002_0027_0041_0050_0050.jpg 1 27 41 50 50
0003_0007_0044_0032_0032.jpg 1 7 44 32 32
0004_0019_0026_0040_0040.jpg 1 19 26 40 40
0005_0019_0040_0050_0050.jpg 1 19 40 50 50
0006_0023_0015_0045_0045.jpg 1 23 15 45 45
0007_0008_0045_0038_0038.jpg 1 8 45 38 38
0008_0004_0013_0069_0069.jpg 1 4 13 69 69
0009_0013_0012_0032_0032.jpg 1 13 12 32 32
0010_0009_0024_0063_0063.jpg 1 9 24 63 63
0011_0023_0031_0059_0059.jpg 1 23 31 59 59
0012_0030_0013_0029_0029.jpg 1 30 13 29 29
0013_0033_0008_0061_0061.jpg 1 33 8 61 61
0014_0035_0036_0032_0032.jpg 1 35 36 32 32
0015_0030_0042_0029_0029.jpg 1 30 42 29 29
0016_0062_0046_0026_0026.jpg 1 62 46 26 26
0017_0038_0043_0049_0049.jpg 1 38 43 49 49
0018_0064_0024_0027_0027.jpg 1 64 24 27 27
0019_0026_0029_0064_0064.jpg 1 26 29 64 64
0020_0013_0024_0066_0066.jpg 1 13 24 66 66
0021_0019_0030_0052_0052.jpg 1 19 30 52 52
0022_0047_0043_0026_0026.jpg 1 47 43 26 26
0023_0034_0031_0060_0060.jpg 1 34 31 60 60
0024_0016_0016_0065_0065.jpg 1 16 16 65 65
0025_0012_0006_0064_0064.jpg 1 12 6 64 64
0026_0034_0019_0035_0035.jpg 1 34 19 35 35
0027_0055_0040_0029_0029.jpg 1 55 40 29 29
0028_0051_0010_0038_0038.jpg 1 51 10 38 38
0029_0026_0014_0059_0059.jpg 1 26 14 59 59
0030_0006_0035_0040_0040.jpg 1 6 35 40 40
0031_0015_0011_0065_0065.jpg 1 15 11 65 65
0032_0050_0041_0039_0039.jpg 1 50 41 39 39
0033_0023_0037_0031_0031.jpg 1 23 37 31 31
0034_0012_0008_0043_0043.jpg 1 12 8 43 43
0035_0008_0044_0046_0046.jpg 1 8 44 46 46
0036_0011_0010_0064_0064.jpg 1 11 10 64 64
0037_0035_0031_0032_0032.jpg 1 35 31 32 32
0038_0032_0011_0060_0060.jpg 1 32 11 60 60
0039_0049_0015_0033_0033.jpg 1 49 15 33 33
0040_0064_0037_0028_0028.jpg 1 64 37 28 28
0041_0027_0028_0065_0065.jpg 1 27 28 65 65
0042_0026_0012_0065_0065.jpg 1 26 12 65 65
0043_0010_0033_0043_0043.jpg 1 10 33 43 43
0044_0025_0049_0039_0039.jpg 1 25 49 39 39
0045_0054_0026_0037_0037.jpg 1 54 26 37 37
0046_0020_0005_0069_0069.jpg 1 20 5 69 69
0047_0026_0008_0067_0067.jpg 1 26 8 67 67
0048_0054_0054_0031_0031.jpg 1 54 54 31 31
0049_0018_0027_0025_0025.jpg 1 18 27 25 25
0050_0009_0017_0026_0026.jpg 1 9 17 26 26
0051_0026_0052_0036_0036.jpg 1 26 52 36 36
0052_0029_0028_0065_0065.jpg 1 29 28 65 65
0053_0039_0020_0026_0026.jpg 1 39 20 26 26
0054_0032_0032_0056_0056.jpg 1 32 32 56 56
0055_0019_0007_0046_0046.jpg 1 19 7 46 46
0056_0021_0024_0061_0061.jpg 1 21 24 61 61
0057_0044_0015_0027_0027.jpg 1 44 15 27 27
0058_0036_0031_0056_0056.jpg 1 36 31 56 56
0059_0024_0047_0035_0035.jpg 1 24 47 35 35
0060_0004_0017_0061_0061.jpg 1 4 17 61 61
0061_0018_0007_0065_0065.jpg 1 18 7 65 65
0062_0014_0040_0042_0042.jpg 1 14 40 42 42
0063_0054_0012_0037_0037.jpg 1 54 12 37 37
0064_0016_0042_0039_0039.jpg 1 16 42 39 39
0065_0017_0033_0052_0052.jpg 1 17 33 52 52
0066_0020_0006_0053_0053.jpg 1 20 6 53 53
0067_0014_0025_0068_0068.jpg 1 14 25 68 68
0068_0003_0022_0066_0066.jpg 1 3 22 66 66
0069_0046_0018_0040_0040.jpg 1 46 18 40 40
0070_0028_0046_0032_0032.jpg 1 28 46 32 32
0071_0012_0022_0042_0042.jpg 1 12 22 42 42
0072_0053_0040_0029_0029.jpg 1 53 40 29 29
0073_0025_0006_0052_0052.jpg 1 25 6 52 52
0074_0038_0008_0056_0056.jpg 1 38 8 56 56
0075_0042_0046_0029_0029.jpg 1 42 46 29 29
0076_0004_0019_0060_0060.jpg 1 4 19 60 60
0077_0007_0044_0041_0041.jpg 1 7 44 41 41
0078_0024_0016_0038_0038.jpg 1 24 16 38 38
0079_0031_0020_0041_0041.jpg 1 31 20 41 41
0080_0049_0052_0025_0025.jpg 1 49 52 25 25
0081_0024_0032_0047_0047.jpg 1 24 32 47 47
0082_0016_0008_0049_0049.jpg 1 16 8 49 49
0083_0038_0049_0032_0032.jpg 1 38 49 32 32
0084_0008_0018_0029_0029.jpg 1 8 18 29 29
0085_0040_0042_0031_0031.jpg 1 40 42 31 31
0086_0036_0036_0025_0025.jpg 1 36 36 25 25
0087_0061_0047_0026_0026.jpg 1 61 47 26 26
0088_0024_0040_0036_0036.jpg 1 24 40 36 36
0089_0058_0058_0032_0032.jpg 1 58 58 32 32
0090_0015_0018_0059_0059.jpg 1 15 18 59 59
0091_0028_0026_0062_0062.jpg 1 28 26 62 62
0092_0009_0006_0046_0046.jpg 1 9 6 46 46
0093_0006_0046_0045_0045.jpg 1 6 46 45 45
0094_0020_0036_0026_0026.jpg 1 20 36 26 26
0095_0005_0026_0061_0061.jpg 1 5 26 61 61
0096_0016_0003_0065_0065.jpg 1 16 3 65 65
0097_0040_0023_0054_0054.jpg 1 40 23 54 54
0098_0007_0025_0052_0052.jpg 1 7 25 52 52
0099_0028_0021_0065_0065.jpg 1 28 21 65 65
0100_0011_0042_0040_0040.jpg 1 11 42 40 40
0101_0044_0010_0046_0046.jpg 1 44 10 46 46
0102_0021_0020_0062_0062.jpg 1 21 20 62 62
0103_0013_0010_0064_0064.jpg 1 13 10 64 64
0104_0019_0040_0034_0034.jpg 1 19 40 34 34
0105_0022_0013_0029_0029.jpg 1 22 13 29 29
0106_0016_0022_0063_0063.jpg 1 16 22 63 63
0107_0011_0052_0025_0025.jpg 1 11 52 25 25
0108_0030_0027_0065_0065.jpg 1 30 27 65 65
0109_0024_0028_0037_0037.jpg 1 24 28 37 37
0110_0005_0004_0055_0055.jpg 1 5 4 55 55
0111_0041_0029_0044_0044.jpg 1 41 29 44 44
0112_0015_0009_0065_0065.jpg 1 15 9 65 65
0113_0034_0026_0034_0034.jpg 1 34 26 34 34
0114_0019_0048_0040_0040.jpg 1 19 48 40 40
0115_0036_0017_0043_0043.jpg 1 36 17 43 43
0116_0007_0011_0066_0066.jpg 1 7 11 66 66
0117_0033_0015_0037_0037.jpg 1 33 15 37 37
0118_0038_0032_0054_0054.jpg 1 38 32 54 54
0119_0007_0023_0061_0061.jpg 1 7 23 61 61
0120_0032_0024_0056_0056.jpg 1 32 24 56 56
0121_0015_0007_0053_0053.jpg 1 15 7 53 53
0122_0020_0013_0043_0043.jpg 1 20 13 43 43
0123_0039_0037_0053_0053.jpg 1 39 37 53 53
0124_0031_0021_0041_0041.jpg 1 31 21 41 41
0125_0066_0008_0026_0026.jpg 1 66 8 26 26
0126_0037_0041_0036_0036.jpg 1 37 41 36 36
0127_0013_0011_0047_0047.jpg 1 13 11 47 47
0128_0013_0020_0064_0064.jpg 1 13 20 64 64
0129_0011_0011_0061_0061.jpg 1 11 11 61 61
0130_0037_0034_0051_0051.jpg 1 37 34 51 51
0131_0030_0015_0062_0062.jpg 1 30 15 62 62
0132_0031_0017_0056_0056.jpg 1 31 17 56 56
0133_0019_0016_0054_0054.jpg 1 19 16 54 54
0134_0029_0016_0063_0063.jpg 1 29 16 63 63
0135_0015_0025_0036_0036.jpg 1 15 25 36 36
0136_0012_0040_0044_0044.jpg 1 12 40 44 44
0137_0025_0046_0040_0040.jpg 1 25 46 40 40
0138_0021_0032_0052_0052.jpg 1 21 32 52 52
0139_0024_0039_0032_0032.jpg 1 24 39 32 32
0140_0015_0021_0066_0066.jpg 1 15 21 66 66
0141_0048_0056_0036_0036.jpg 1 48 56 36 36
0142_0018_0011_0046_0046.jpg 1 18 11 46 46
0143_0037_0045_0026_0026.jpg 1 37 45 26 26
0144_0049_0049_0031_0031.jpg 1 49 49 31 31
0145_0010_0020_0068_0068.jpg 1 10 20 68 68
0146_0023_0032_0051_0051.jpg 1 23 32 51 51
0147_0040_0038_0047_0047.jpg 1 40 38 47 47
0148_0022_0005_0068_0068.jpg 1 22 5 68 68
0149_0011_0041_0034_0034.jpg 1 11 41 34 34
0150_0028_0052_0025_0025.jpg 1 28 52 25 25
0151_0011_0018_0032_0032.jpg 1 11 18 32 32
0152_0015_0014_0060_0060.jpg 1 15 14 60 60
0153_0039_0022_0049_0049.jpg 1 39 22 49 49
0154_0005_0029_0055_0055.jpg 1 5 29 55 55
0155_0012_0032_0036_0036.jpg 1 12 32 36 36
0156_0022_0017_0048_0048.jpg 1 22 17 48 48
0157_0021_0048_0025_0025.jpg 1 21 48 25 25
0158_0012_0008_0063_0063.jpg 1 12 8 63 63
0159_0009_0042_0045_0045.jpg 1 9 42 45 45
0160_0041_0023_0036_0036.jpg 1 41 23 36 36
0161_0006_0024_0069_0069.jpg 1 6 24 69 69
0162_0021_0052_0025_0025.jpg 1 21 52 25 25
0163_0016_0022_0051_0051.jpg 1 16 22 51 51
0164_0014_0004_0068_0068.jpg 1 14 4 68 68
0165_0015_0014_0056_0056.jpg 1 15 14 56 56
0166_0021_0025_0069_0069.jpg 1 21 25 69 69
0167_0020_0012_0045_0045.jpg 1 20 12 45 45
0168_0009_0015_0046_0046.jpg 1 9 15 46 46
0169_0008_0014_0025_0025.jpg 1 8 14 25 25
0170_0025_0022_0034_0034.jpg 1 25 22 34 34
0171_0024_0020_0060_0060.jpg 1 24 20 60 60
0172_0021_0052_0041_0041.jpg 1 21 52 41 41
0173_0019_0017_0028_0028.jpg 1 19 17 28 28
0174_0025_0008_0064_0064.jpg 1 25 8 64 64
0175_0022_0009_0064_0064.jpg 1 22 9 64 64
0176_0030_0013_0051_0051.jpg 1 30 13 51 51
0177_0042_0031_0026_0026.jpg 1 42 31 26 26
0178_0027_0006_0061_0061.jpg 1 27 6 61 61
0179_0041_0019_0042_0042.jpg 1 41 19 42 42
0180_0023_0039_0044_0044.jpg 1 23 39 44 44
0181_0031_0039_0053_0053.jpg 1 31 39 53 53
0182_0003_0027_0067_0067.jpg 1 3 27 67 67
0183_0028_0047_0036_0036.jpg 1 28 47 36 36
0184_0007_0007_0055_0055.jpg 1 7 7 55 55
0185_0043_0052_0029_0029.jpg 1 43 52 29 29
0186_0032_0031_0056_0056.jpg 1 32 31 56 56
0187_0040_0038_0034_0034.jpg 1 40 38 34 34
0188_0031_0014_0031_0031.jpg 1 31 14 31 31
0189_0047_0035_0028_0028.jpg 1 47 35 28 28
0190_0029_0004_0065_0065.jpg 1 29 4 65 65
0191_0023_0012_0042_0042.jpg 1 23 12 42 42
0192_0041_0031_0054_0054.jpg 1 41 31 54 54
0193_0021_0043_0034_0034.jpg 1 21 43 34 34
0194_0013_0015_0063_0063.jpg 1 13 15 63 63
0195_0045_0044_0032_0032.jpg 1 45 44 32 32
0196_0009_0019_0056_0056.jpg 1 9 19 56 56
0197_0031_0019_0056_0056.jpg 1 31 19 56 56
0198_0035_0018_0050_0050.jpg 1 35 18 50 50
0199_0017_0014_0057_0057.jpg 1 17 14 57 57
0200_0020_0021_0046_0046.jpg 1 20 21 46 46
0201_0037_0004_0055_0055.jpg 1 37 4 55 55
0202_0006_0009_0066_0066.jpg 1 6 9 66 66
0203_0020_0015_0060_0060.jpg 1 20 15 60 60
0204_0022_0011_0058_0058.jpg 1 22 11 58 58
0205_0028_0026_0064_0064.jpg 1 28 26 64 64
0206_0017_0013_0065_0065.jpg 1 17 13 65 65
0207_0013_0065_0024_0024.jpg 1 13 65 24 24
0208_0033_0029_0059_0059.jpg 1 33 29 59 59
0209_0035_0007_0044_0044.jpg 1 35 7 44 44
0210_0037_0039_0039_0039.jpg 1 37 39 39 39
0211_0021_0028_0060_0060.jpg 1 21 28 60 60
0212_0036_0005_0049_0049.jpg 1 36 5 49 49
0213_0030_0027_0062_0062.jpg 1 30 27 62 62
0214_0010_0015_0037_0037.jpg 1 10 15 37 37
0215_0022_0056_0027_0027.jpg 1 22 56 27 27
0216_0053_0054_0037_0037.jpg 1 53 54 37 37
0217_0034_0013_0053_0053.jpg 1 34 13 53 53
0218_0033_0033_0060_0060.jpg 1 33 33 60 60
0219_0020_0048_0028_0028.jpg 1 20 48 28 28
0220_0023_0015_0042_0042.jpg 1 23 15 42 42
0221_0014_0010_0026_0026.jpg 1 14 10 26 26
0222_0040_0054_0026_0026.jpg 1 40 54 26 26
0223_0034_0020_0034_0034.jpg 1 34 20 34 34
0224_0041_0015_0037_0037.jpg 1 41 15 37 37
0225_0042_0024_0039_0039.jpg 1 42 24 39 39
0226_0014_0047_0042_0042.jpg 1 14 47 42 42
0227_0008_0012_0062_0062.jpg 1 8 12 62 62
0228_0023_0004_0068_0068.jpg 1 23 4 68 68
0229_0014_0060_0033_0033.jpg 1 14 60 33 33
0230_0026_0026_0037_0037.jpg 1 26 26 37 37
0231_0042_0048_0029_0029.jpg 1 42 48 29 29
0232_0008_0025_0052_0052.jpg 1 8 25 52 52
0233_0018_0039_0056_0056.jpg 1 18 39 56 56
0234_0020_0026_0029_0029.jpg 1 20 26 29 29
0235_0021_0024_0063_0063.jpg 1 21 24 63 63
0236_0004_0006_0067_0067.jpg 1 4 6 67 67
0237_0007_0004_0060_0060.jpg 1 7 4 60 60
0238_0017_0021_0033_0033.jpg 1 17 21 33 33
0239_0053_0041_0027_0027.jpg 1 53 41 27 27
0240_0021_0026_0045_0045.jpg 1 21 26 45 45
0241_0015_0018_0053_0053.jpg 1 15 18 53 53
0242_0048_0010_0043_0043.jpg 1 48 10 43 43
0243_0034_0018_0030_0030.jpg 1 34 18 30 30
0244_0014_0033_0039_0039.jpg 1 14 33 39 39
0245_0030_0040_0054_0054.jpg 1 30 40 54 54
0246_0011_0021_0069_0069.jpg 1 11 21 69 69
0247_0013_0022_0064_0064.jpg 1 13 22 64 64
0248_0046_0037_0042_0042.jpg 1 46 37 42 42
0249_0011_0005_0045_0045.jpg 1 11 5 45 45
0250_0015_0022_0048_0048.jpg 1 15 22 48 48
0251_0026_0032_0042_0042.jpg 1 26 32 42 42
0252_0021_0006_0067_0067.jpg 1 21 6 67 67
0253_0050_0066_0024_0024.jpg 1 50 66 24 24
0254_0006_0014_0047_0047.jpg 1 6 14 47 47
0255_0022_0016_0066_0066.jpg 1 22 16 66 66
0256_0034_0031_0055_0055.jpg 1 34 31 55 55
0257_0024_0031_0047_0047.jpg 1 24 31 47 47
0258_0019_0044_0039_0039.jpg 1 19 44 39 39
0259_0039_0044_0050_0050.jpg 1 39 44 50 50
0260_0015_0031_0063_0063.jpg 1 15 31 63 63
0261_0037_0022_0055_0055.jpg 1 37 22 55 55
0262_0013_0053_0036_0036.jpg 1 13 53 36 36
0263_0061_0019_0028_0028.jpg 1 61 19 28 28
0264_0033_0046_0038_0038.jpg 1 33 46 38 38
0265_0024_0036_0055_0055.jpg 1 24 36 55 55
0266_0037_0027_0036_0036.jpg 1 37 27 36 36
0267_0012_0029_0050_0050.jpg 1 12 29 50 50
0268_0023_0034_0036_0036.jpg 1 23 34 36 36
0269_0015_0033_0056_0056.jpg 1 15 33 56 56
0270_0014_0039_0050_0050.jpg 1 14 39 50 50
0271_0004_0019_0067_0067.jpg 1 4 19 67 67
0272_0021_0028_0033_0033.jpg 1 21 28 33 33
0273_0022_0025_0039_0039.jpg 1 22 25 39 39
0274_0044_0013_0046_0046.jpg 1 44 13 46 46
0275_0022_0023_0063_0063.jpg 1 22 23 63 63
0276_0014_0043_0044_0044.jpg 1 14 43 44 44
0277_0026_0015_0066_0066.jpg 1 26 15 66 66
0278_0017_0007_0054_0054.jpg 1 17 7 54 54
0279_0018_0024_0068_0068.jpg 1 18 24 68 68
0280_0021_0038_0046_0046.jpg 1 21 38 46 46
0281_0011_0010_0054_0054.jpg 1 11 10 54 54
0282_0030_0020_0065_0065.jpg 1 30 20 65 65
0283_0028_0037_0052_0052.jpg 1 28 37 52 52
0284_0005_0027_0058_0058.jpg 1 5 27 58 58
0285_0007_0051_0031_0031.jpg 1 7 51 31 31
0286_0042_0031_0048_0048.jpg 1 42 31 48 48
0287_0005_0021_0064_0064.jpg 1 5 21 64 64
0288_0009_0017_0033_0033.jpg 1 9 17 33 33
0289_0017_0026_0047_0047.jpg 1 17 26 47 47
0290_0023_0023_0045_0045.jpg 1 23 23 45 45
0291_0007_0004_0058_0058.jpg 1 7 4 58 58
0292_0014_0033_0059_0059.jpg 1 14 33 59 59
0293_0057_0059_0025_0025.jpg 1 57 59 25 25
0294_0005_0024_0054_0054.jpg 1 5 24 54 54
0295_0049_0012_0027_0027.jpg 1 49 12 27 27
0296_0034_0033_0049_0049.jpg 1 34 33 49 49
0297_0017_0025_0059_0059.jpg 1 17 25 59 59
0298_0015_0039_0039_0039.jpg 1 15 39 39 39
0299_0061_0009_0030_0030.jpg 1 61 9 30 30
0300_0005_0030_0062_0062.jpg 1 5 30 62 62
0301_0044_0013_0027_0027.jpg 1 44 13 27 27
0302_0017_0049_0035_0035.jpg 1 17 49 35 35
0303_0015_0040_0054_0054.jpg 1 15 40 54 54
0304_0025_0050_0036_0036.jpg 1 25 50 36 36
0305_0029_0063_0029_0029.jpg 1 29 63 29 29
0306_0032_0022_0046_0046.jpg 1 32 22 46 46
0307_0020_0023_0040_0040.jpg 1 20 23 40 40
0308_0029_0021_0029_0029.jpg 1 29 21 29 29
0309_0008_0024_0040_0040.jpg 1 8 24 40 40
0310_0009_0020_0030_0030.jpg 1 9 20 30 30
0311_0003_0026_0067_0067.jpg 1 3 26 67 67
0312_0014_0025_0062_0062.jpg 1 14 25 62 62
0313_0011_0038_0037_0037.jpg 1 11 38 37 37
0314_0018_0019_0035_0035.jpg 1 18 19 35 35
0315_0013_0026_0040_0040.jpg 1 13 26 40 40
0316_0028_0013_0035_0035.jpg 1 28 13 35 35
0317_0032_0017_0054_0054.jpg 1 32 17 54 54
0318_0012_0042_0045_0045.jpg 1 12 42 45 45
0319_0018_0016_0069_0069.jpg 1 18 16 69 69
0320_0015_0026_0067_0067.jpg 1 15 26 67 67
0321_0006_0017_0056_0056.jpg 1 6 17 56 56
0322_0018_0032_0055_0055.jpg 1 18 32 55 55
0323_0055_0023_0037_0037.jpg 1 55 23 37 37
0324_0031_0031_0063_0063.jpg 1 31 31 63 63
0325_0015_0011_0067_0067.jpg 1 15 11 67 67
0326_0038_0016_0041_0041.jpg 1 38 16 41 41
0327_0016_0009_0047_0047.jpg 1 16 9 47 47
0328_0017_0032_0050_0050.jpg 1 17 32 50 50
0329_0048_0017_0039_0039.jpg 1 48 17 39 39
0330_0018_0013_0048_0048.jpg 1 18 13 48 48
0331_0025_0019_0027_0027.jpg 1 25 19 27 27
0332_0040_0023_0046_0046.jpg 1 40 23 46 46
0333_0005_0021_0055_0055.jpg 1 5 21 55 55
0334_0009_0057_0027_0027.jpg 1 9 57 27 27
0335_0039_0030_0024_0024.jpg 1 39 30 24 24
0336_0009_0011_0032_0032.jpg 1 9 11 32 32
0337_0027_0016_0050_0050.jpg 1 27 16 50 50
0338_0010_0014_0045_0045.jpg 1 10 14 45 45
0339_0020_0006_0066_0066.jpg 1 20 6 66 66
0340_0005_0025_0055_0055.jpg 1 5 25 55 55
0341_0014_0021_0053_0053.jpg 1 14 21 53 53
0342_0016_0033_0060_0060.jpg 1 16 33 60 60
0343_0011_0006_0065_0065.jpg 1 11 6 65 65
0344_0025_0005_0061_0061.jpg 1 25 5 61 61
0345_0035_0017_0027_0027.jpg 1 35 17 27 27
0346_0020_0047_0033_0033.jpg 1 20 47 33 33
0347_0031_0063_0027_0027.jpg 1 31 63 27 27
0348_0018_0046_0038_0038.jpg 1 18 46 38 38
0349_0005_0018_0063_0063.jpg 1 5 18 63 63
0350_0047_0014_0030_0030.jpg 1 47 14 30 30
0351_0008_0012_0031_0031.jpg 1 8 12 31 31
0352_0025_0017_0066_0066.jpg 1 25 17 66 66
0353_0034_0007_0059_0059.jpg 1 34 7 59 59
0354_0022_0040_0029_0029.jpg 1 22 40 29 29
0355_0018_0028_0046_0046.jpg 1 18 28 46 46
0356_0032_0017_0046_0046.jpg 1 32 17 46 46
0357_0023_0024_0069_0069.jpg 1 23 24 69 69
0358_0018_0047_0046_0046.jpg 1 18 47 46 46
0359_0024_0044_0027_0027.jpg 1 24 44 27 27
0360_0052_0018_0028_0028.jpg 1 52 18 28 28
0361_0005_0020_0046_0046.jpg 1 5 20 46 46
0362_0024_0020_0037_0037.jpg 1 24 20 37 37
0363_0023_0024_0060_0060.jpg 1 23 24 60 60
0364_0020_0006_0069_0069.jpg 1 20 6 69 69
0365_0026_0012_0064_0064.jpg 1 26 12 64 64
0366_0041_0038_0053_0053.jpg 1 41 38 53 53
0367_0034_0018_0029_0029.jpg 1 34 18 29 29
0368_0007_0035_0058_0058.jpg 1 7 35 58 58
0369_0027_0006_0037_0037.jpg 1 27 6 37 37
0370_0027_0045_0026_0026.jpg 1 27 45 26 26
0371_0005_0011_0047_0047.jpg 1 5 11 47 47
0372_0047_0033_0039_0039.jpg 1 47 33 39 39
0373_0027_0015_0069_0069.jpg 1 27 15 69 69
0374_0026_0020_0051_0051.jpg 1 26 20 51 51
0375_0023_0015_0068_0068.jpg 1 23 15 68 68
0376_0016_0056_0032_0032.jpg 1 16 56 32 32
0377_0006_0024_0058_0058.jpg 1 6 24 58 58
0378_0015_0041_0048_0048.jpg 1 15 41 48 48
0379_0014_0041_0041_0041.jpg 1 14 41 41 41
0380_0009_0053_0031_0031.jpg 1 9 53 31 31
0381_0021_0003_0066_0066.jpg 1 21 3 66 66
0382_0022_0038_0039_0039.jpg 1 22 38 39 39
0383_0057_0014_0030_0030.jpg 1 57 14 30 30
0384_0017_0011_0049_0049.jpg 1 17 11 49 49
0385_0036_0047_0032_0032.jpg 1 36 47 32 32
0386_0051_0020_0040_0040.jpg 1 51 20 40 40
0387_0019_0040_0048_0048.jpg 1 19 40 48 48
0388_0028_0006_0036_0036.jpg 1 28 6 36 36
0389_0054_0009_0039_0039.jpg 1 54 9 39 39
0390_0004_0016_0065_0065.jpg 1 4 16 65 65
0391_0037_0022_0038_0038.jpg 1 37 22 38 38
0392_0041_0055_0038_0038.jpg 1 41 55 38 38
0393_0007_0012_0030_0030.jpg 1 7 12 30 30
0394_0015_0018_0056_0056.jpg 1 15 18 56 56
0395_0038_0029_0049_0049.jpg 1 38 29 49 49
0396_0032_0007_0039_0039.jpg 1 32 7 39 39
0397_0013_0005_0062_0062.jpg 1 13 5 62 62
0398_0026_0036_0042_0042.jpg 1 26 36 42 42
0399_0010_0008_0050_0050.jpg 1 10 8 50 50
0400_0028_0030_0049_0049.jpg 1 28 30 49 49
0401_0013_0010_0069_0069.jpg 1 13 10 69 69
0402_0020_0033_0040_0040.jpg 1 20 33 40 40
0403_0026_0026_0062_0062.jpg 1 26 26 62 62
0404_0034_0030_0052_0052.jpg 1 34 30 52 52
0405_0030_0018_0055_0055.jpg 1 30 18 55 55
0406_0035_0039_0042_0042.jpg 1 35 39 42 42
0407_0051_0054_0034_0034.jpg 1 51 54 34 34
0408_0022_0015_0059_0059.jpg 1 22 15 59 59
0409_0026_0007_0056_0056.jpg 1 26 7 56 56
0410_0036_0024_0053_0053.jpg 1 36 24 53 53
0411_0045_0038_0044_0044.jpg 1 45 38 44 44
0412_0025_0015_0045_0045.jpg 1 25 15 45 45
0413_0009_0014_0062_0062.jpg 1 9 14 62 62
0414_0056_0012_0025_0025.jpg 1 56 12 25 25
0415_0013_0031_0065_0065.jpg 1 13 31 65 65
0416_0043_0008_0037_0037.jpg 1 43 8 37 37
0417_0024_0039_0033_0033.jpg 1 24 39 33 33
0418_0017_0007_0067_0067.jpg 1 17 7 67 67
0419_0029_0049_0045_0045.jpg 1 29 49 45 45
0420_0025_0031_0043_0043.jpg 1 25 31 43 43
0421_0040_0021_0039_0039.jpg 1 40 21 39 39
0422_0007_0009_0032_0032.jpg 1 7 9 32 32
0423_0019_0039_0034_0034.jpg 1 19 39 34 34
0424_0034_0013_0049_0049.jpg 1 34 13 49 49
0425_0047_0007_0040_0040.jpg 1 47 7 40 40
0426_0032_0016_0050_0050.jpg 1 32 16 50 50
0427_0030_0010_0048_0048.jpg 1 30 10 48 48
0428_0059_0012_0033_0033.jpg 1 59 12 33 33
0429_0030_0032_0051_0051.jpg 1 30 32 51 51
0430_0023_0011_0068_0068.jpg 1 23 11 68 68
0431_0047_0058_0027_0027.jpg 1 47 58 27 27
0432_0016_0026_0057_0057.jpg 1 16 26 57 57
0433_0052_0037_0040_0040.jpg 1 52 37 40 40
0434_0011_0022_0064_0064.jpg 1 11 22 64 64
0435_0036_0021_0044_0044.jpg 1 36 21 44 44
0436_0027_0023_0034_0034.jpg 1 27 23 34 34
0437_0020_0004_0063_0063.jpg 1 20 4 63 63
0438_0036_0014_0058_0058.jpg 1 36 14 58 58
0439_0043_0017_0026_0026.jpg 1 43 17 26 26
0440_0021_0009_0052_0052.jpg 1 21 9 52 52
0441_0014_0047_0030_0030.jpg 1 14 47 30 30
0442_0004_0020_0065_0065.jpg 1 4 20 65 65
0443_0015_0024_0061_0061.jpg 1 15 24 61 61
0444_0009_0030_0026_0026.jpg 1 9 30 26 26
0445_0010_0027_0052_0052.jpg 1 10 27 52 52
0446_0048_0038_0038_0038.jpg 1 48 38 38 38
0447_0029_0045_0045_0045.jpg 1 29 45 45 45
0448_0011_0018_0056_0056.jpg 1 11 18 56 56
0449_0017_0026_0056_0056.jpg 1 17 26 56 56
0450_0033_0028_0050_0050.jpg 1 33 28 50 50
0451_0019_0019_0057_0057.jpg 1 19 19 57 57
0452_0012_0021_0030_0030.jpg 1 12 21 30 30
0453_0013_0031_0064_0064.jpg 1 13 31 64 64
0454_0030_0045_0048_0048.jpg 1 30 45 48 48
0455_0018_0011_0062_0062.jpg 1 18 11 62 62
0456_0030_0023_0055_0055.jpg 1 30 23 55 55
0457_0010_0024_0058_0058.jpg 1 10 24 58 58
0458_0008_0036_0027_0027.jpg 1 8 36 27 27
0459_0025_0008_0060_0060.jpg 1 25 8 60 60
0460_0042_0054_0029_0029.jpg 1 42 54 29 29
0461_0021_0005_0061_0061.jpg 1 21 5 61 61
0462_0045_0037_0040_0040.jpg 1 45 37 40 40
0463_0013_0022_0042_0042.jpg 1 13 22 42 42
0464_0051_0049_0030_0030.jpg 1 51 49 30 30
0465_0016_0024_0061_0061.jpg 1 16 24 61 61
0466_0008_0022_0062_0062.jpg 1 8 22 62 62
0467_0034_0042_0047_0047.jpg 1 34 42 47 47
0468_0036_0047_0042_0042.jpg 1 36 47 42 42
0469_0016_0022_0030_0030.jpg 1 16 22 30 30
0470_0031_0022_0063_0063.jpg 1 31 22 63 63
0471_0037_0035_0049_0049.jpg 1 37 35 49 49
0472_0007_0048_0043_0043.jpg 1 7 48 43 43
0473_0009_0031_0055_0055.jpg 1 9 31 55 55
0474_0021_0028_0064_0064.jpg 1 21 28 64 64
0475_0010_0021_0066_0066.jpg 1 10 21 66 66
0476_0036_0037_0045_0045.jpg 1 36 37 45 45
0477_0006_0029_0061_0061.jpg 1 6 29 61 61
0478_0015_0016_0069_0069.jpg 1 15 16 69 69
0479_0044_0030_0037_0037.jpg 1 44 30 37 37
0480_0032_0010_0058_0058.jpg 1 32 10 58 58
0481_0029_0030_0061_0061.jpg 1 29 30 61 61
0482_0054_0040_0024_0024.jpg 1 54 40 24 24
0483_0008_0060_0025_0025.jpg 1 8 60 25 25
0484_0036_0041_0041_0041.jpg 1 36 41 41 41
0485_0043_0050_0026_0026.jpg 1 43 50 26 26
0486_0016_0029_0033_0033.jpg 1 16 29 33 33
0487_0031_0021_0057_0057.jpg 1 31 21 57 57
0488_0020_0015_0034_0034.jpg 1 20 15 34 34
0489_0027_0042_0052_0052.jpg 1 27 42 52 52
0490_0007_0006_0047_0047.jpg 1 7 6 47 47
0491_0021_0030_0042_0042.jpg 1 21 30 42 42
0492_0028_0008_0052_0052.jpg 1 28 8 52 52
0493_0038_0028_0037_0037.jpg 1 38 28 37 37
0494_0022_0029_0062_0062.jpg 1 22 29 62 62
0495_0033_0030_0048_0048.jpg 1 33 30 48 48
0496_0030_0027_0062_0062.jpg 1 30 27 62 62
0497_0029_0016_0060_0060.jpg 1 29 16 60 60
0498_0038_0049_0038_0038.jpg 1 38 49 38 38
0499_0030_0020_0054_0054.jpg 1 30 20 54 54
0500_0005_0007_0060_0060.jpg 1 5 7 60 60
0501_0043_0044_0029_0029.jpg 1 43 44 29 29
0502_0040_0012_0055_0055.jpg 1 40 12 55 55
0503_0029_0016_0049_0049.jpg 1 29 16 49 49
0504_0042_0011_0028_0028.jpg 1 42 11 28 28
0505_0014_0017_0058_0058.jpg 1 14 17 58 58
0506_0030_0010_0063_0063.jpg 1 30 10 63 63
0507_0022_0005_0056_0056.jpg 1 22 5 56 56
0508_0030_0052_0037_0037.jpg 1 30 52 37 37
0509_0004_0015_0053_0053.jpg 1 4 15 53 53
0510_0036_0010_0038_0038.jpg 1 36 10 38 38
0511_0020_0008_0053_0053.jpg 1 20 8 53 53
0512_0024_0010_0068_0068.jpg 1 24 10 68 68
0513_0014_0013_0055_0055.jpg 1 14 13 55 55
0514_0025_0019_0054_0054.jpg 1 25 19 54 54
0515_0040_0050_0037_0037.jpg 1 40 50 37 37
0516_0006_0036_0040_0040.jpg 1 6 36 40 40
0517_0028_0042_0051_0051.jpg 1 28 42 51 51
0518_0043_0016_0048_0048.jpg 1 43 16 48 48
0519_0010_0035_0060_0060.jpg 1 10 35 60 60
0520_0022_0036_0056_0056.jpg 1 22 36 56 56
0521_0052_0016_0031_0031.jpg 1 52 16 31 31
0522_0042_0023_0024_0024.jpg 1 42 23 24 24
0523_0034_0017_0054_0054.jpg 1 34 17 54 54
0524_0024_0012_0032_0032.jpg 1 24 12 32 32
0525_0036_0039_0048_0048.jpg 1 36 39 48 48
0526_0005_0007_0069_0069.jpg 1 5 7 69 69
0527_0010_0038_0025_0025.jpg 1 10 38 25 25
0528_0009_0045_0036_0036.jpg 1 9 45 36 36
0529_0043_0009_0046_0046.jpg 1 43 9 46 46
0530_0039_0027_0047_0047.jpg 1 39 27 47 47
0531_0013_0016_0053_0053.jpg 1 13 16 53 53
0532_0028_0010_0042_0042.jpg 1 28 10 42 42
0533_0018_0034_0031_0031.jpg 1 18 34 31 31
0534_0031_0011_0043_0043.jpg 1 31 11 43 43
0535_0046_0009_0034_0034.jpg 1 46 9 34 34
0536_0019_0030_0045_0045.jpg 1 19 30 45 45
0537_0053_0045_0039_0039.jpg 1 53 45 39 39
0538_0016_0003_0066_0066.jpg 1 16 3 66 66
0539_0010_0013_0060_0060.jpg 1 10 13 60 60
0540_0023_0006_0068_0068.jpg 1 23 6 68 68
0541_0013_0029_0040_0040.jpg 1 13 29 40 40
0542_0034_0005_0042_0042.jpg 1 34 5 42 42
0543_0022_0016_0033_0033.jpg 1 22 16 33 33
0544_0051_0012_0041_0041.jpg 1 51 12 41 41
0545_0043_0047_0031_0031.jpg 1 43 47 31 31
0546_0011_0022_0030_0030.jpg 1 11 22 30 30
0547_0031_0019_0061_0061.jpg 1 31 19 61 61
0548_0018_0011_0035_0035.jpg 1 18 11 35 35
0549_0017_0007_0042_0042.jpg 1 17 7 42 42
0550_0024_0008_0067_0067.jpg 1 24 8 67 67
0551_0005_0024_0060_0060.jpg 1 5 24 60 60
0552_0011_0019_0026_0026.jpg 1 11 19 26 26
0553_0020_0029_0053_0053.jpg 1 20 29 53 53
0554_0026_0007_0039_0039.jpg 1 26 7 39 39
0555_0034_0007_0039_0039.jpg 1 34 7 39 39
0556_0055_0033_0037_0037.jpg 1 55 33 37 37
0557_0047_0052_0037_0037.jpg 1 47 52 37 37
0558_0054_0030_0024_0024.jpg 1 54 30 24 24
0559_0037_0012_0042_0042.jpg 1 37 12 42 42
0560_0006_0042_0044_0044.jpg 1 6 42 44 44
0561_0032_0025_0058_0058.jpg 1 32 25 58 58
0562_0036_0041_0040_0040.jpg 1 36 41 40 40
0563_0031_0011_0057_0057.jpg 1 31 11 57 57
0564_0031_0021_0060_0060.jpg 1 31 21 60 60
0565_0009_0023_0055_0055.jpg 1 9 23 55 55
0566_0034_0020_0059_0059.jpg 1 34 20 59 59
0567_0036_0028_0031_0031.jpg 1 36 28 31 31
0568_0020_0028_0061_0061.jpg 1 20 28 61 61
0569_0025_0029_0024_0024.jpg 1 25 29 24 24
0570_0042_0022_0030_0030.jpg 1 42 22 30 30
0571_0032_0022_0058_0058.jpg 1 32 22 58 58
0572_0021_0028_0044_0044.jpg 1 21 28 44 44
0573_0007_0014_0035_0035.jpg 1 7 14 35 35
0574_0044_0025_0050_0050.jpg 1 44 25 50 50
0575_0045_0024_0047_0047.jpg 1 45 24 47 47
0576_0007_0056_0034_0034.jpg 1 7 56 34 34
0577_0013_0055_0025_0025.jpg 1 13 55 25 25
0578_0020_0026_0042_0042.jpg 1 20 26 42 42
0579_0011_0057_0034_0034.jpg 1 11 57 34 34
0580_0015_0060_0031_0031.jpg 1 15 60 31 31
0581_0019_0030_0061_0061.jpg 1 19 30 61 61
0582_0041_0030_0046_0046.jpg 1 41 30 46 46
0583_0043_0006_0050_0050.jpg 1 43 6 50 50
0584_0033_0011_0059_0059.jpg 1 33 11 59 59
0585_0027_0031_0065_0065.jpg 1 27 31 65 65
0586_0017_0018_0028_0028.jpg 1 17 18 28 28
0587_0050_0049_0030_0030.jpg 1 50 49 30 30
0588_0019_0007_0029_0029.jpg 1 19 7 29 29
0589_0030_0025_0042_0042.jpg 1 30 25 42 42
0590_0026_0029_0058_0058.jpg 1 26 29 58 58
0591_0017_0014_0069_0069.jpg 1 17 14 69 69
0592_0016_0023_0065_0065.jpg 1 16 23 65 65
0593_0041_0028_0029_0029.jpg 1 41 28 29 29
0594_0020_0010_0031_0031.jpg 1 20 10 31 31
0595_0031_0037_0055_0055.jpg 1 31 37 55 55
0596_0031_0025_0035_0035.jpg 1 31 25 35 35
0597_0057_0037_0034_0034.jpg 1 57 37 34 34
0598_0008_0007_0067_0067.jpg 1 8 7 67 67
0599_0056_0024_0033_0033.jpg 1 56 24 33 33
0600_0046_0055_0026_0026.jpg 1 46 55 26 26
0601_0045_0011_0039_0039.jpg 1 45 11 39 39
0602_0040_0032_0047_0047.jpg 1 40 32 47 47
0603_0022_0032_0048_0048.jpg 1 22 32 48 48
0604_0013_0023_0055_0055.jpg 1 13 23 55 55
0605_0044_0015_0049_0049.jpg 1 44 15 49 49
0606_0023_0011_0066_0066.jpg 1 23 11 66 66
0607_0036_0035_0054_0054.jpg 1 36 35 54 54
0608_0031_0006_0052_0052.jpg 1 31 6 52 52
0609_0014_0049_0034_0034.jpg 1 14 49 34 34
0610_0020_0018_0045_0045.jpg 1 20 18 45 45
0611_0024_0048_0038_0038.jpg 1 24 48 38 38
0612_0021_0008_0047_0047.jpg 1 21 8 47 47
0613_0010_0037_0058_0058.jpg 1 10 37 58 58
0614_0011_0010_0024_0024.jpg 1 11 10 24 24
0615_0028_0046_0035_0035.jpg 1 28 46 35 35
0616_0019_0021_0056_0056.jpg 1 19 21 56 56
0617_0033_0008_0049_0049.jpg 1 33 8 49 49
0618_0039_0007_0051_0051.jpg 1 39 7 51 51
0619_0024_0024_0051_0051.jpg 1 24 24 51 51
0620_0053_0052_0033_0033.jpg 1 53 52 33 33
0621_0035_0014_0039_0039.jpg 1 35 14 39 39
0622_0009_0065_0024_0024.jpg 1 9 65 24 24
0623_0062_0066_0024_0024.jpg 1 62 66 24 24
0624_0027_0025_0061_0061.jpg 1 27 25 61 61
0625_0065_0055_0025_0025.jpg 1 65 55 25 25
0626_0043_0033_0051_0051.jpg 1 43 33 51 51
0627_0032_0015_0034_0034.jpg 1 32 15 34 34
0628_0008_0008_0069_0069.jpg 1 8 8 69 69
0629_0007_0028_0032_0032.jpg 1 7 28 32 32
0630_0006_0051_0037_0037.jpg 1 6 51 37 37
0631_0023_0014_0027_0027.jpg 1 23 14 27 27
0632_0009_0013_0033_0033.jpg 1 9 13 33 33
0633_0048_0011_0028_0028.jpg 1 48 11 28 28
0634_0032_0017_0030_0030.jpg 1 32 17 30 30
0635_0020_0023_0057_0057.jpg 1 20 23 57 57
0636_0014_0033_0051_0051.jpg 1 14 33 51 51
0637_0026_0009_0042_0042.jpg 1 26 9 42 42
0638_0010_0026_0059_0059.jpg 1 10 26 59 59
0639_0045_0020_0038_0038.jpg 1 45 20 38 38
0640_0031_0031_0057_0057.jpg 1 31 31 57 57
0641_0033_0041_0051_0051.jpg 1 33 41 51 51
0642_0014_0022_0038_0038.jpg 1 14 22 38 38
0643_0004_0010_0054_0054.jpg 1 4 10 54 54
0644_0006_0023_0068_0068.jpg 1 6 23 68 68
0645_0058_0022_0030_0030.jpg 1 58 22 30 30
0646_0034_0019_0060_0060.jpg 1 34 19 60 60
0647_0009_0050_0041_0041.jpg 1 9 50 41 41
0648_0058_0024_0032_0032.jpg 1 58 24 32 32
0649_0039_0044_0037_0037.jpg 1 39 44 37 37
0650_0040_0016_0046_0046.jpg 1 40 16 46 46
0651_0042_0053_0030_0030.jpg 1 42 53 30 30
0652_0025_0006_0061_0061.jpg 1 25 6 61 61
0653_0026_0046_0043_0043.jpg 1 26 46 43 43
0654_0015_0026_0068_0068.jpg 1 15 26 68 68
0655_0034_0019_0034_0034.jpg 1 34 19 34 34
0656_0067_0021_0024_0024.jpg 1 67 21 24 24
0657_0031_0010_0052_0052.jpg 1 31 10 52 52
0658_0006_0039_0044_0044.jpg 1 6 39 44 44
0659_0040_0032_0046_0046.jpg 1 40 32 46 46
0660_0012_0032_0059_0059.jpg 1 12 32 59 59
0661_0012_0024_0055_0055.jpg 1 12 24 55 55
0662_0031_0024_0050_0050.jpg 1 31 24 50 50
0663_0056_0021_0031_0031.jpg 1 56 21 31 31
0664_0026_0014_0059_0059.jpg 1 26 14 59 59
0665_0023_0040_0027_0027.jpg 1 23 40 27 27
0666_0048_0049_0034_0034.jpg 1 48 49 34 34
0667_0026_0006_0056_0056.jpg 1 26 6 56 56
0668_0023_0011_0069_0069.jpg 1 23 11 69 69
0669_0031_0019_0049_0049.jpg 1 31 19 49 49
0670_0036_0030_0052_0052.jpg 1 36 30 52 52
0671_0042_0025_0034_0034.jpg 1 42 25 34 34
0672_0014_0006_0068_0068.jpg 1 14 6 68 68
0673_0029_0056_0029_0029.jpg 1 29 56 29 29
0674_0011_0035_0049_0049.jpg 1 11 35 49 49
0675_0018_0030_0051_0051.jpg 1 18 30 51 51
0676_0031_0042_0049_0049.jpg 1 31 42 49 49
0677_0023_0017_0069_0069.jpg 1 23 17 69 69
0678_0036_0010_0032_0032.jpg 1 36 10 32 32
0679_0019_0005_0053_0053.jpg 1 19 5 53 53
0680_0012_0013_0031_0031.jpg 1 12 13 31 31
0681_0038_0030_0057_0057.jpg 1 38 30 57 57
0682_0027_0020_0040_0040.jpg 1 27 20 40 40
0683_0019_0025_0049_0049.jpg 1 19 25 49 49
0684_0022_0037_0056_0056.jpg 1 22 37 56 56
0685_0013_0014_0062_0062.jpg 1 13 14 62 62
0686_0046_0036_0041_0041.jpg 1 46 36 41 41
0687_0044_0027_0038_0038.jpg 1 44 27 38 38
0688_0032_0020_0053_0053.jpg 1 32 20 53 53
0689_0013_0021_0048_0048.jpg 1 13 21 48 48
0690_0018_0021_0039_0039.jpg 1 18 21 39 39
0691_0031_0050_0043_0043.jpg 1 31 50 43 43
0692_0047_0023_0032_0032.jpg 1 47 23 32 32
0693_0008_0016_0056_0056.jpg 1 8 16 56 56
0694_0012_0017_0067_0067.jpg 1 12 17 67 67
0695_0017_0029_0058_0058.jpg 1 17 29 58 58
0696_0019_0027_0049_0049.jpg 1 19 27 49 49
0697_0048_0046_0043_0043.jpg 1 48 46 43 43
0698_0055_0033_0030_0030.jpg 1 55 33 30 30
0699_0023_0026_0069_0069.jpg 1 23 26 69 69
0700_0022_0029_0049_0049.jpg 1 22 29 49 49
0701_0043_0047_0026_0026.jpg 1 43 47 26 26
0702_0004_0008_0064_0064.jpg 1 4 8 64 64
0703_0028_0006_0066_0066.jpg 1 28 6 66 66
0704_0004_0011_0065_0065.jpg 1 4 11 65 65
0705_0047_0042_0041_0041.jpg 1 47 42 41 41
0706_0052_0025_0037_0037.jpg 1 52 25 37 37
0707_0045_0062_0024_0024.jpg 1 45 62 24 24
0708_0025_0051_0028_0028.jpg 1 25 51 28 28
0709_0025_0014_0028_0028.jpg 1 25 14 28 28
0710_0029_0021_0061_0061.jpg 1 29 21 61 61
0711_0048_0024_0042_0042.jpg 1 48 24 42 42
0712_0031_0036_0046_0046.jpg 1 31 36 46 46
0713_0022_0012_0032_0032.jpg 1 22 12 32 32
0714_0016_0029_0046_0046.jpg 1 16 29 46 46
0715_0015_0051_0042_0042.jpg 1 15 51 42 42
0716_0049_0025_0044_0044.jpg 1 49 25 44 44
0717_0027_0009_0028_0028.jpg 1 27 9 28 28
0718_0026_0006_0055_0055.jpg 1 26 6 55 55
0719_0021_0007_0062_0062.jpg 1 21 7 62 62
0720_0013_0004_0059_0059.jpg 1 13 4 59 59
0721_0007_0012_0062_0062.jpg 1 7 12 62 62
0722_0015_0036_0039_0039.jpg 1 15 36 39 39
0723_0014_0008_0066_0066.jpg 1 14 8 66 66
0724_0016_0050_0036_0036.jpg 1 16 50 36 36
0725_0008_0044_0040_0040.jpg 1 8 44 40 40
0726_0020_0061_0030_0030.jpg 1 20 61 30 30
0727_0015_0031_0049_0049.jpg 1 15 31 49 49
0728_0045_0022_0036_0036.jpg 1 45 22 36 36
0729_0023_0065_0026_0026.jpg 1 23 65 26 26
0730_0008_0013_0051_0051.jpg 1 8 13 51 51
0731_0024_0038_0056_0056.jpg 1 24 38 56 56
0732_0030_0015_0053_0053.jpg 1 30 15 53 53
0733_0007_0015_0065_0065.jpg 1 7 15 65 65
0734_0031_0051_0040_0040.jpg 1 31 51 40 40
0735_0038_0023_0034_0034.jpg 1 38 23 34 34
0736_0018_0053_0035_0035.jpg 1 18 53 35 35
0737_0010_0033_0047_0047.jpg 1 10 33 47 47
0738_0031_0012_0064_0064.jpg 1 31 12 64 64
0739_0055_0042_0035_0035.jpg 1 55 42 35 35
0740_0036_0024_0054_0054.jpg 1 36 24 54 54
0741_0042_0044_0024_0024.jpg 1 42 44 24 24
0742_0022_0023_0051_0051.jpg 1 22 23 51 51
0743_0022_0012_0043_0043.jpg 1 22 12 43 43
0744_0016_0028_0036_0036.jpg 1 16 28 36 36
0745_0025_0038_0051_0051.jpg 1 25 38 51 51
0746_0031_0018_0041_0041.jpg 1 31 18 41 41
0747_0048_0043_0032_0032.jpg 1 48 43 32 32
0748_0055_0048_0030_0030.jpg 1 55 48 30 30
0749_0006_0007_0062_0062.jpg 1 6 7 62 62
0750_0015_0009_0068_0068.jpg 1 15 9 68 68
0751_0049_0046_0042_0042.jpg 1 49 46 42 42
0752_0007_0024_0068_0068.jpg 1 7 24 68 68
0753_0022_0028_0068_0068.jpg 1 22 28 68 68
0754_0031_0026_0064_0064.jpg 1 31 26 64 64
0755_0023_0011_0064_0064.jpg 1 23 11 64 64
0756_0005_0018_0053_0053.jpg 1 5 18 53 53
0757_0055_0057_0027_0027.jpg 1 55 57 27 27
0758_0015_0009_0060_0060.jpg 1 15 9 60 60
0759_0013_0029_0024_0024.jpg 1 13 29 24 24
0760_0010_0017_0049_0049.jpg 1 10 17 49 49
0761_0005_0031_0056_0056.jpg 1 5 31 56 56
0762_0008_0021_0066_0066.jpg 1 8 21 66 66
0763_0032_0016_0028_0028.jpg 1 32 16 28 28
0764_0004_0027_0062_0062.jpg 1 4 27 62 62
0765_0011_0006_0051_0051.jpg 1 11 6 51 51
0766_0030_0025_0063_0063.jpg 1 30 25 63 63
0767_0016_0044_0046_0046.jpg 1 16 44 46 46
0768_0028_0047_0038_0038.jpg 1 28 47 38 38
0769_0032_0029_0062_0062.jpg 1 32 29 62 62
0770_0015_0023_0057_0057.jpg 1 15 23 57 57
0771_0025_0036_0049_0049.jpg 1 25 36 49 49
0772_0020_0027_0050_0050.jpg 1 20 27 50 50
0773_0031_0035_0058_0058.jpg 1 31 35 58 58
0774_0036_0006_0050_0050.jpg 1 36 6 50 50
0775_0013_0026_0045_0045.jpg 1 13 26 45 45
0776_0060_0008_0027_0027.jpg 1 60 8 27 27
0777_0017_0041_0046_0046.jpg 1 17 41 46 46
0778_0021_0034_0059_0059.jpg 1 21 34 59 59
0779_0016_0020_0069_0069.jpg 1 16 20 69 69
0780_0017_0008_0065_0065.jpg 1 17 8 65 65
0781_0014_0037_0043_0043.jpg 1 14 37 43 43
0782_0022_0037_0050_0050.jpg 1 22 37 50 50
0783_0005_0027_0051_0051.jpg 1 5 27 51 51
0784_0036_0041_0050_0050.jpg 1 36 41 50 50
0785_0007_0037_0045_0045.jpg 1 7 37 45 45
0786_0017_0032_0054_0054.jpg 1 17 32 54 54
0787_0013_0032_0026_0026.jpg 1 13 32 26 26
0788_0049_0047_0036_0036.jpg 1 49 47 36 36
0789_0012_0007_0060_0060.jpg 1 12 7 60 60
0790_0013_0004_0066_0066.jpg 1 13 4 66 66
0791_0012_0005_0062_0062.jpg 1 12 5 62 62
0792_0031_0014_0055_0055.jpg 1 31 14 55 55
0793_0016_0031_0061_0061.jpg 1 16 31 61 61
0794_0005_0014_0065_0065.jpg 1 5 14 65 65
0795_0005_0027_0046_0046.jpg 1 5 27 46 46
0796_0009_0031_0024_0024.jpg 1 9 31 24 24
0797_0010_0033_0028_0028.jpg 1 10 33 28 28
0798_0049_0012_0041_0041.jpg 1 49 12 41 41
0799_0009_0008_0041_0041.jpg 1 9 8 41 41
0800_0028_0012_0067_0067.jpg 1 28 12 67 67
0801_0033_0033_0059_0059.jpg 1 33 33 59 59
0802_0037_0039_0053_0053.jpg 1 37 39 53 53
0803_0032_0031_0063_0063.jpg 1 32 31 63 63
0804_0022_0003_0069_0069.jpg 1 22 3 69 69
0805_0004_0009_0056_0056.jpg 1 4 9 56 56
0806_0026_0018_0043_0043.jpg 1 26 18 43 43
0807_0010_0021_0063_0063.jpg 1 10 21 63 63
0808_0009_0015_0068_0068.jpg 1 9 15 68 68
0809_0007_0004_0064_0064.jpg 1 7 4 64 64
0810_0021_0011_0059_0059.jpg 1 21 11 59 59
0811_0025_0028_0046_0046.jpg 1 25 28 46 46
0812_0043_0048_0034_0034.jpg 1 43 48 34 34
0813_0008_0009_0041_0041.jpg 1 8 9 41 41
0814_0031_0021_0046_0046.jpg 1 31 21 46 46
0815_0010_0036_0058_0058.jpg 1 10 36 58 58
0816_0025_0027_0058_0058.jpg 1 25 27 58 58
0817_0023_0004_0069_0069.jpg 1 23 4 69 69
0818_0024_0012_0066_0066.jpg 1 24 12 66 66
0819_0027_0015_0065_0065.jpg 1 27 15 65 65
0820_0032_0037_0037_0037.jpg 1 32 37 37 37
0821_0053_0049_0031_0031.jpg 1 53 49 31 31
0822_0037_0017_0051_0051.jpg 1 37 17 51 51
0823_0036_0011_0054_0054.jpg 1 36 11 54 54
0824_0022_0020_0053_0053.jpg 1 22 20 53 53
0825_0040_0037_0051_0051.jpg 1 40 37 51 51
0826_0016_0008_0047_0047.jpg 1 16 8 47 47
0827_0032_0050_0035_0035.jpg 1 32 50 35 35
0828_0040_0016_0032_0032.jpg 1 40 16 32 32
0829_0013_0006_0057_0057.jpg 1 13 6 57 57
0830_0015_0022_0068_0068.jpg 1 15 22 68 68
0831_0016_0028_0066_0066.jpg 1 16 28 66 66
0832_0011_0014_0067_0067.jpg 1 11 14 67 67
0833_0006_0028_0058_0058.jpg 1 6 28 58 58
0834_0039_0006_0051_0051.jpg 1 39 6 51 51
0835_0027_0011_0054_0054.jpg 1 27 11 54 54
0836_0018_0037_0044_0044.jpg 1 18 37 44 44
0837_0011_0003_0068_0068.jpg 1 11 3 68 68
0838_0030_0010_0062_0062.jpg 1 30 10 62 62
0839_0025_0035_0040_0040.jpg 1 25 35 40 40
0840_0035_0014_0058_0058.jpg 1 35 14 58 58
0841_0022_0051_0034_0034.jpg 1 22 51 34 34
0842_0023_0009_0067_0067.jpg 1 23 9 67 67
0843_0037_0023_0053_0053.jpg 1 37 23 53 53
0844_0011_0015_0056_0056.jpg 1 11 15 56 56
0845_0022_0026_0059_0059.jpg 1 22 26 59 59
0846_0042_0013_0035_0035.jpg 1 42 13 35 35
0847_0044_0023_0049_0049.jpg 1 44 23 49 49
0848_0043_0012_0049_0049.jpg 1 43 12 49 49
0849_0034_0035_0045_0045.jpg 1 34 35 45 45
0850_0039_0030_0037_0037.jpg 1 39 30 37 37
0851_0019_0010_0061_0061.jpg 1 19 10 61 61
0852_0008_0025_0059_0059.jpg 1 8 25 59 59
0853_0031_0034_0052_0052.jpg 1 31 34 52 52
0854_0052_0044_0042_0042.jpg 1 52 44 42 42
0855_0049_0045_0027_0027.jpg 1 49 45 27 27
0856_0026_0031_0050_0050.jpg 1 26 31 50 50
0857_0008_0058_0034_0034.jpg 1 8 58 34 34
0858_0024_0029_0065_0065.jpg 1 24 29 65 65
0859_0015_0028_0066_0066.jpg 1 15 28 66 66
0860_0025_0015_0024_0024.jpg 1 25 15 24 24
0861_0014_0006_0068_0068.jpg 1 14 6 68 68
0862_0029_0011_0066_0066.jpg 1 29 11 66 66
0863_0025_0046_0031_0031.jpg 1 25 46 31 31
0864_0028_0029_0042_0042.jpg 1 28 29 42 42
0865_0021_0013_0033_0033.jpg 1 21 13 33 33
0866_0046_0058_0029_0029.jpg 1 46 58 29 29
0867_0020_0013_0067_0067.jpg 1 20 13 67 67
0868_0016_0024_0069_0069.jpg 1 16 24 69 69
0869_0005_0019_0063_0063.jpg 1 5 19 63 63
0870_0043_0018_0044_0044.jpg 1 43 18 44 44
0871_0029_0061_0026_0026.jpg 1 29 61 26 26
0872_0033_0033_0055_0055.jpg 1 33 33 55 55
0873_0018_0028_0034_0034.jpg 1 18 28 34 34
0874_0021_0047_0038_0038.jpg 1 21 47 38 38
0875_0008_0026_0054_0054.jpg 1 8 26 54 54
0876_0024_0007_0050_0050.jpg 1 24 7 50 50
0877_0048_0023_0024_0024.jpg 1 48 23 24 24
0878_0011_0038_0037_0037.jpg 1 11 38 37 37
0879_0007_0030_0063_0063.jpg 1 7 30 63 63
0880_0037_0011_0040_0040.jpg 1 37 11 40 40
0881_0029_0033_0037_0037.jpg 1 29 33 37 37
0882_0017_0045_0029_0029.jpg 1 17 45 29 29
0883_0006_0021_0056_0056.jpg 1 6 21 56 56
0884_0014_0046_0047_0047.jpg 1 14 46 47 47
0885_0016_0023_0044_0044.jpg 1 16 23 44 44
0886_0027_0032_0059_0059.jpg 1 27 32 59 59
0887_0019_0019_0057_0057.jpg 1 19 19 57 57
0888_0029_0024_0035_0035.jpg 1 29 24 35 35
0889_0032_0006_0042_0042.jpg 1 32 6 42 42
0890_0049_0036_0045_0045.jpg 1 49 36 45 45
0891_0004_0009_0065_0065.jpg 1 4 9 65 65
0892_0027_0023_0062_0062.jpg 1 27 23 62 62
0893_0009_0035_0048_0048.jpg 1 9 35 48 48
0894_0058_0023_0034_0034.jpg 1 58 23 34 34
0895_0034_0008_0042_0042.jpg 1 34 8 42 42
0896_0019_0050_0035_0035.jpg 1 19 50 35 35
0897_0029_0007_0054_0054.jpg 1 29 7 54 54
0898_0031_0009_0062_0062.jpg 1 31 9 62 62
0899_0017_0026_0041_0041.jpg 1 17 26 41 41
0900_0015_0041_0054_0054.jpg 1 15 41 54 54
0901_0004_0013_0069_0069.jpg 1 4 13 69 69
0902_0034_0012_0052_0052.jpg 1 34 12 52 52
0903_0024_0040_0034_0034.jpg 1 24 40 34 34
0904_0054_0015_0027_0027.jpg 1 54 15 27 27
0905_0041_0035_0037_0037.jpg 1 41 35 37 37
0906_0055_0025_0026_0026.jpg 1 55 25 26 26
0907_0011_0013_0061_0061.jpg 1 11 13 61 61
0908_0010_0020_0068_0068.jpg 1 10 20 68 68
0909_0048_0026_0037_0037.jpg 1 48 26 37 37
0910_0034_0007_0029_0029.jpg 1 34 7 29 29
0911_0039_0017_0048_0048.jpg 1 39 17 48 48
0912_0047_0013_0024_0024.jpg 1 47 13 24 24
0913_0024_0024_0057_0057.jpg 1 24 24 57 57
0914_0025_0024_0069_0069.jpg 1 25 24 69 69
0915_0020_0015_0061_0061.jpg 1 20 15 61 61
0916_0045_0026_0044_0044.jpg 1 45 26 44 44
0917_0020_0048_0034_0034.jpg 1 20 48 34 34
0918_0026_0031_0063_0063.jpg 1 26 31 63 63
0919_0056_0055_0034_0034.jpg 1 56 55 34 34
0920_0021_0018_0067_0067.jpg 1 21 18 67 67
0921_0009_0034_0055_0055.jpg 1 9 34 55 55
0922_0027_0018_0066_0066.jpg 1 27 18 66 66
0923_0005_0010_0069_0069.jpg 1 5 10 69 69
0924_0018_0015_0054_0054.jpg 1 18 15 54 54
0925_0054_0035_0038_0038.jpg 1 54 35 38 38
0926_0046_0020_0036_0036.jpg 1 46 20 36 36
0927_0043_0060_0026_0026.jpg 1 43 60 26 26
0928_0008_0038_0034_0034.jpg 1 8 38 34 34
0929_0034_0008_0047_0047.jpg 1 34 8 47 47
0930_0022_0036_0054_0054.jpg 1 22 36 54 54
0931_0017_0042_0038_0038.jpg 1 17 42 38 38
0932_0045_0057_0025_0025.jpg 1 45 57 25 25
0933_0032_0003_0062_0062.jpg 1 32 3 62 62
0934_0034_0038_0056_0056.jpg 1 34 38 56 56
0935_0021_0022_0050_0050.jpg 1 21 22 50 50
0936_0012_0006_0061_0061.jpg 1 12 6 61 61
0937_0014_0041_0044_0044.jpg 1 14 41 44 44
0938_0047_0048_0044_0044.jpg 1 47 48 44 44
0939_0063_0031_0027_0027.jpg 1 63 31 27 27
0940_0046_0032_0045_0045.jpg 1 46 32 45 45
0941_0036_0048_0027_0027.jpg 1 36 48 27 27
0942_0038_0016_0052_0052.jpg 1 38 16 52 52
0943_0035_0015_0058_0058.jpg 1 35 15 58 58
0944_0015_0054_0029_0029.jpg 1 15 54 29 29
0945_0018_0036_0050_0050.jpg 1 18 36 50 50
0946_0040_0041_0031_0031.jpg 1 40 41 31 31
0947_0051_0028_0039_0039.jpg 1 51 28 39 39
0948_0050_0056_0034_0034.jpg 1 50 56 34 34
0949_0030_0033_0062_0062.jpg 1 30 33 62 62
0950_0032_0038_0054_0054.jpg 1 32 38 54 54
0951_0037_0024_0032_0032.jpg 1 37 24 32 32
0952_0033_0005_0053_0053.jpg 1 33 5 53 53
0953_0058_0057_0024_0024.jpg 1 58 57 24 24
0954_0036_0017_0049_0049.jpg 1 36 17 49 49
0955_0019_0027_0037_0037.jpg 1 19 27 37 37
0956_0022_0046_0025_0025.jpg 1 22 46 25 25
0957_0011_0009_0057_0057.jpg 1 11 9 57 57
0958_0027_0022_0065_0065.jpg 1 27 22 65 65
0959_0026_0050_0044_0044.jpg 1 26 50 44 44
0960_0017_0022_0061_0061.jpg 1 17 22 61 61
0961_0011_0046_0035_0035.jpg 1 11 46 35 35
0962_0006_0029_0064_0064.jpg 1 6 29 64 64
0963_0025_0018_0051_0051.jpg 1 25 18 51 51
0964_0042_0042_0026_0026.jpg 1 42 42 26 26
0965_0042_0041_0049_0049.jpg 1 42 41 49 49
0966_0027_0018_0049_0049.jpg 1 27 18 49 49
0967_0023_0028_0052_0052.jpg 1 23 28 52 52
0968_0034_0045_0028_0028.jpg 1 34 45 28 28
0969_0023_0021_0052_0052.jpg 1 23 21 52 52
0970_0035_0007_0059_0059.jpg 1 35 7 59 59
0971_0012_0010_0054_0054.jpg 1 12 10 54 54
0972_0032_0009_0054_0054.jpg 1 32 9 54 54
0973_0041_0022_0043_0043.jpg 1 41 22 43 43
0974_0062_0063_0025_0025.jpg 1 62 63 25 25
0975_0032_0006_0064_0064.jpg 1 32 6 64 64
0976_0010_0032_0063_0063.jpg 1 10 32 63 63
0977_0065_0054_0024_0024.jpg 1 65 54 24 24
0978_0049_0007_0040_0040.jpg 1 49 7 40 40
0979_0012_0033_0051_0051.jpg 1 12 33 51 51
0980_0006_0025_0065_0065.jpg 1 6 25 65 65
0981_0014_0016_0057_0057.jpg 1 14 16 57 57
0982_0004_0020_0062_0062.jpg 1 4 20 62 62
0983_0042_0044_0031_0031.jpg 1 42 44 31 31
0984_0025_0032_0055_0055.jpg 1 25 32 55 55
0985_0004_0011_0065_0065.jpg 1 4 11 65 65
0986_0024_0021_0063_0063.jpg 1 24 21 63 63
0987_0023_0021_0068_0068.jpg 1 23 21 68 68
0988_0009_0028_0057_0057.jpg 1 9 28 57 57
0989_0014_0010_0063_0063.jpg 1 14 10 63 63
0990_0032_0015_0049_0049.jpg 1 32 15 49 49
0991_0008_0022_0060_0060.jpg 1 8 22 60 60
0992_0028_0057_0035_0035.jpg 1 28 57 35 35
0993_0009_0021_0049_0049.jpg 1 9 21 49 49
0994_0011_0048_0030_0030.jpg 1 11 48 30 30
0995_0005_0021_0062_0062.jpg 1 5 21 62 62
0996_0046_0014_0042_0042.jpg 1 46 14 42 42
0997_0013_0007_0056_0056.jpg 1 13 7 56 56
0998_0035_0049_0035_0035.jpg 1 35 49 35 35
0999_0048_0036_0037_0037.jpg 1 48 36 37 37
1000_0025_0009_0037_0037.jpg 1 25 9 37 37
1001_0058_0041_0031_0031.jpg 1 58 41 31 31
1002_0017_0008_0053_0053.jpg 1 17 8 53 53
1003_0057_0007_0029_0029.jpg 1 57 7 29 29
1004_0005_0007_0048_0048.jpg 1 5 7 48 48
1005_0038_0020_0043_0043.jpg 1 38 20 43 43
1006_0006_0020_0043_0043.jpg 1 6 20 43 43
1007_0016_0043_0050_0050.jpg 1 16 43 50 50
1008_0005_0019_0066_0066.jpg 1 5 19 66 66
1009_0059_0050_0029_0029.jpg 1 59 50 29 29
1010_0037_0014_0056_0056.jpg 1 37 14 56 56
1011_0041_0017_0046_0046.jpg 1 41 17 46 46
1012_0026_0009_0065_0065.jpg 1 26 9 65 65
1013_0017_0025_0051_0051.jpg 1 17 25 51 51
1014_0039_0046_0040_0040.jpg 1 39 46 40 40
1015_0044_0021_0038_0038.jpg 1 44 21 38 38
1016_0011_0047_0043_0043.jpg 1 11 47 43 43
1017_0007_0007_0049_0049.jpg 1 7 7 49 49
1018_0024_0015_0063_0063.jpg 1 24 15 63 63
1019_0023_0016_0051_0051.jpg 1 23 16 51 51
1020_0029_0012_0049_0049.jpg 1 29 12 49 49
1021_0034_0022_0031_0031.jpg 1 34 22 31 31
1022_0049_0017_0027_0027.jpg 1 49 17 27 27
1023_0043_0034_0045_0045.jpg 1 43 34 45 45
1024_0040_0007_0047_0047.jpg 1 40 7 47 47
1025_0010_0012_0068_0068.jpg 1 10 12 68 68
1026_0023_0019_0060_0060.jpg 1 23 19 60 60
1027_0015_0038_0052_0052.jpg 1 15 38 52 52
1028_0038_0010_0048_0048.jpg 1 38 10 48 48
1029_0011_0032_0055_0055.jpg 1 11 32 55 55
1030_0020_0037_0055_0055.jpg 1 20 37 55 55
1031_0009_0010_0053_0053.jpg 1 9 10 53 53
1032_0051_0016_0033_0033.jpg 1 51 16 33 33
1033_0011_0048_0040_0040.jpg 1 11 48 40 40
1034_0025_0014_0058_0058.jpg 1 25 14 58 58
1035_0015_0035_0056_0056.jpg 1 15 35 56 56
1036_0039_0009_0054_0054.jpg 1 39 9 54 54
1037_0027_0017_0067_0067.jpg 1 27 17 67 67
1038_0021_0026_0056_0056.jpg 1 21 26 56 56
1039_0059_0019_0028_0028.jpg 1 59 19 28 28
1040_0011_0014_0069_0069.jpg 1 11 14 69 69
1041_0049_0053_0029_0029.jpg 1 49 53 29 29
1042_0009_0024_0033_0033.jpg 1 9 24 33 33
1043_0007_0058_0033_0033.jpg 1 7 58 33 33
1044_0032_0025_0054_0054.jpg 1 32 25 54 54
1045_0013_0016_0028_0028.jpg 1 13 16 28 28
1046_0044_0025_0029_0029.jpg 1 44 25 29 29
1047_0022_0021_0050_0050.jpg 1 22 21 50 50
1048_0026_0032_0058_0058.jpg 1 26 32 58 58
1049_0039_0017_0026_0026.jpg 1 39 17 26 26
1050_0028_0031_0039_0039.jpg 1 28 31 39 39
1051_0049_0046_0036_0036.jpg 1 49 46 36 36
1052_0044_0021_0049_0049.jpg 1 44 21 49 49
1053_0022_0023_0052_0052.jpg 1 22 23 52 52
1054_0028_0028_0051_0051.jpg 1 28 28 51 51
1055_0011_0030_0059_0059.jpg 1 11 30 59 59
1056_0039_0040_0055_0055.jpg 1 39 40 55 55
1057_0024_0026_0069_0069.jpg 1 24 26 69 69
1058_0022_0032_0063_0063.jpg 1 22 32 63 63
1059_0038_0022_0033_0033.jpg 1 38 22 33 33
1060_0040_0007_0037_0037.jpg 1 40 7 37 37
1061_0029_0006_0065_0065.jpg 1 29 6 65 65
1062_0056_0051_0028_0028.jpg 1 56 51 28 28
1063_0013_0007_0051_0051.jpg 1 13 7 51 51
1064_0005_0009_0069_0069.jpg 1 5 9 69 69
1065_0009_0021_0060_0060.jpg 1 9 21 60 60
1066_0052_0034_0030_0030.jpg 1 52 34 30 30
1067_0012_0043_0037_0037.jpg 1 12 43 37 37
1068_0031_0050_0039_0039.jpg 1 31 50 39 39
1069_0039_0042_0027_0027.jpg 1 39 42 27 27
1070_0033_0016_0036_0036.jpg 1 33 16 36 36
1071_0007_0057_0027_0027.jpg 1 7 57 27 27
1072_0046_0028_0042_0042.jpg 1 46 28 42 42
1073_0019_0013_0064_0064.jpg 1 19 13 64 64
1074_0026_0042_0030_0030.jpg 1 26 42 30 30
1075_0006_0026_0043_0043.jpg 1 6 26 43 43
1076_0027_0011_0060_0060.jpg 1 27 11 60 60
1077_0050_0010_0037_0037.jpg 1 50 10 37 37
1078_0004_0022_0066_0066.jpg 1 4 22 66 66
1079_0008_0005_0065_0065.jpg 1 8 5 65 65
1080_0006_0009_0063_0063.jpg 1 6 9 63 63
1081_0017_0015_0047_0047.jpg 1 17 15 47 47
1082_0016_0010_0056_0056.jpg 1 16 10 56 56
1083_0036_0021_0054_0054.jpg 1 36 21 54 54
1084_0057_0053_0033_0033.jpg 1 57 53 33 33
1085_0023_0013_0055_0055.jpg 1 23 13 55 55
1086_0058_0038_0028_0028.jpg 1 58 38 28 28
1087_0005_0027_0069_0069.jpg 1 5 27 69 69
1088_0028_0023_0068_0068.jpg 1 28 23 68 68
1089_0019_0016_0057_0057.jpg 1 19 16 57 57
1090_0017_0009_0053_0053.jpg 1 17 9 53 53
1091_0046_0054_0027_0027.jpg 1 46 54 27 27
1092_0031_0015_0044_0044.jpg 1 31 15 44 44
1093_0033_0022_0060_0060.jpg 1 33 22 60 60
1094_0006_0022_0063_0063.jpg 1 6 22 63 63
1095_0024_0009_0068_0068.jpg 1 24 9 68 68
1096_0058_0037_0026_0026.jpg 1 58 37 26 26
1097_0028_0010_0052_0052.jpg 1 28 10 52 52
1098_0029_0043_0047_0047.jpg 1 29 43 47 47
1099_0041_0022_0053_0053.jpg 1 41 22 53 53
1100_0025_0012_0037_0037.jpg 1 25 12 37 37
1101_0022_0020_0054_0054.jpg 1 22 20 54 54
1102_0037_0032_0057_0057.jpg 1 37 32 57 57
1103_0021_0023_0039_0039.jpg 1 21 23 39 39
1104_0007_0026_0049_0049.jpg 1 7 26 49 49
1105_0011_0025_0046_0046.jpg 1 11 25 46 46
1106_0003_0024_0067_0067.jpg 1 3 24 67 67
1107_0007_0030_0047_0047.jpg 1 7 30 47 47
1108_0014_0005_0055_0055.jpg 1 14 5 55 55
1109_0039_0049_0029_0029.jpg 1 39 49 29 29
1110_0011_0025_0051_0051.jpg 1 11 25 51 51
1111_0060_0045_0031_0031.jpg 1 60 45 31 31
1112_0042_0023_0048_0048.jpg 1 42 23 48 48
1113_0013_0033_0056_0056.jpg 1 13 33 56 56
1114_0012_0051_0032_0032.jpg 1 12 51 32 32
1115_0017_0023_0066_0066.jpg 1 17 23 66 66
1116_0012_0026_0033_0033.jpg 1 12 26 33 33
1117_0019_0019_0028_0028.jpg 1 19 19 28 28
1118_0011_0038_0052_0052.jpg 1 11 38 52 52
1119_0041_0008_0046_0046.jpg 1 41 8 46 46
1120_0020_0041_0040_0040.jpg 1 20 41 40 40
1121_0014_0012_0065_0065.jpg 1 14 12 65 65
1122_0012_0030_0028_0028.jpg 1 12 30 28 28
1123_0047_0050_0042_0042.jpg 1 47 50 42 42
1124_0014_0022_0068_0068.jpg 1 14 22 68 68
1125_0045_0010_0035_0035.jpg 1 45 10 35 35
1126_0043_0032_0039_0039.jpg 1 43 32 39 39
1127_0065_0028_0025_0025.jpg 1 65 28 25 25
1128_0003_0003_0066_0066.jpg 1 3 3 66 66
1129_0066_0023_0026_0026.jpg 1 66 23 26 26
1130_0019_0034_0044_0044.jpg 1 19 34 44 44
1131_0021_0063_0027_0027.jpg 1 21 63 27 27
1132_0026_0008_0055_0055.jpg 1 26 8 55 55
1133_0038_0030_0037_0037.jpg 1 38 30 37 37
1134_0009_0024_0068_0068.jpg 1 9 24 68 68
1135_0017_0017_0044_0044.jpg 1 17 17 44 44
1136_0055_0051_0028_0028.jpg 1 55 51 28 28
1137_0052_0044_0029_0029.jpg 1 52 44 29 29
1138_0023_0012_0061_0061.jpg 1 23 12 61 61
1139_0027_0010_0058_0058.jpg 1 27 10 58 58
1140_0010_0005_0061_0061.jpg 1 10 5 61 61
1141_0028_0024_0065_0065.jpg 1 28 24 65 65
1142_0044_0062_0026_0026.jpg 1 44 62 26 26
1143_0037_0050_0024_0024.jpg 1 37 50 24 24
1144_0058_0016_0032_0032.jpg 1 58 16 32 32
1145_0030_0009_0027_0027.jpg 1 30 9 27 27
1146_0030_0033_0046_0046.jpg 1 30 33 46 46
1147_0025_0046_0037_0037.jpg 1 25 46 37 37
1148_0026_0038_0055_0055.jpg 1 26 38 55 55
1149_0023_0022_0056_0056.jpg 1 23 22 56 56
1150_0017_0024_0048_0048.jpg 1 17 24 48 48
1151_0015_0029_0053_0053.jpg 1 15 29 53 53
1152_0020_0045_0048_0048.jpg 1 20 45 48 48
1153_0006_0013_0052_0052.jpg 1 6 13 52 52
1154_0010_0025_0066_0066.jpg 1 10 25 66 66
1155_0008_0022_0050_0050.jpg 1 8 22 50 50
1156_0013_0052_0032_0032.jpg 1 13 52 32 32
1157_0055_0008_0038_0038.jpg 1 55 8 38 38
1158_0030_0026_0063_0063.jpg 1 30 26 63 63
1159_0007_0010_0042_0042.jpg 1 7 10 42 42
1160_0006_0011_0045_0045.jpg 1 6 11 45 45
1161_0033_0012_0055_0055.jpg 1 33 12 55 55
1162_0022_0031_0047_0047.jpg 1 22 31 47 47
1163_0028_0008_0041_0041.jpg 1 28 8 41 41
1164_0022_0022_0056_0056.jpg 1 22 22 56 56
1165_0008_0040_0044_0044.jpg 1 8 40 44 44
1166_0036_0032_0038_0038.jpg 1 36 32 38 38
1167_0034_0015_0042_0042.jpg 1 34 15 42 42
1168_0022_0009_0058_0058.jpg 1 22 9 58 58
1169_0020_0017_0051_0051.jpg 1 20 17 51 51
1170_0011_0010_0066_0066.jpg 1 11 10 66 66
1171_0059_0030_0032_0032.jpg 1 59 30 32 32
1172_0030_0022_0056_0056.jpg 1 30 22 56 56
1173_0015_0016_0056_0056.jpg 1 15 16 56 56
1174_0035_0034_0050_0050.jpg 1 35 34 50 50
1175_0026_0021_0059_0059.jpg 1 26 21 59 59
1176_0038_0007_0045_0045.jpg 1 38 7 45 45
1177_0037_0040_0039_0039.jpg 1 37 40 39 39
1178_0028_0026_0067_0067.jpg 1 28 26 67 67
1179_0042_0036_0048_0048.jpg 1 42 36 48 48
1180_0054_0050_0039_0039.jpg 1 54 50 39 39
1181_0010_0037_0040_0040.jpg 1 10 37 40 40
1182_0051_0040_0037_0037.jpg 1 51 40 37 37
1183_0029_0033_0061_0061.jpg 1 29 33 61 61
1184_0025_0036_0056_0056.jpg 1 25 36 56 56
1185_0034_0026_0057_0057.jpg 1 34 26 57 57
1186_0027_0025_0034_0034.jpg 1 27 25 34 34
1187_0006_0017_0063_0063.jpg 1 6 17 63 63
1188_0032_0026_0036_0036.jpg 1 32 26 36 36
1189_0036_0006_0056_0056.jpg 1 36 6 56 56
1190_0046_0015_0038_0038.jpg 1 46 15 38 38
1191_0022_0019_0067_0067.jpg 1 22 19 67 67
1192_0028_0019_0058_0058.jpg 1 28 19 58 58
1193_0013_0019_0068_0068.jpg 1 13 19 68 68
1194_0057_0027_0026_0026.jpg 1 57 27 26 26
1195_0030_0038_0040_0040.jpg 1 30 38 40 40
1196_0032_0049_0034_0034.jpg 1 32 49 34 34
1197_0036_0018_0039_0039.jpg 1 36 18 39 39
1198_0006_0039_0055_0055.jpg 1 6 39 55 55
1199_0027_0030_0057_0057.jpg 1 27 30 57 57
1200_0020_0040_0027_0027.jpg 1 20 40 27 27
1201_0009_0026_0065_0065.jpg 1 9 26 65 65
1202_0034_0041_0041_0041.jpg 1 34 41 41 41
1203_0028_0035_0025_0025.jpg 1 28 35 25 25
1204_0035_0010_0055_0055.jpg 1 35 10 55 55
1205_0035_0020_0061_0061.jpg 1 35 20 61 61
1206_0022_0026_0067_0067.jpg 1 22 26 67 67
1207_0015_0019_0057_0057.jpg 1 15 19 57 57
1208_0019_0050_0044_0044.jpg 1 19 50 44 44
1209_0025_0039_0048_0048.jpg 1 25 39 48 48
1210_0020_0022_0044_0044.jpg 1 20 22 44 44
1211_0013_0034_0054_0054.jpg 1 13 34 54 54
1212_0028_0004_0056_0056.jpg 1 28 4 56 56
1213_0023_0035_0056_0056.jpg 1 23 35 56 56
1214_0053_0031_0030_0030.jpg 1 53 31 30 30
1215_0016_0023_0049_0049.jpg 1 16 23 49 49
1216_0043_0037_0047_0047.jpg 1 43 37 47 47
1217_0005_0004_0058_0058.jpg 1 5 4 58 58
1218_0040_0030_0043_0043.jpg 1 40 30 43 43
1219_0042_0009_0039_0039.jpg 1 42 9 39 39
1220_0011_0043_0050_0050.jpg 1 11 43 50 50
1221_0037_0011_0031_0031.jpg 1 37 11 31 31
1222_0037_0049_0037_0037.jpg 1 37 49 37 37
1223_0007_0023_0038_0038.jpg 1 7 23 38 38
1224_0024_0028_0067_0067.jpg 1 24 28 67 67
1225_0007_0020_0046_0046.jpg 1 7 20 46 46
1226_0040_0008_0054_0054.jpg 1 40 8 54 54
1227_0028_0005_0054_0054.jpg 1 28 5 54 54
1228_0011_0028_0062_0062.jpg 1 11 28 62 62
1229_0011_0047_0047_0047.jpg 1 11 47 47 47
1230_0023_0059_0028_0028.jpg 1 23 59 28 28
1231_0039_0016_0041_0041.jpg 1 39 16 41 41
1232_0026_0046_0034_0034.jpg 1 26 46 34 34
1233_0040_0049_0040_0040.jpg 1 40 49 40 40
1234_0037_0028_0024_0024.jpg 1 37 28 24 24
1235_0014_0029_0027_0027.jpg 1 14 29 27 27
1236_0014_0016_0045_0045.jpg 1 14 16 45 45
1237_0009_0008_0060_0060.jpg 1 9 8 60 60
1238_0024_0007_0047_0047.jpg 1 24 7 47 47
1239_0021_0005_0068_0068.jpg 1 21 5 68 68
1240_0030_0013_0042_0042.jpg 1 30 13 42 42
1241_0025_0009_0046_0046.jpg 1 25 9 46 46
1242_0009_0024_0053_0053.jpg 1 9 24 53 53
1243_0018_0039_0053_0053.jpg 1 18 39 53 53
1244_0011_0060_0032_0032.jpg 1 11 60 32 32
1245_0031_0019_0058_0058.jpg 1 31 19 58 58
1246_0030_0026_0044_0044.jpg 1 30 26 44 44
1247_0062_0045_0028_0028.jpg 1 62 45 28 28
1248_0015_0015_0069_0069.jpg 1 15 15 69 69
1249_0021_0018_0060_0060.jpg 1 21 18 60 60
1250_0028_0016_0052_0052.jpg 1 28 16 52 52
1251_0035_0018_0053_0053.jpg 1 35 18 53 53
1252_0017_0029_0061_0061.jpg 1 17 29 61 61
1253_0036_0049_0034_0034.jpg 1 36 49 34 34
1254_0013_0033_0045_0045.jpg 1 13 33 45 45
1255_0031_0028_0035_0035.jpg 1 31 28 35 35
1256_0009_0045_0038_0038.jpg 1 9 45 38 38
1257_0042_0025_0031_0031.jpg 1 42 25 31 31
1258_0052_0008_0024_0024.jpg 1 52 8 24 24
1259_0009_0053_0038_0038.jpg 1 9 53 38 38
1260_0009_0009_0039_0039.jpg 1 9 9 39 39
1261_0020_0035_0047_0047.jpg 1 20 35 47 47
1262_0023_0005_0057_0057.jpg 1 23 5 57 57
1263_0057_0021_0033_0033.jpg 1 57 21 33 33
1264_0028_0025_0025_0025.jpg 1 28 25 25 25
1265_0010_0022_0066_0066.jpg 1 10 22 66 66
1266_0023_0025_0066_0066.jpg 1 23 25 66 66
1267_0041_0035_0045_0045.jpg 1 41 35 45 45
1268_0020_0012_0051_0051.jpg 1 20 12 51 51
1269_0061_0056_0025_0025.jpg 1 61 56 25 25
1270_0062_0007_0030_0030.jpg 1 62 7 30 30
1271_0019_0022_0067_0067.jpg 1 19 22 67 67
1272_0039_0046_0037_0037.jpg 1 39 46 37 37
1273_0011_0028_0065_0065.jpg 1 11 28 65 65
1274_0031_0048_0042_0042.jpg 1 31 48 42 42
1275_0019_0026_0057_0057.jpg 1 19 26 57 57
1276_0006_0007_0042_0042.jpg 1 6 7 42 42
1277_0030_0057_0031_0031.jpg 1 30 57 31 31
1278_0032_0057_0026_0026.jpg 1 32 57 26 26
1279_0015_0009_0068_0068.jpg 1 15 9 68 68
1280_0008_0040_0026_0026.jpg 1 8 40 26 26
1281_0032_0023_0033_0033.jpg 1 32 23 33 33
1282_0029_0016_0066_0066.jpg 1 29 16 66 66
1283_0020_0012_0059_0059.jpg 1 20 12 59 59
1284_0014_0010_0068_0068.jpg 1 14 10 68 68
1285_0045_0054_0036_0036.jpg 1 45 54 36 36
1286_0032_0039_0046_0046.jpg 1 32 39 46 46
1287_0021_0011_0066_0066.jpg 1 21 11 66 66
1288_0007_0016_0053_0053.jpg 1 7 16 53 53
1289_0019_0024_0052_0052.jpg 1 19 24 52 52
1290_0015_0009_0056_0056.jpg 1 15 9 56 56
1291_0026_0004_0057_0057.jpg 1 26 4 57 57
1292_0017_0019_0056_0056.jpg 1 17 19 56 56
1293_0031_0019_0059_0059.jpg 1 31 19 59 59
1294_0022_0013_0034_0034.jpg 1 22 13 34 34
1295_0011_0028_0029_0029.jpg 1 11 28 29 29
1296_0047_0041_0026_0026.jpg 1 47 41 26 26
1297_0050_0016_0038_0038.jpg 1 50 16 38 38
1298_0050_0030_0042_0042.jpg 1 50 30 42 42
1299_0031_0027_0059_0059.jpg 1 31 27 59 59
1300_0023_0016_0059_0059.jpg 1 23 16 59 59
1301_0036_0038_0037_0037.jpg 1 36 38 37 37
1302_0017_0024_0061_0061.jpg 1 17 24 61 61
1303_0033_0038_0039_0039.jpg 1 33 38 39 39
1304_0049_0007_0026_0026.jpg 1 49 7 26 26
1305_0009_0017_0030_0030.jpg 1 9 17 30 30
1306_0008_0027_0043_0043.jpg 1 8 27 43 43
1307_0032_0011_0051_0051.jpg 1 32 11 51 51
1308_0009_0014_0068_0068.jpg 1 9 14 68 68
1309_0016_0003_0069_0069.jpg 1 16 3 69 69
1310_0018_0027_0067_0067.jpg 1 18 27 67 67
1311_0034_0006_0060_0060.jpg 1 34 6 60 60
1312_0010_0011_0058_0058.jpg 1 10 11 58 58
1313_0029_0021_0066_0066.jpg 1 29 21 66 66
1314_0007_0023_0042_0042.jpg 1 7 23 42 42
1315_0027_0010_0027_0027.jpg 1 27 10 27 27
1316_0029_0031_0034_0034.jpg 1 29 31 34 34
1317_0053_0006_0039_0039.jpg 1 53 6 39 39
1318_0021_0017_0064_0064.jpg 1 21 17 64 64
1319_0012_0032_0058_0058.jpg 1 12 32 58 58
1320_0014_0011_0038_0038.jpg 1 14 11 38 38
1321_0007_0031_0064_0064.jpg 1 7 31 64 64
1322_0027_0004_0059_0059.jpg 1 27 4 59 59
1323_0024_0015_0055_0055.jpg 1 24 15 55 55
1324_0043_0059_0027_0027.jpg 1 43 59 27 27
1325_0039_0025_0030_0030.jpg 1 39 25 30 30
1326_0008_0004_0056_0056.jpg 1 8 4 56 56
1327_0016_0053_0034_0034.jpg 1 16 53 34 34
1328_0007_0025_0065_0065.jpg 1 7 25 65 65
1329_0014_0007_0066_0066.jpg 1 14 7 66 66
1330_0006_0031_0052_0052.jpg 1 6 31 52 52
1331_0027_0041_0049_0049.jpg 1 27 41 49 49
1332_0035_0023_0055_0055.jpg 1 35 23 55 55
1333_0048_0030_0045_0045.jpg 1 48 30 45 45
1334_0026_0038_0054_0054.jpg 1 26 38 54 54
1335_0013_0046_0031_0031.jpg 1 13 46 31 31
1336_0007_0015_0068_0068.jpg 1 7 15 68 68
1337_0048_0040_0040_0040.jpg 1 48 40 40 40
1338_0058_0025_0034_0034.jpg 1 58 25 34 34
1339_0007_0049_0044_0044.jpg 1 7 49 44 44
1340_0036_0011_0026_0026.jpg 1 36 11 26 26
1341_0026_0020_0066_0066.jpg 1 26 20 66 66
1342_0030_0031_0043_0043.jpg 1 30 31 43 43
1343_0019_0032_0052_0052.jpg 1 19 32 52 52
1344_0015_0016_0042_0042.jpg 1 15 16 42 42
1345_0024_0039_0039_0039.jpg 1 24 39 39 39
1346_0034_0018_0057_0057.jpg 1 34 18 57 57
1347_0020_0027_0043_0043.jpg 1 20 27 43 43
1348_0034_0028_0060_0060.jpg 1 34 28 60 60
1349_0019_0043_0025_0025.jpg 1 19 43 25 25
1350_0036_0036_0035_0035.jpg 1 36 36 35 35
1351_0010_0024_0063_0063.jpg 1 10 24 63 63
1352_0035_0042_0024_0024.jpg 1 35 42 24 24
1353_0045_0043_0030_0030.jpg 1 45 43 30 30
1354_0054_0024_0026_0026.jpg 1 54 24 26 26
1355_0017_0015_0055_0055.jpg 1 17 15 55 55
1356_0021_0028_0048_0048.jpg 1 21 28 48 48
1357_0016_0031_0050_0050.jpg 1 16 31 50 50
1358_0052_0036_0031_0031.jpg 1 52 36 31 31
1359_0016_0021_0028_0028.jpg 1 16 21 28 28
1360_0019_0035_0050_0050.jpg 1 19 35 50 50
1361_0017_0028_0063_0063.jpg 1 17 28 63 63
1362_0040_0014_0037_0037.jpg 1 40 14 37 37
1363_0028_0017_0060_0060.jpg 1 28 17 60 60
1364_0032_0020_0050_0050.jpg 1 32 20 50 50
1365_0010_0008_0051_0051.jpg 1 10 8 51 51
1366_0030_0008_0047_0047.jpg 1 30 8 47 47
1367_0019_0025_0055_0055.jpg 1 19 25 55 55
1368_0036_0046_0040_0040.jpg 1 36 46 40 40
1369_0038_0031_0056_0056.jpg 1 38 31 56 56
1370_0011_0015_0048_0048.jpg 1 11 15 48 48
1371_0025_0008_0067_0067.jpg 1 25 8 67 67
1372_0014_0050_0037_0037.jpg 1 14 50 37 37
1373_0047_0027_0036_0036.jpg 1 47 27 36 36
1374_0028_0030_0038_0038.jpg 1 28 30 38 38
1375_0064_0028_0026_0026.jpg 1 64 28 26 26
1376_0048_0010_0024_0024.jpg 1 48 10 24 24
1377_0009_0030_0063_0063.jpg 1 9 30 63 63
1378_0041_0042_0037_0037.jpg 1 41 42 37 37
1379_0052_0029_0034_0034.jpg 1 52 29 34 34
1380_0014_0025_0056_0056.jpg 1 14 25 56 56
1381_0051_0032_0034_0034.jpg 1 51 32 34 34
1382_0009_0008_0044_0044.jpg 1 9 8 44 44
1383_0034_0054_0035_0035.jpg 1 34 54 35 35
1384_0032_0023_0058_0058.jpg 1 32 23 58 58
1385_0062_0039_0025_0025.jpg 1 62 39 25 25
1386_0038_0051_0028_0028.jpg 1 38 51 28 28
1387_0048_0025_0044_0044.jpg 1 48 25 44 44
1388_0048_0013_0025_0025.jpg 1 48 13 25 25
1389_0012_0013_0050_0050.jpg 1 12 13 50 50
1390_0032_0036_0026_0026.jpg 1 32 36 26 26
1391_0016_0035_0030_0030.jpg 1 16 35 30 30
1392_0028_0014_0046_0046.jpg 1 28 14 46 46
1393_0009_0029_0061_0061.jpg 1 9 29 61 61
1394_0023_0030_0057_0057.jpg 1 23 30 57 57
1395_0014_0020_0068_0068.jpg 1 14 20 68 68
1396_0016_0012_0065_0065.jpg 1 16 12 65 65
1397_0045_0049_0035_0035.jpg 1 45 49 35 35
1398_0029_0060_0024_0024.jpg 1 29 60 24 24
1399_0016_0016_0049_0049.jpg 1 16 16 49 49
1400_0036_0034_0041_0041.jpg 1 36 34 41 41
1401_0029_0037_0050_0050.jpg 1 29 37 50 50
1402_0027_0033_0053_0053.jpg 1 27 33 53 53
1403_0022_0033_0049_0049.jpg 1 22 33 49 49
1404_0024_0006_0069_0069.jpg 1 24 6 69 69
1405_0025_0011_0065_0065.jpg 1 25 11 65 65
1406_0043_0028_0045_0045.jpg 1 43 28 45 45
1407_0043_0024_0048_0048.jpg 1 43 24 48 48
1408_0023_0027_0049_0049.jpg 1 23 27 49 49
1409_0042_0033_0048_0048.jpg 1 42 33 48 48
1410_0046_0030_0044_0044.jpg 1 46 30 44 44
1411_0043_0025_0044_0044.jpg 1 43 25 44 44
1412_0024_0025_0024_0024.jpg 1 24 25 24 24
1413_0056_0051_0037_0037.jpg 1 56 51 37 37
1414_0038_0037_0045_0045.jpg 1 38 37 45 45
1415_0039_0016_0034_0034.jpg 1 39 16 34 34
1416_0007_0015_0055_0055.jpg 1 7 15 55 55
1417_0058_0016_0032_0032.jpg 1 58 16 32 32
1418_0029_0008_0035_0035.jpg 1 29 8 35 35
1419_0041_0048_0040_0040.jpg 1 41 48 40 40
1420_0005_0004_0065_0065.jpg 1 5 4 65 65
1421_0027_0017_0026_0026.jpg 1 27 17 26 26
1422_0065_0019_0026_0026.jpg 1 65 19 26 26
1423_0011_0016_0069_0069.jpg 1 11 16 69 69
1424_0015_0013_0068_0068.jpg 1 15 13 68 68
1425_0052_0026_0039_0039.jpg 1 52 26 39 39
1426_0028_0006_0052_0052.jpg 1 28 6 52 52
1427_0041_0043_0031_0031.jpg 1 41 43 31 31
1428_0025_0046_0041_0041.jpg 1 25 46 41 41
1429_0033_0034_0056_0056.jpg 1 33 34 56 56
1430_0036_0034_0031_0031.jpg 1 36 34 31 31
1431_0004_0019_0068_0068.jpg 1 4 19 68 68
1432_0039_0008_0050_0050.jpg 1 39 8 50 50
1433_0009_0020_0069_0069.jpg 1 9 20 69 69
1434_0015_0025_0061_0061.jpg 1 15 25 61 61
1435_0031_0029_0064_0064.jpg 1 31 29 64 64
1436_0020_0032_0041_0041.jpg 1 20 32 41 41
1437_0061_0058_0028_0028.jpg 1 61 58 28 28
1438_0006_0007_0043_0043.jpg 1 6 7 43 43
1439_0020_0019_0040_0040.jpg 1 20 19 40 40
1440_0052_0038_0025_0025.jpg 1 52 38 25 25
1441_0040_0021_0040_0040.jpg 1 40 21 40 40
1442_0025_0007_0061_0061.jpg 1 25 7 61 61
1443_0019_0018_0068_0068.jpg 1 19 18 68 68
1444_0025_0016_0060_0060.jpg 1 25 16 60 60
1445_0053_0031_0037_0037.jpg 1 53 31 37 37
1446_0043_0022_0040_0040.jpg 1 43 22 40 40
1447_0009_0015_0029_0029.jpg 1 9 15 29 29
1448_0032_0038_0044_0044.jpg 1 32 38 44 44
1449_0031_0016_0042_0042.jpg 1 31 16 42 42
1450_0017_0028_0046_0046.jpg 1 17 28 46 46
1451_0045_0021_0047_0047.jpg 1 45 21 47 47
1452_0052_0040_0037_0037.jpg 1 52 40 37 37
1453_0030_0054_0037_0037.jpg 1 30 54 37 37
1454_0014_0036_0033_0033.jpg 1 14 36 33 33
1455_0020_0007_0064_0064.jpg 1 20 7 64 64
1456_0010_0013_0052_0052.jpg 1 10 13 52 52
1457_0011_0031_0063_0063.jpg 1 11 31 63 63
1458_0040_0013_0038_0038.jpg 1 40 13 38 38
1459_0014_0024_0065_0065.jpg 1 14 24 65 65
1460_0017_0005_0067_0067.jpg 1 17 5 67 67
1461_0041_0057_0027_0027.jpg 1 41 57 27 27
1462_0031_0022_0033_0033.jpg 1 31 22 33 33
1463_0039_0048_0033_0033.jpg 1 39 48 33 33
1464_0019_0011_0049_0049.jpg 1 19 11 49 49
1465_0008_0047_0041_0041.jpg 1 8 47 41 41
1466_0027_0019_0058_0058.jpg 1 27 19 58 58
1467_0027_0037_0054_0054.jpg 1 27 37 54 54
1468_0018_0011_0065_0065.jpg 1 18 11 65 65
1469_0023_0049_0025_0025.jpg 1 23 49 25 25
1470_0008_0008_0026_0026.jpg 1 8 8 26 26
1471_0031_0038_0038_0038.jpg 1 31 38 38 38
1472_0065_0041_0026_0026.jpg 1 65 41 26 26
1473_0035_0032_0037_0037.jpg 1 35 32 37 37
1474_0017_0041_0029_0029.jpg 1 17 41 29 29
1475_0030_0015_0064_0064.jpg 1 30 15 64 64
1476_0052_0064_0027_0027.jpg 1 52 64 27 27
1477_0031_0013_0027_0027.jpg 1 31 13 27 27
1478_0049_0015_0026_0026.jpg 1 49 15 26 26
1479_0013_0008_0064_0064.jpg 1 13 8 64 64
1480_0025_0034_0055_0055.jpg 1 25 34 55 55
1481_0006_0032_0035_0035.jpg 1 6 32 35 35
1482_0021_0010_0040_0040.jpg 1 21 10 40 40
1483_0008_0030_0025_0025.jpg 1 8 30 25 25
1484_0013_0043_0048_0048.jpg 1 13 43 48 48
1485_0005_0026_0056_0056.jpg 1 5 26 56 56
1486_0050_0048_0041_0041.jpg 1 50 48 41 41
1487_0054_0063_0029_0029.jpg 1 54 63 29 29
1488_0030_0009_0059_0059.jpg 1 30 9 59 59
1489_0032_0043_0024_0024.jpg 1 32 43 24 24
1490_0024_0055_0024_0024.jpg 1 24 55 24 24
1491_0012_0017_0061_0061.jpg 1 12 17 61 61
1492_0045_0032_0038_0038.jpg 1 45 32 38 38
1493_0018_0028_0065_0065.jpg 1 18 28 65 65
1494_0012_0020_0045_0045.jpg 1 12 20 45 45
1495_0049_0058_0025_0025.jpg 1 49 58 25 25
1496_0049_0040_0040_0040.jpg 1 49 40 40 40
1497_0020_0005_0064_0064.jpg 1 20 5 64 64
1498_0034_0008_0059_0059.jpg 1 34 8 59 59
1499_0003_0024_0066_0066.jpg 1 3 24 66 66
1500_0031_0006_0049_0049.jpg 1 31 6 49 49
1501_0005_0031_0057_0057.jpg 1 5 31 57 57
1502_0023_0008_0049_0049.jpg 1 23 8 49 49
1503_0004_0016_0054_0054.jpg 1 4 16 54 54
1504_0029_0030_0027_0027.jpg 1 29 30 27 27
1505_0010_0013_0065_0065.jpg 1 10 13 65 65
1506_0033_0043_0024_0024.jpg 1 33 43 24 24
1507_0036_0021_0057_0057.jpg 1 36 21 57 57
1508_0010_0030_0063_0063.jpg 1 10 30 63 63
1509_0012_0018_0061_0061.jpg 1 12 18 61 61
1510_0010_0019_0069_0069.jpg 1 10 19 69 69
1511_0019_0009_0055_0055.jpg 1 19 9 55 55
1512_0023_0029_0061_0061.jpg 1 23 29 61 61
1513_0017_0028_0066_0066.jpg 1 17 28 66 66
1514_0014_0009_0042_0042.jpg 1 14 9 42 42
1515_0056_0062_0030_0030.jpg 1 56 62 30 30
1516_0021_0010_0067_0067.jpg 1 21 10 67 67
1517_0041_0054_0038_0038.jpg 1 41 54 38 38
1518_0032_0009_0049_0049.jpg 1 32 9 49 49
1519_0024_0011_0068_0068.jpg 1 24 11 68 68
1520_0011_0033_0035_0035.jpg 1 11 33 35 35
1521_0048_0018_0028_0028.jpg 1 48 18 28 28
1522_0019_0029_0064_0064.jpg 1 19 29 64 64
1523_0010_0019_0061_0061.jpg 1 10 19 61 61
1524_0022_0022_0031_0031.jpg 1 22 22 31 31
1525_0064_0031_0026_0026.jpg 1 64 31 26 26
1526_0031_0020_0061_0061.jpg 1 31 20 61 61
1527_0010_0014_0051_0051.jpg 1 10 14 51 51
1528_0057_0023_0029_0029.jpg 1 57 23 29 29
1529_0019_0019_0036_0036.jpg 1 19 19 36 36
1530_0049_0038_0025_0025.jpg 1 49 38 25 25
1531_0025_0031_0029_0029.jpg 1 25 31 29 29
1532_0028_0052_0034_0034.jpg 1 28 52 34 34
1533_0004_0026_0060_0060.jpg 1 4 26 60 60
1534_0047_0029_0030_0030.jpg 1 47 29 30 30
1535_0038_0022_0055_0055.jpg 1 38 22 55 55
1536_0017_0022_0065_0065.jpg 1 17 22 65 65
1537_0025_0032_0055_0055.jpg 1 25 32 55 55
1538_0034_0048_0036_0036.jpg 1 34 48 36 36
1539_0042_0008_0052_0052.jpg 1 42 8 52 52
1540_0015_0014_0044_0044.jpg 1 15 14 44 44
1541_0005_0034_0059_0059.jpg 1 5 34 59 59
1542_0045_0036_0048_0048.jpg 1 45 36 48 48
1543_0008_0024_0062_0062.jpg 1 8 24 62 62
1544_0005_0027_0065_0065.jpg 1 5 27 65 65
1545_0018_0010_0049_0049.jpg 1 18 10 49 49
1546_0053_0011_0032_0032.jpg 1 53 11 32 32
1547_0009_0009_0060_0060.jpg 1 9 9 60 60
1548_0049_0045_0040_0040.jpg 1 49 45 40 40
1549_0045_0024_0048_0048.jpg 1 45 24 48 48
1550_0011_0038_0050_0050.jpg 1 11 38 50 50
1551_0036_0034_0053_0053.jpg 1 36 34 53 53
1552_0029_0034_0044_0044.jpg 1 29 34 44 44
1553_0022_0050_0027_0027.jpg 1 22 50 27 27
1554_0010_0018_0033_0033.jpg 1 10 18 33 33
1555_0037_0016_0055_0055.jpg 1 37 16 55 55
1556_0006_0009_0069_0069.jpg 1 6 9 69 69
1557_0042_0051_0039_0039.jpg 1 42 51 39 39
1558_0032_0023_0064_0064.jpg 1 32 23 64 64
1559_0012_0005_0050_0050.jpg 1 12 5 50 50
1560_0020_0052_0042_0042.jpg 1 20 52 42 42
1561_0012_0022_0058_0058.jpg 1 12 22 58 58
1562_0060_0030_0030_0030.jpg 1 60 30 30 30
1563_0026_0046_0041_0041.jpg 1 26 46 41 41
1564_0009_0027_0067_0067.jpg 1 9 27 67 67
1565_0047_0053_0038_0038.jpg 1 47 53 38 38
1566_0007_0012_0045_0045.jpg 1 7 12 45 45
1567_0037_0029_0051_0051.jpg 1 37 29 51 51
1568_0036_0048_0036_0036.jpg 1 36 48 36 36
1569_0034_0006_0058_0058.jpg 1 34 6 58 58
1570_0048_0019_0043_0043.jpg 1 48 19 43 43
