0001_0004_0008_0069_0069.jpg 1 4 8 69 69
0002_0051_0039_0036_0036.jpg 1 51 39 36 36
0003_0043_0050_0038_0038.jpg 1 43 50 38 38
0004_0038_0021_0051_0051.jpg 1 38 21 51 51
0005_0011_0034_0047_0047.jpg 1 11 34 47 47
0006_0030_0013_0036_0036.jpg 1 30 13 36 36
0007_0032_0041_0034_0034.jpg 1 32 41 34 34
0008_0012_0057_0031_0031.jpg 1 12 57 31 31
0009_0037_0013_0057_0057.jpg 1 37 13 57 57
0010_0037_0028_0043_0043.jpg 1 37 28 43 43
0011_0008_0011_0067_0067.jpg 1 8 11 67 67
0012_0045_0015_0044_0044.jpg 1 45 15 44 44
0013_0024_0038_0041_0041.jpg 1 24 38 41 41
0014_0041_0050_0025_0025.jpg 1 41 50 25 25
0015_0005_0026_0061_0061.jpg 1 5 26 61 61
0016_0037_0014_0047_0047.jpg 1 37 14 47 47
0017_0040_0024_0039_0039.jpg 1 40 24 39 39
0018_0004_0015_0069_0069.jpg 1 4 15 69 69
0019_0024_0036_0042_0042.jpg 1 24 36 42 42
0020_0034_0039_0035_0035.jpg 1 34 39 35 35
0021_0015_0050_0041_0041.jpg 1 15 50 41 41
0022_0007_0008_0034_0034.jpg 1 7 8 34 34
0023_0038_0040_0050_0050.jpg 1 38 40 50 50
0024_0050_0046_0035_0035.jpg 1 50 46 35 35
0025_0030_0040_0053_0053.jpg 1 30 40 53 53
0026_0008_0036_0052_0052.jpg 1 8 36 52 52
0027_0019_0027_0063_0063.jpg 1 19 27 63 63
0028_0043_0042_0048_0048.jpg 1 43 42 48 48
0029_0019_0006_0049_0049.jpg 1 19 6 49 49
0030_0024_0007_0064_0064.jpg 1 24 7 64 64
0031_0018_0012_0044_0044.jpg 1 18 12 44 44
0032_0041_0019_0041_0041.jpg 1 41 19 41 41
0033_0019_0032_0033_0033.jpg 1 19 32 33 33
0034_0037_0051_0042_0042.jpg 1 37 51 42 42
0035_0017_0032_0039_0039.jpg 1 17 32 39 39
0036_0029_0030_0062_0062.jpg 1 29 30 62 62
0037_0013_0007_0055_0055.jpg 1 13 7 55 55
0038_0037_0026_0043_0043.jpg 1 37 26 43 43
0039_0017_0021_0062_0062.jpg 1 17 21 62 62
0040_0028_0018_0048_0048.jpg 1 28 18 48 48
0041_0018_0022_0062_0062.jpg 1 18 22 62 62
0042_0032_0044_0050_0050.jpg 1 32 44 50 50
0043_0048_0067_0025_0025.jpg 1 48 67 25 25
0044_0006_0004_0056_0056.jpg 1 6 4 56 56
0045_0024_0025_0045_0045.jpg 1 24 25 45 45
0046_0014_0009_0049_0049.jpg 1 14 9 49 49
0047_0060_0012_0032_0032.jpg 1 60 12 32 32
0048_0031_0062_0029_0029.jpg 1 31 62 29 29
0049_0012_0053_0024_0024.jpg 1 12 53 24 24
0050_0008_0025_0039_0039.jpg 1 8 25 39 39
0051_0027_0006_0064_0064.jpg 1 27 6 64 64
0052_0031_0006_0065_0065.jpg 1 31 6 65 65
0053_0007_0003_0065_0065.jpg 1 7 3 65 65
0054_0043_0023_0029_0029.jpg 1 43 23 29 29
0055_0018_0033_0060_0060.jpg 1 18 33 60 60
0056_0062_0011_0027_0027.jpg 1 62 11 27 27
0057_0042_0043_0028_0028.jpg 1 42 43 28 28
0058_0004_0012_0068_0068.jpg 1 4 12 68 68
0059_0050_0055_0026_0026.jpg 1 50 55 26 26
0060_0044_0037_0030_0030.jpg 1 44 37 30 30
0061_0035_0045_0039_0039.jpg 1 35 45 39 39
0062_0044_0043_0050_0050.jpg 1 44 43 50 50
0063_0049_0011_0039_0039.jpg 1 49 11 39 39
0064_0026_0033_0040_0040.jpg 1 26 33 40 40
0065_0059_0032_0032_0032.jpg 1 59 32 32 32
0066_0029_0010_0052_0052.jpg 1 29 10 52 52
0067_0032_0028_0052_0052.jpg 1 32 28 52 52
0068_0029_0008_0051_0051.jpg 1 29 8 51 51
0069_0011_0016_0050_0050.jpg 1 11 16 50 50
0070_0046_0036_0035_0035.jpg 1 46 36 35 35
0071_0027_0020_0064_0064.jpg 1 27 20 64 64
0072_0015_0010_0048_0048.jpg 1 15 10 48 48
0073_0032_0024_0050_0050.jpg 1 32 24 50 50
0074_0020_0008_0052_0052.jpg 1 20 8 52 52
0075_0013_0041_0046_0046.jpg 1 13 41 46 46
0076_0033_0013_0057_0057.jpg 1 33 13 57 57
0077_0007_0021_0058_0058.jpg 1 7 21 58 58
0078_0042_0033_0032_0032.jpg 1 42 33 32 32
0079_0020_0009_0031_0031.jpg 1 20 9 31 31
0080_0017_0023_0038_0038.jpg 1 17 23 38 38
0081_0005_0003_0068_0068.jpg 1 5 3 68 68
0082_0028_0024_0049_0049.jpg 1 28 24 49 49
0083_0016_0051_0025_0025.jpg 1 16 51 25 25
0084_0017_0018_0063_0063.jpg 1 17 18 63 63
0085_0017_0045_0035_0035.jpg 1 17 45 35 35
0086_0011_0034_0049_0049.jpg 1 11 34 49 49
0087_0037_0048_0031_0031.jpg 1 37 48 31 31
0088_0013_0024_0034_0034.jpg 1 13 24 34 34
0089_0005_0005_0065_0065.jpg 1 5 5 65 65
0090_0006_0004_0062_0062.jpg 1 6 4 62 62
0091_0029_0015_0042_0042.jpg 1 29 15 42 42
0092_0028_0027_0062_0062.jpg 1 28 27 62 62
0093_0021_0056_0029_0029.jpg 1 21 56 29 29
0094_0027_0051_0034_0034.jpg 1 27 51 34 34
0095_0003_0016_0068_0068.jpg 1 3 16 68 68
0096_0022_0021_0044_0044.jpg 1 22 21 44 44
0097_0027_0038_0036_0036.jpg 1 27 38 36 36
0098_0015_0028_0029_0029.jpg 1 15 28 29 29
0099_0049_0027_0039_0039.jpg 1 49 27 39 39
0100_0012_0060_0024_0024.jpg 1 12 60 24 24
0101_0021_0013_0067_0067.jpg 1 21 13 67 67
0102_0015_0025_0066_0066.jpg 1 15 25 66 66
0103_0013_0044_0044_0044.jpg 1 13 44 44 44
0104_0015_0024_0060_0060.jpg 1 15 24 60 60
0105_0058_0009_0027_0027.jpg 1 58 9 27 27
0106_0022_0015_0044_0044.jpg 1 22 15 44 44
0107_0035_0022_0040_0040.jpg 1 35 22 40 40
0108_0036_0015_0058_0058.jpg 1 36 15 58 58
0109_0052_0026_0037_0037.jpg 1 52 26 37 37
0110_0041_0035_0033_0033.jpg 1 41 35 33 33
0111_0019_0021_0062_0062.jpg 1 19 21 62 62
0112_0046_0049_0033_0033.jpg 1 46 49 33 33
0113_0004_0014_0066_0066.jpg 1 4 14 66 66
0114_0026_0024_0058_0058.jpg 1 26 24 58 58
0115_0052_0032_0031_0031.jpg 1 52 32 31 31
0116_0012_0035_0056_0056.jpg 1 12 35 56 56
0117_0019_0015_0062_0062.jpg 1 19 15 62 62
0118_0030_0036_0037_0037.jpg 1 30 36 37 37
0119_0004_0006_0053_0053.jpg 1 4 6 53 53
0120_0025_0008_0028_0028.jpg 1 25 8 28 28
0121_0014_0020_0040_0040.jpg 1 14 20 40 40
0122_0018_0020_0028_0028.jpg 1 18 20 28 28
0123_0058_0053_0032_0032.jpg 1 58 53 32 32
0124_0026_0026_0068_0068.jpg 1 26 26 68 68
0125_0015_0008_0025_0025.jpg 1 15 8 25 25
0126_0023_0006_0045_0045.jpg 1 23 6 45 45
0127_0031_0020_0050_0050.jpg 1 31 20 50 50
0128_0024_0025_0058_0058.jpg 1 24 25 58 58
0129_0007_0004_0065_0065.jpg 1 7 4 65 65
0130_0029_0034_0037_0037.jpg 1 29 34 37 37
0131_0012_0027_0059_0059.jpg 1 12 27 59 59
0132_0034_0035_0048_0048.jpg 1 34 35 48 48
0133_0011_0050_0027_0027.jpg 1 11 50 27 27
0134_0052_0017_0034_0034.jpg 1 52 17 34 34
0135_0029_0027_0067_0067.jpg 1 29 27 67 67
0136_0024_0027_0048_0048.jpg 1 24 27 48 48
0137_0023_0024_0065_0065.jpg 1 23 24 65 65
0138_0015_0025_0065_0065.jpg 1 15 25 65 65
0139_0054_0058_0033_0033.jpg 1 54 58 33 33
0140_0040_0038_0036_0036.jpg 1 40 38 36 36
0141_0029_0026_0061_0061.jpg 1 29 26 61 61
0142_0061_0024_0026_0026.jpg 1 61 24 26 26
0143_0013_0006_0033_0033.jpg 1 13 6 33 33
0144_0037_0038_0052_0052.jpg 1 37 38 52 52
0145_0018_0026_0069_0069.jpg 1 18 26 69 69
0146_0021_0008_0065_0065.jpg 1 21 8 65 65
0147_0035_0027_0031_0031.jpg 1 35 27 31 31
0148_0041_0022_0032_0032.jpg 1 41 22 32 32
0149_0015_0046_0042_0042.jpg 1 15 46 42 42
0150_0013_0027_0054_0054.jpg 1 13 27 54 54
0151_0040_0024_0050_0050.jpg 1 40 24 50 50
0152_0013_0021_0038_0038.jpg 1 13 21 38 38
0153_0009_0054_0036_0036.jpg 1 9 54 36 36
0154_0034_0020_0039_0039.jpg 1 34 20 39 39
0155_0049_0031_0037_0037.jpg 1 49 31 37 37
0156_0037_0020_0033_0033.jpg 1 37 20 33 33
0157_0048_0042_0040_0040.jpg 1 48 42 40 40
0158_0018_0024_0056_0056.jpg 1 18 24 56 56
0159_0048_0033_0024_0024.jpg 1 48 33 24 24
0160_0036_0039_0053_0053.jpg 1 36 39 53 53
0161_0007_0004_0057_0057.jpg 1 7 4 57 57
0162_0036_0021_0052_0052.jpg 1 36 21 52 52
0163_0026_0014_0066_0066.jpg 1 26 14 66 66
0164_0040_0026_0035_0035.jpg 1 40 26 35 35
0165_0015_0030_0064_0064.jpg 1 15 30 64 64
0166_0051_0029_0040_0040.jpg 1 51 29 40 40
0167_0028_0034_0038_0038.jpg 1 28 34 38 38
0168_0029_0011_0034_0034.jpg 1 29 11 34 34
0169_0028_0029_0040_0040.jpg 1 28 29 40 40
0170_0045_0011_0049_0049.jpg 1 45 11 49 49
0171_0017_0028_0046_0046.jpg 1 17 28 46 46
0172_0006_0023_0041_0041.jpg 1 6 23 41 41
0173_0052_0017_0030_0030.jpg 1 52 17 30 30
0174_0021_0025_0031_0031.jpg 1 21 25 31 31
0175_0051_0013_0029_0029.jpg 1 51 13 29 29
0176_0007_0023_0065_0065.jpg 1 7 23 65 65
0177_0023_0016_0028_0028.jpg 1 23 16 28 28
0178_0025_0027_0055_0055.jpg 1 25 27 55 55
0179_0004_0028_0066_0066.jpg 1 4 28 66 66
0180_0042_0008_0036_0036.jpg 1 42 8 36 36
0181_0040_0031_0051_0051.jpg 1 40 31 51 51
0182_0007_0043_0050_0050.jpg 1 7 43 50 50
0183_0014_0006_0057_0057.jpg 1 14 6 57 57
0184_0025_0012_0065_0065.jpg 1 25 12 65 65
0185_0038_0014_0049_0049.jpg 1 38 14 49 49
0186_0030_0048_0042_0042.jpg 1 30 48 42 42
0187_0040_0013_0027_0027.jpg 1 40 13 27 27
0188_0040_0019_0032_0032.jpg 1 40 19 32 32
0189_0017_0042_0028_0028.jpg 1 17 42 28 28
0190_0034_0039_0034_0034.jpg 1 34 39 34 34
0191_0021_0017_0051_0051.jpg 1 21 17 51 51
0192_0022_0008_0068_0068.jpg 1 22 8 68 68
0193_0029_0007_0063_0063.jpg 1 29 7 63 63
0194_0021_0025_0067_0067.jpg 1 21 25 67 67
0195_0048_0031_0038_0038.jpg 1 48 31 38 38
0196_0036_0038_0032_0032.jpg 1 36 38 32 32
0197_0040_0005_0054_0054.jpg 1 40 5 54 54
0198_0007_0016_0035_0035.jpg 1 7 16 35 35
0199_0023_0024_0051_0051.jpg 1 23 24 51 51
0200_0010_0028_0049_0049.jpg 1 10 28 49 49
0201_0061_0046_0030_0030.jpg 1 61 46 30 30
0202_0037_0020_0052_0052.jpg 1 37 20 52 52
0203_0006_0007_0067_0067.jpg 1 6 7 67 67
0204_0014_0008_0033_0033.jpg 1 14 8 33 33
0205_0021_0025_0041_0041.jpg 1 21 25 41 41
0206_0045_0012_0047_0047.jpg 1 45 12 47 47
0207_0021_0022_0052_0052.jpg 1 21 22 52 52
0208_0008_0010_0062_0062.jpg 1 8 10 62 62
0209_0045_0028_0031_0031.jpg 1 45 28 31 31
0210_0004_0031_0054_0054.jpg 1 4 31 54 54
0211_0026_0041_0029_0029.jpg 1 26 41 29 29
0212_0049_0017_0024_0024.jpg 1 49 17 24 24
0213_0033_0032_0032_0032.jpg 1 33 32 32 32
0214_0027_0004_0069_0069.jpg 1 27 4 69 69
0215_0027_0011_0043_0043.jpg 1 27 11 43 43
0216_0022_0015_0030_0030.jpg 1 22 15 30 30
0217_0038_0010_0037_0037.jpg 1 38 10 37 37
0218_0019_0022_0062_0062.jpg 1 19 22 62 62
0219_0028_0008_0040_0040.jpg 1 28 8 40 40
0220_0033_0009_0044_0044.jpg 1 33 9 44 44
0221_0059_0051_0028_0028.jpg 1 59 51 28 28
0222_0044_0016_0035_0035.jpg 1 44 16 35 35
0223_0021_0028_0030_0030.jpg 1 21 28 30 30
0224_0008_0046_0045_0045.jpg 1 8 46 45 45
0225_0025_0015_0049_0049.jpg 1 25 15 49 49
0226_0005_0011_0069_0069.jpg 1 5 11 69 69
0227_0007_0007_0068_0068.jpg 1 7 7 68 68
0228_0004_0020_0061_0061.jpg 1 4 20 61 61
0229_0011_0048_0026_0026.jpg 1 11 48 26 26
0230_0021_0017_0058_0058.jpg 1 21 17 58 58
0231_0044_0051_0031_0031.jpg 1 44 51 31 31
0232_0051_0011_0036_0036.jpg 1 51 11 36 36
0233_0016_0013_0054_0054.jpg 1 16 13 54 54
0234_0027_0009_0063_0063.jpg 1 27 9 63 63
0235_0013_0038_0047_0047.jpg 1 13 38 47 47
0236_0030_0006_0043_0043.jpg 1 30 6 43 43
0237_0037_0036_0048_0048.jpg 1 37 36 48 48
0238_0022_0019_0058_0058.jpg 1 22 19 58 58
0239_0024_0018_0062_0062.jpg 1 24 18 62 62
0240_0020_0024_0069_0069.jpg 1 20 24 69 69
0241_0010_0031_0050_0050.jpg 1 10 31 50 50
0242_0009_0017_0064_0064.jpg 1 9 17 64 64
0243_0032_0007_0058_0058.jpg 1 32 7 58 58
0244_0044_0025_0044_0044.jpg 1 44 25 44 44
0245_0033_0033_0035_0035.jpg 1 33 33 35 35
0246_0047_0044_0043_0043.jpg 1 47 44 43 43
0247_0005_0027_0066_0066.jpg 1 5 27 66 66
0248_0028_0040_0038_0038.jpg 1 28 40 38 38
0249_0024_0040_0045_0045.jpg 1 24 40 45 45
0250_0020_0031_0039_0039.jpg 1 20 31 39 39
0251_0051_0059_0026_0026.jpg 1 51 59 26 26
0252_0015_0005_0050_0050.jpg 1 15 5 50 50
0253_0013_0024_0048_0048.jpg 1 13 24 48 48
0254_0016_0013_0054_0054.jpg 1 16 13 54 54
0255_0004_0019_0068_0068.jpg 1 4 19 68 68
0256_0013_0021_0033_0033.jpg 1 13 21 33 33
0257_0008_0037_0048_0048.jpg 1 8 37 48 48
0258_0034_0034_0026_0026.jpg 1 34 34 26 26
0259_0044_0024_0046_0046.jpg 1 44 24 46 46
0260_0048_0022_0026_0026.jpg 1 48 22 26 26
0261_0040_0025_0042_0042.jpg 1 40 25 42 42
0262_0058_0011_0033_0033.jpg 1 58 11 33 33
0263_0021_0009_0061_0061.jpg 1 21 9 61 61
0264_0030_0041_0052_0052.jpg 1 30 41 52 52
0265_0027_0052_0028_0028.jpg 1 27 52 28 28
0266_0008_0025_0067_0067.jpg 1 8 25 67 67
0267_0013_0024_0033_0033.jpg 1 13 24 33 33
0268_0042_0012_0027_0027.jpg 1 42 12 27 27
0269_0057_0023_0031_0031.jpg 1 57 23 31 31
0270_0028_0010_0063_0063.jpg 1 28 10 63 63
0271_0008_0015_0069_0069.jpg 1 8 15 69 69
0272_0017_0008_0033_0033.jpg 1 17 8 33 33
0273_0020_0012_0069_0069.jpg 1 20 12 69 69
0274_0027_0037_0045_0045.jpg 1 27 37 45 45
0275_0020_0026_0067_0067.jpg 1 20 26 67 67
0276_0035_0034_0027_0027.jpg 1 35 34 27 27
0277_0018_0061_0025_0025.jpg 1 18 61 25 25
0278_0018_0013_0064_0064.jpg 1 18 13 64 64
0279_0014_0005_0047_0047.jpg 1 14 5 47 47
0280_0023_0008_0055_0055.jpg 1 23 8 55 55
0281_0030_0037_0046_0046.jpg 1 30 37 46 46
0282_0012_0015_0056_0056.jpg 1 12 15 56 56
0283_0028_0007_0043_0043.jpg 1 28 7 43 43
0284_0018_0025_0047_0047.jpg 1 18 25 47 47
0285_0037_0023_0056_0056.jpg 1 37 23 56 56
0286_0027_0011_0060_0060.jpg 1 27 11 60 60
0287_0010_0010_0025_0025.jpg 1 10 10 25 25
0288_0027_0038_0044_0044.jpg 1 27 38 44 44
0289_0039_0030_0054_0054.jpg 1 39 30 54 54
0290_0034_0036_0048_0048.jpg 1 34 36 48 48
0291_0023_0028_0037_0037.jpg 1 23 28 37 37
0292_0033_0048_0027_0027.jpg 1 33 48 27 27
0293_0006_0023_0053_0053.jpg 1 6 23 53 53
0294_0051_0050_0029_0029.jpg 1 51 50 29 29
0295_0029_0006_0040_0040.jpg 1 29 6 40 40
0296_0049_0011_0025_0025.jpg 1 49 11 25 25
0297_0038_0045_0041_0041.jpg 1 38 45 41 41
0298_0050_0022_0042_0042.jpg 1 50 22 42 42
0299_0038_0062_0028_0028.jpg 1 38 62 28 28
0300_0032_0012_0041_0041.jpg 1 32 12 41 41
0301_0014_0030_0039_0039.jpg 1 14 30 39 39
0302_0063_0052_0028_0028.jpg 1 63 52 28 28
0303_0025_0052_0036_0036.jpg 1 25 52 36 36
0304_0011_0009_0061_0061.jpg 1 11 9 61 61
0305_0025_0027_0064_0064.jpg 1 25 27 64 64
0306_0047_0009_0045_0045.jpg 1 47 9 45 45
0307_0011_0016_0046_0046.jpg 1 11 16 46 46
0308_0015_0023_0028_0028.jpg 1 15 23 28 28
0309_0032_0021_0044_0044.jpg 1 32 21 44 44
0310_0045_0031_0042_0042.jpg 1 45 31 42 42
0311_0040_0017_0041_0041.jpg 1 40 17 41 41
0312_0047_0021_0044_0044.jpg 1 47 21 44 44
0313_0008_0013_0066_0066.jpg 1 8 13 66 66
0314_0012_0013_0026_0026.jpg 1 12 13 26 26
0315_0007_0019_0050_0050.jpg 1 7 19 50 50
0316_0025_0012_0066_0066.jpg 1 25 12 66 66
0317_0017_0026_0057_0057.jpg 1 17 26 57 57
0318_0022_0016_0062_0062.jpg 1 22 16 62 62
0319_0019_0009_0045_0045.jpg 1 19 9 45 45
0320_0044_0057_0024_0024.jpg 1 44 57 24 24
0321_0035_0030_0049_0049.jpg 1 35 30 49 49
0322_0018_0006_0055_0055.jpg 1 18 6 55 55
0323_0018_0021_0025_0025.jpg 1 18 21 25 25
0324_0019_0028_0066_0066.jpg 1 19 28 66 66
0325_0029_0055_0032_0032.jpg 1 29 55 32 32
0326_0042_0045_0034_0034.jpg 1 42 45 34 34
0327_0025_0043_0043_0043.jpg 1 25 43 43 43
0328_0005_0016_0068_0068.jpg 1 5 16 68 68
0329_0042_0005_0046_0046.jpg 1 42 5 46 46
0330_0012_0030_0056_0056.jpg 1 12 30 56 56
0331_0050_0020_0024_0024.jpg 1 50 20 24 24
0332_0042_0019_0040_0040.jpg 1 42 19 40 40
0333_0014_0045_0024_0024.jpg 1 14 45 24 24
0334_0022_0036_0049_0049.jpg 1 22 36 49 49
0335_0026_0007_0068_0068.jpg 1 26 7 68 68
0336_0035_0032_0041_0041.jpg 1 35 32 41 41
0337_0006_0009_0059_0059.jpg 1 6 9 59 59
0338_0046_0013_0048_0048.jpg 1 46 13 48 48
0339_0024_0022_0029_0029.jpg 1 24 22 29 29
0340_0023_0064_0027_0027.jpg 1 23 64 27 27
0341_0014_0032_0026_0026.jpg 1 14 32 26 26
0342_0023_0015_0064_0064.jpg 1 23 15 64 64
0343_0028_0019_0039_0039.jpg 1 28 19 39 39
0344_0016_0009_0059_0059.jpg 1 16 9 59 59
0345_0015_0010_0049_0049.jpg 1 15 10 49 49
0346_0019_0007_0047_0047.jpg 1 19 7 47 47
0347_0023_0015_0039_0039.jpg 1 23 15 39 39
0348_0016_0034_0048_0048.jpg 1 16 34 48 48
0349_0005_0023_0067_0067.jpg 1 5 23 67 67
0350_0015_0041_0052_0052.jpg 1 15 41 52 52
0351_0034_0007_0060_0060.jpg 1 34 7 60 60
0352_0016_0011_0057_0057.jpg 1 16 11 57 57
0353_0038_0036_0033_0033.jpg 1 38 36 33 33
0354_0017_0005_0069_0069.jpg 1 17 5 69 69
0355_0006_0023_0062_0062.jpg 1 6 23 62 62
0356_0032_0018_0056_0056.jpg 1 32 18 56 56
0357_0026_0014_0046_0046.jpg 1 26 14 46 46
0358_0034_0040_0034_0034.jpg 1 34 40 34 34
0359_0045_0053_0034_0034.jpg 1 45 53 34 34
0360_0003_0023_0066_0066.jpg 1 3 23 66 66
0361_0013_0026_0069_0069.jpg 1 13 26 69 69
0362_0011_0039_0033_0033.jpg 1 11 39 33 33
0363_0026_0026_0059_0059.jpg 1 26 26 59 59
0364_0004_0017_0058_0058.jpg 1 4 17 58 58
0365_0013_0038_0027_0027.jpg 1 13 38 27 27
0366_0013_0017_0034_0034.jpg 1 13 17 34 34
0367_0026_0042_0041_0041.jpg 1 26 42 41 41
0368_0016_0026_0042_0042.jpg 1 16 26 42 42
0369_0015_0037_0051_0051.jpg 1 15 37 51 51
0370_0026_0008_0067_0067.jpg 1 26 8 67 67
0371_0028_0017_0049_0049.jpg 1 28 17 49 49
0372_0028_0025_0053_0053.jpg 1 28 25 53 53
0373_0011_0029_0067_0067.jpg 1 11 29 67 67
0374_0040_0005_0051_0051.jpg 1 40 5 51 51
0375_0009_0015_0054_0054.jpg 1 9 15 54 54
0376_0054_0045_0029_0029.jpg 1 54 45 29 29
0377_0039_0021_0055_0055.jpg 1 39 21 55 55
0378_0015_0015_0045_0045.jpg 1 15 15 45 45
0379_0022_0018_0055_0055.jpg 1 22 18 55 55
0380_0019_0005_0063_0063.jpg 1 19 5 63 63
0381_0028_0024_0046_0046.jpg 1 28 24 46 46
0382_0009_0027_0041_0041.jpg 1 9 27 41 41
0383_0035_0007_0043_0043.jpg 1 35 7 43 43
0384_0039_0027_0040_0040.jpg 1 39 27 40 40
0385_0017_0012_0044_0044.jpg 1 17 12 44 44
0386_0010_0033_0041_0041.jpg 1 10 33 41 41
0387_0031_0010_0064_0064.jpg 1 31 10 64 64
0388_0057_0022_0031_0031.jpg 1 57 22 31 31
0389_0012_0016_0034_0034.jpg 1 12 16 34 34
0390_0032_0030_0060_0060.jpg 1 32 30 60 60
0391_0010_0046_0047_0047.jpg 1 10 46 47 47
0392_0005_0030_0054_0054.jpg 1 5 30 54 54
0393_0039_0037_0049_0049.jpg 1 39 37 49 49
0394_0011_0044_0037_0037.jpg 1 11 44 37 37
0395_0006_0019_0068_0068.jpg 1 6 19 68 68
0396_0025_0013_0049_0049.jpg 1 25 13 49 49
0397_0019_0023_0034_0034.jpg 1 19 23 34 34
0398_0043_0007_0050_0050.jpg 1 43 7 50 50
0399_0064_0013_0024_0024.jpg 1 64 13 24 24
0400_0022_0013_0033_0033.jpg 1 22 13 33 33
0401_0007_0009_0029_0029.jpg 1 7 9 29 29
0402_0026_0029_0056_0056.jpg 1 26 29 56 56
0403_0035_0026_0040_0040.jpg 1 35 26 40 40
0404_0032_0010_0025_0025.jpg 1 32 10 25 25
0405_0044_0044_0042_0042.jpg 1 44 44 42 42
0406_0011_0051_0028_0028.jpg 1 11 51 28 28
0407_0025_0021_0038_0038.jpg 1 25 21 38 38
0408_0020_0021_0040_0040.jpg 1 20 21 40 40
0409_0024_0032_0063_0063.jpg 1 24 32 63 63
0410_0018_0021_0067_0067.jpg 1 18 21 67 67
0411_0012_0016_0035_0035.jpg 1 12 16 35 35
0412_0046_0031_0029_0029.jpg 1 46 31 29 29
0413_0009_0005_0056_0056.jpg 1 9 5 56 56
0414_0006_0032_0052_0052.jpg 1 6 32 52 52
0415_0015_0033_0048_0048.jpg 1 15 33 48 48
0416_0025_0061_0025_0025.jpg 1 25 61 25 25
0417_0024_0021_0026_0026.jpg 1 24 21 26 26
0418_0013_0038_0044_0044.jpg 1 13 38 44 44
0419_0030_0020_0064_0064.jpg 1 30 20 64 64
0420_0036_0042_0026_0026.jpg 1 36 42 26 26
0421_0009_0012_0031_0031.jpg 1 9 12 31 31
0422_0020_0030_0059_0059.jpg 1 20 30 59 59
0423_0062_0021_0025_0025.jpg 1 62 21 25 25
0424_0014_0008_0069_0069.jpg 1 14 8 69 69
0425_0028_0029_0041_0041.jpg 1 28 29 41 41
0426_0008_0027_0062_0062.jpg 1 8 27 62 62
0427_0045_0017_0047_0047.jpg 1 45 17 47 47
0428_0035_0029_0060_0060.jpg 1 35 29 60 60
0429_0046_0052_0041_0041.jpg 1 46 52 41 41
0430_0030_0030_0057_0057.jpg 1 30 30 57 57
0431_0015_0025_0032_0032.jpg 1 15 25 32 32
0432_0051_0010_0035_0035.jpg 1 51 10 35 35
0433_0013_0024_0066_0066.jpg 1 13 24 66 66
0434_0023_0033_0036_0036.jpg 1 23 33 36 36
0435_0059_0027_0029_0029.jpg 1 59 27 29 29
0436_0042_0026_0038_0038.jpg 1 42 26 38 38
0437_0031_0019_0035_0035.jpg 1 31 19 35 35
0438_0023_0019_0026_0026.jpg 1 23 19 26 26
0439_0043_0010_0043_0043.jpg 1 43 10 43 43
0440_0020_0027_0033_0033.jpg 1 20 27 33 33
0441_0021_0008_0032_0032.jpg 1 21 8 32 32
0442_0037_0010_0027_0027.jpg 1 37 10 27 27
0443_0019_0049_0024_0024.jpg 1 19 49 24 24
0444_0039_0022_0055_0055.jpg 1 39 22 55 55
0445_0017_0043_0048_0048.jpg 1 17 43 48 48
0446_0035_0022_0053_0053.jpg 1 35 22 53 53
0447_0045_0015_0028_0028.jpg 1 45 15 28 28
0448_0010_0050_0030_0030.jpg 1 10 50 30 30
0449_0024_0006_0047_0047.jpg 1 24 6 47 47
0450_0017_0013_0066_0066.jpg 1 17 13 66 66
0451_0013_0007_0052_0052.jpg 1 13 7 52 52
0452_0023_0011_0063_0063.jpg 1 23 11 63 63
0453_0012_0026_0053_0053.jpg 1 12 26 53 53
0454_0061_0057_0032_0032.jpg 1 61 57 32 32
0455_0029_0035_0054_0054.jpg 1 29 35 54 54
0456_0019_0014_0058_0058.jpg 1 19 14 58 58
0457_0011_0011_0069_0069.jpg 1 11 11 69 69
0458_0011_0025_0064_0064.jpg 1 11 25 64 64
0459_0012_0041_0043_0043.jpg 1 12 41 43 43
0460_0010_0009_0067_0067.jpg 1 10 9 67 67
0461_0008_0046_0030_0030.jpg 1 8 46 30 30
0462_0021_0034_0038_0038.jpg 1 21 34 38 38
0463_0042_0038_0039_0039.jpg 1 42 38 39 39
0464_0044_0036_0048_0048.jpg 1 44 36 48 48
0465_0018_0039_0031_0031.jpg 1 18 39 31 31
0466_0045_0015_0044_0044.jpg 1 45 15 44 44
0467_0053_0015_0031_0031.jpg 1 53 15 31 31
0468_0030_0037_0049_0049.jpg 1 30 37 49 49
0469_0020_0036_0044_0044.jpg 1 20 36 44 44
0470_0032_0027_0052_0052.jpg 1 32 27 52 52
0471_0031_0047_0036_0036.jpg 1 31 47 36 36
0472_0036_0009_0052_0052.jpg 1 36 9 52 52
0473_0009_0019_0041_0041.jpg 1 9 19 41 41
0474_0016_0017_0063_0063.jpg 1 16 17 63 63
0475_0024_0026_0064_0064.jpg 1 24 26 64 64
0476_0035_0014_0045_0045.jpg 1 35 14 45 45
0477_0012_0032_0028_0028.jpg 1 12 32 28 28
0478_0010_0019_0057_0057.jpg 1 10 19 57 57
0479_0024_0043_0047_0047.jpg 1 24 43 47 47
0480_0054_0060_0027_0027.jpg 1 54 60 27 27
0481_0015_0016_0061_0061.jpg 1 15 16 61 61
0482_0030_0043_0028_0028.jpg 1 30 43 28 28
0483_0050_0029_0036_0036.jpg 1 50 29 36 36
0484_0037_0013_0044_0044.jpg 1 37 13 44 44
0485_0009_0045_0043_0043.jpg 1 9 45 43 43
0486_0042_0032_0035_0035.jpg 1 42 32 35 35
0487_0007_0042_0053_0053.jpg 1 7 42 53 53
0488_0023_0022_0048_0048.jpg 1 23 22 48 48
0489_0025_0007_0046_0046.jpg 1 25 7 46 46
0490_0017_0036_0042_0042.jpg 1 17 36 42 42
0491_0010_0033_0055_0055.jpg 1 10 33 55 55
0492_0037_0035_0042_0042.jpg 1 37 35 42 42
0493_0039_0021_0044_0044.jpg 1 39 21 44 44
0494_0022_0006_0035_0035.jpg 1 22 6 35 35
0495_0027_0022_0051_0051.jpg 1 27 22 51 51
0496_0013_0021_0069_0069.jpg 1 13 21 69 69
0497_0007_0011_0068_0068.jpg 1 7 11 68 68
0498_0023_0013_0068_0068.jpg 1 23 13 68 68
0499_0029_0052_0039_0039.jpg 1 29 52 39 39
0500_0007_0030_0066_0066.jpg 1 7 30 66 66
0501_0012_0024_0037_0037.jpg 1 12 24 37 37
0502_0013_0044_0042_0042.jpg 1 13 44 42 42
0503_0036_0022_0043_0043.jpg 1 36 22 43 43
0504_0034_0004_0056_0056.jpg 1 34 4 56 56
0505_0015_0026_0067_0067.jpg 1 15 26 67 67
0506_0037_0049_0037_0037.jpg 1 37 49 37 37
0507_0022_0024_0048_0048.jpg 1 22 24 48 48
0508_0012_0056_0035_0035.jpg 1 12 56 35 35
0509_0013_0053_0039_0039.jpg 1 13 53 39 39
0510_0040_0023_0050_0050.jpg 1 40 23 50 50
0511_0007_0044_0028_0028.jpg 1 7 44 28 28
0512_0015_0041_0049_0049.jpg 1 15 41 49 49
0513_0008_0023_0050_0050.jpg 1 8 23 50 50
0514_0031_0016_0027_0027.jpg 1 31 16 27 27
0515_0029_0005_0059_0059.jpg 1 29 5 59 59
0516_0020_0012_0035_0035.jpg 1 20 12 35 35
0517_0034_0031_0051_0051.jpg 1 34 31 51 51
0518_0033_0020_0060_0060.jpg 1 33 20 60 60
0519_0005_0020_0068_0068.jpg 1 5 20 68 68
0520_0016_0014_0056_0056.jpg 1 16 14 56 56
0521_0021_0011_0056_0056.jpg 1 21 11 56 56
0522_0046_0062_0028_0028.jpg 1 46 62 28 28
0523_0033_0020_0051_0051.jpg 1 33 20 51 51
0524_0013_0019_0047_0047.jpg 1 13 19 47 47
0525_0021_0055_0035_0035.jpg 1 21 55 35 35
0526_0028_0040_0035_0035.jpg 1 28 40 35 35
0527_0017_0049_0044_0044.jpg 1 17 49 44 44
0528_0035_0015_0060_0060.jpg 1 35 15 60 60
0529_0021_0029_0028_0028.jpg 1 21 29 28 28
0530_0037_0046_0036_0036.jpg 1 37 46 36 36
0531_0018_0023_0054_0054.jpg 1 18 23 54 54
0532_0058_0037_0030_0030.jpg 1 58 37 30 30
0533_0032_0033_0062_0062.jpg 1 32 33 62 62
0534_0039_0030_0042_0042.jpg 1 39 30 42 42
0535_0023_0028_0041_0041.jpg 1 23 28 41 41
0536_0033_0020_0062_0062.jpg 1 33 20 62 62
0537_0022_0030_0052_0052.jpg 1 22 30 52 52
0538_0026_0035_0032_0032.jpg 1 26 35 32 32
0539_0035_0004_0057_0057.jpg 1 35 4 57 57
0540_0054_0024_0033_0033.jpg 1 54 24 33 33
0541_0042_0045_0032_0032.jpg 1 42 45 32 32
0542_0007_0047_0027_0027.jpg 1 7 47 27 27
0543_0011_0023_0061_0061.jpg 1 11 23 61 61
0544_0016_0016_0058_0058.jpg 1 16 16 58 58
0545_0041_0018_0052_0052.jpg 1 41 18 52 52
0546_0044_0043_0041_0041.jpg 1 44 43 41 41
0547_0028_0043_0048_0048.jpg 1 28 43 48 48
0548_0008_0017_0031_0031.jpg 1 8 17 31 31
0549_0006_0029_0058_0058.jpg 1 6 29 58 58
0550_0011_0030_0046_0046.jpg 1 11 30 46 46
0551_0013_0007_0054_0054.jpg 1 13 7 54 54
0552_0027_0050_0036_0036.jpg 1 27 50 36 36
0553_0026_0047_0032_0032.jpg 1 26 47 32 32
0554_0049_0022_0043_0043.jpg 1 49 22 43 43
0555_0006_0046_0044_0044.jpg 1 6 46 44 44
0556_0011_0061_0029_0029.jpg 1 11 61 29 29
0557_0018_0014_0060_0060.jpg 1 18 14 60 60
0558_0031_0022_0049_0049.jpg 1 31 22 49 49
0559_0016_0022_0066_0066.jpg 1 16 22 66 66
0560_0012_0034_0049_0049.jpg 1 12 34 49 49
0561_0007_0029_0053_0053.jpg 1 7 29 53 53
0562_0025_0023_0037_0037.jpg 1 25 23 37 37
0563_0017_0031_0029_0029.jpg 1 17 31 29 29
0564_0037_0023_0042_0042.jpg 1 37 23 42 42
0565_0045_0041_0033_0033.jpg 1 45 41 33 33
0566_0017_0005_0068_0068.jpg 1 17 5 68 68
0567_0019_0032_0062_0062.jpg 1 19 32 62 62
0568_0014_0011_0049_0049.jpg 1 14 11 49 49
0569_0030_0050_0043_0043.jpg 1 30 50 43 43
0570_0046_0016_0025_0025.jpg 1 46 16 25 25
0571_0028_0036_0048_0048.jpg 1 28 36 48 48
0572_0027_0032_0056_0056.jpg 1 27 32 56 56
0573_0030_0015_0066_0066.jpg 1 30 15 66 66
0574_0028_0016_0053_0053.jpg 1 28 16 53 53
0575_0018_0029_0067_0067.jpg 1 18 29 67 67
0576_0022_0016_0050_0050.jpg 1 22 16 50 50
0577_0043_0053_0040_0040.jpg 1 43 53 40 40
0578_0025_0039_0045_0045.jpg 1 25 39 45 45
0579_0036_0024_0057_0057.jpg 1 36 24 57 57
0580_0042_0015_0035_0035.jpg 1 42 15 35 35
0581_0012_0047_0025_0025.jpg 1 12 47 25 25
0582_0033_0027_0058_0058.jpg 1 33 27 58 58
0583_0010_0050_0040_0040.jpg 1 10 50 40 40
0584_0022_0034_0037_0037.jpg 1 22 34 37 37
0585_0010_0013_0049_0049.jpg 1 10 13 49 49
0586_0050_0009_0038_0038.jpg 1 50 9 38 38
0587_0009_0032_0063_0063.jpg 1 9 32 63 63
0588_0030_0030_0064_0064.jpg 1 30 30 64 64
0589_0047_0024_0039_0039.jpg 1 47 24 39 39
0590_0036_0039_0036_0036.jpg 1 36 39 36 36
0591_0036_0004_0056_0056.jpg 1 36 4 56 56
0592_0009_0009_0068_0068.jpg 1 9 9 68 68
0593_0014_0009_0063_0063.jpg 1 14 9 63 63
0594_0043_0046_0044_0044.jpg 1 43 46 44 44
0595_0058_0013_0030_0030.jpg 1 58 13 30 30
0596_0054_0027_0033_0033.jpg 1 54 27 33 33
0597_0019_0036_0059_0059.jpg 1 19 36 59 59
0598_0054_0047_0038_0038.jpg 1 54 47 38 38
0599_0016_0020_0039_0039.jpg 1 16 20 39 39
0600_0043_0015_0034_0034.jpg 1 43 15 34 34
0601_0011_0010_0052_0052.jpg 1 11 10 52 52
0602_0011_0010_0069_0069.jpg 1 11 10 69 69
0603_0021_0026_0050_0050.jpg 1 21 26 50 50
0604_0028_0030_0040_0040.jpg 1 28 30 40 40
0605_0037_0025_0040_0040.jpg 1 37 25 40 40
0606_0033_0034_0058_0058.jpg 1 33 34 58 58
0607_0006_0022_0066_0066.jpg 1 6 22 66 66
0608_0040_0061_0029_0029.jpg 1 40 61 29 29
0609_0048_0034_0039_0039.jpg 1 48 34 39 39
0610_0016_0035_0058_0058.jpg 1 16 35 58 58
0611_0037_0051_0027_0027.jpg 1 37 51 27 27
0612_0030_0006_0036_0036.jpg 1 30 6 36 36
0613_0017_0052_0025_0025.jpg 1 17 52 25 25
0614_0020_0025_0030_0030.jpg 1 20 25 30 30
0615_0022_0035_0051_0051.jpg 1 22 35 51 51
0616_0052_0022_0027_0027.jpg 1 52 22 27 27
0617_0040_0038_0037_0037.jpg 1 40 38 37 37
0618_0019_0030_0042_0042.jpg 1 19 30 42 42
0619_0028_0035_0058_0058.jpg 1 28 35 58 58
0620_0029_0039_0047_0047.jpg 1 29 39 47 47
0621_0032_0005_0060_0060.jpg 1 32 5 60 60
0622_0020_0022_0057_0057.jpg 1 20 22 57 57
0623_0005_0010_0059_0059.jpg 1 5 10 59 59
0624_0007_0054_0039_0039.jpg 1 7 54 39 39
0625_0009_0027_0062_0062.jpg 1 9 27 62 62
0626_0053_0030_0038_0038.jpg 1 53 30 38 38
0627_0014_0030_0064_0064.jpg 1 14 30 64 64
0628_0016_0014_0061_0061.jpg 1 16 14 61 61
0629_0028_0027_0060_0060.jpg 1 28 27 60 60
0630_0027_0031_0057_0057.jpg 1 27 31 57 57
0631_0041_0010_0044_0044.jpg 1 41 10 44 44
0632_0008_0018_0065_0065.jpg 1 8 18 65 65
0633_0040_0034_0027_0027.jpg 1 40 34 27 27
0634_0033_0009_0040_0040.jpg 1 33 9 40 40
0635_0022_0016_0065_0065.jpg 1 22 16 65 65
0636_0011_0039_0048_0048.jpg 1 11 39 48 48
0637_0034_0011_0059_0059.jpg 1 34 11 59 59
0638_0042_0035_0038_0038.jpg 1 42 35 38 38
0639_0019_0021_0065_0065.jpg 1 19 21 65 65
0640_0045_0019_0044_0044.jpg 1 45 19 44 44
0641_0044_0010_0043_0043.jpg 1 44 10 43 43
0642_0018_0022_0064_0064.jpg 1 18 22 64 64
0643_0028_0020_0044_0044.jpg 1 28 20 44 44
0644_0034_0044_0031_0031.jpg 1 34 44 31 31
0645_0036_0059_0033_0033.jpg 1 36 59 33 33
0646_0016_0023_0060_0060.jpg 1 16 23 60 60
0647_0015_0019_0051_0051.jpg 1 15 19 51 51
0648_0018_0007_0062_0062.jpg 1 18 7 62 62
0649_0054_0058_0029_0029.jpg 1 54 58 29 29
0650_0020_0016_0057_0057.jpg 1 20 16 57 57
0651_0016_0016_0064_0064.jpg 1 16 16 64 64
0652_0013_0037_0055_0055.jpg 1 13 37 55 55
0653_0008_0054_0034_0034.jpg 1 8 54 34 34
0654_0024_0006_0056_0056.jpg 1 24 6 56 56
0655_0035_0027_0038_0038.jpg 1 35 27 38 38
0656_0045_0042_0042_0042.jpg 1 45 42 42 42
0657_0010_0043_0049_0049.jpg 1 10 43 49 49
0658_0043_0060_0031_0031.jpg 1 43 60 31 31
0659_0015_0004_0069_0069.jpg 1 15 4 69 69
0660_0033_0008_0051_0051.jpg 1 33 8 51 51
0661_0021_0007_0063_0063.jpg 1 21 7 63 63
0662_0049_0049_0040_0040.jpg 1 49 49 40 40
0663_0025_0012_0047_0047.jpg 1 25 12 47 47
0664_0020_0021_0045_0045.jpg 1 20 21 45 45
0665_0021_0018_0040_0040.jpg 1 21 18 40 40
0666_0020_0008_0046_0046.jpg 1 20 8 46 46
0667_0031_0028_0026_0026.jpg 1 31 28 26 26
0668_0011_0010_0036_0036.jpg 1 11 10 36 36
0669_0032_0008_0024_0024.jpg 1 32 8 24 24
0670_0035_0036_0058_0058.jpg 1 35 36 58 58
0671_0017_0012_0024_0024.jpg 1 17 12 24 24
0672_0050_0040_0043_0043.jpg 1 50 40 43 43
0673_0046_0039_0042_0042.jpg 1 46 39 42 42
0674_0022_0027_0045_0045.jpg 1 22 27 45 45
0675_0014_0014_0064_0064.jpg 1 14 14 64 64
0676_0035_0021_0051_0051.jpg 1 35 21 51 51
0677_0022_0030_0048_0048.jpg 1 22 30 48 48
0678_0039_0032_0051_0051.jpg 1 39 32 51 51
0679_0039_0026_0051_0051.jpg 1 39 26 51 51
0680_0033_0021_0054_0054.jpg 1 33 21 54 54
0681_0046_0005_0047_0047.jpg 1 46 5 47 47
0682_0028_0010_0045_0045.jpg 1 28 10 45 45
0683_0018_0047_0047_0047.jpg 1 18 47 47 47
0684_0020_0038_0052_0052.jpg 1 20 38 52 52
0685_0049_0013_0036_0036.jpg 1 49 13 36 36
0686_0027_0021_0069_0069.jpg 1 27 21 69 69
0687_0013_0029_0057_0057.jpg 1 13 29 57 57
0688_0021_0011_0046_0046.jpg 1 21 11 46 46
0689_0007_0018_0056_0056.jpg 1 7 18 56 56
0690_0008_0022_0056_0056.jpg 1 8 22 56 56
0691_0019_0017_0061_0061.jpg 1 19 17 61 61
0692_0004_0004_0060_0060.jpg 1 4 4 60 60
0693_0016_0035_0037_0037.jpg 1 16 35 37 37
0694_0033_0017_0060_0060.jpg 1 33 17 60 60
0695_0030_0019_0066_0066.jpg 1 30 19 66 66
0696_0048_0045_0040_0040.jpg 1 48 45 40 40
0697_0034_0032_0027_0027.jpg 1 34 32 27 27
0698_0023_0007_0064_0064.jpg 1 23 7 64 64
0699_0030_0052_0039_0039.jpg 1 30 52 39 39
0700_0033_0058_0030_0030.jpg 1 33 58 30 30
0701_0021_0024_0048_0048.jpg 1 21 24 48 48
0702_0009_0036_0034_0034.jpg 1 9 36 34 34
0703_0025_0015_0050_0050.jpg 1 25 15 50 50
0704_0056_0048_0037_0037.jpg 1 56 48 37 37
0705_0021_0031_0058_0058.jpg 1 21 31 58 58
0706_0004_0020_0067_0067.jpg 1 4 20 67 67
0707_0022_0048_0031_0031.jpg 1 22 48 31 31
0708_0004_0019_0066_0066.jpg 1 4 19 66 66
0709_0026_0007_0045_0045.jpg 1 26 7 45 45
0710_0050_0051_0037_0037.jpg 1 50 51 37 37
0711_0029_0047_0025_0025.jpg 1 29 47 25 25
0712_0026_0040_0035_0035.jpg 1 26 40 35 35
0713_0043_0032_0034_0034.jpg 1 43 32 34 34
0714_0039_0058_0027_0027.jpg 1 39 58 27 27
0715_0005_0029_0061_0061.jpg 1 5 29 61 61
0716_0013_0032_0051_0051.jpg 1 13 32 51 51
0717_0024_0007_0038_0038.jpg 1 24 7 38 38
0718_0013_0035_0045_0045.jpg 1 13 35 45 45
0719_0014_0021_0044_0044.jpg 1 14 21 44 44
0720_0028_0022_0051_0051.jpg 1 28 22 51 51
0721_0043_0014_0047_0047.jpg 1 43 14 47 47
0722_0028_0035_0058_0058.jpg 1 28 35 58 58
0723_0061_0033_0029_0029.jpg 1 61 33 29 29
0724_0031_0008_0057_0057.jpg 1 31 8 57 57
0725_0039_0027_0053_0053.jpg 1 39 27 53 53
0726_0016_0023_0063_0063.jpg 1 16 23 63 63
0727_0005_0016_0060_0060.jpg 1 5 16 60 60
0728_0039_0034_0047_0047.jpg 1 39 34 47 47
0729_0036_0019_0059_0059.jpg 1 36 19 59 59
0730_0042_0022_0043_0043.jpg 1 42 22 43 43
0731_0006_0026_0054_0054.jpg 1 6 26 54 54
0732_0026_0025_0032_0032.jpg 1 26 25 32 32
0733_0024_0052_0041_0041.jpg 1 24 52 41 41
0734_0010_0005_0059_0059.jpg 1 10 5 59 59
0735_0060_0062_0026_0026.jpg 1 60 62 26 26
0736_0007_0012_0064_0064.jpg 1 7 12 64 64
0737_0045_0043_0032_0032.jpg 1 45 43 32 32
0738_0016_0020_0055_0055.jpg 1 16 20 55 55
0739_0038_0012_0057_0057.jpg 1 38 12 57 57
0740_0012_0010_0051_0051.jpg 1 12 10 51 51
0741_0049_0051_0042_0042.jpg 1 49 51 42 42
0742_0049_0019_0029_0029.jpg 1 49 19 29 29
0743_0015_0045_0032_0032.jpg 1 15 45 32 32
0744_0035_0010_0045_0045.jpg 1 35 10 45 45
0745_0034_0019_0062_0062.jpg 1 34 19 62 62
0746_0014_0008_0065_0065.jpg 1 14 8 65 65
0747_0016_0036_0049_0049.jpg 1 16 36 49 49
0748_0049_0027_0038_0038.jpg 1 49 27 38 38
0749_0021_0036_0056_0056.jpg 1 21 36 56 56
0750_0025_0025_0063_0063.jpg 1 25 25 63 63
0751_0052_0031_0027_0027.jpg 1 52 31 27 27
0752_0017_0017_0024_0024.jpg 1 17 17 24 24
0753_0009_0019_0042_0042.jpg 1 9 19 42 42
0754_0009_0020_0043_0043.jpg 1 9 20 43 43
0755_0024_0060_0027_0027.jpg 1 24 60 27 27
0756_0028_0031_0034_0034.jpg 1 28 31 34 34
0757_0007_0007_0031_0031.jpg 1 7 7 31 31
0758_0042_0052_0040_0040.jpg 1 42 52 40 40
0759_0010_0051_0039_0039.jpg 1 10 51 39 39
0760_0024_0014_0052_0052.jpg 1 24 14 52 52
0761_0025_0053_0032_0032.jpg 1 25 53 32 32
0762_0032_0042_0050_0050.jpg 1 32 42 50 50
0763_0039_0048_0040_0040.jpg 1 39 48 40 40
0764_0018_0021_0027_0027.jpg 1 18 21 27 27
0765_0045_0050_0034_0034.jpg 1 45 50 34 34
0766_0047_0039_0031_0031.jpg 1 47 39 31 31
0767_0040_0021_0040_0040.jpg 1 40 21 40 40
0768_0032_0048_0046_0046.jpg 1 32 48 46 46
0769_0042_0043_0047_0047.jpg 1 42 43 47 47
0770_0029_0026_0052_0052.jpg 1 29 26 52 52
0771_0016_0022_0066_0066.jpg 1 16 22 66 66
0772_0021_0032_0030_0030.jpg 1 21 32 30 30
0773_0010_0009_0063_0063.jpg 1 10 9 63 63
0774_0063_0034_0028_0028.jpg 1 63 34 28 28
0775_0059_0053_0030_0030.jpg 1 59 53 30 30
0776_0028_0008_0036_0036.jpg 1 28 8 36 36
0777_0018_0015_0029_0029.jpg 1 18 15 29 29
0778_0028_0048_0031_0031.jpg 1 28 48 31 31
0779_0036_0018_0040_0040.jpg 1 36 18 40 40
0780_0050_0039_0041_0041.jpg 1 50 39 41 41
0781_0010_0006_0059_0059.jpg 1 10 6 59 59
0782_0008_0020_0068_0068.jpg 1 8 20 68 68
0783_0032_0062_0025_0025.jpg 1 32 62 25 25
0784_0009_0034_0042_0042.jpg 1 9 34 42 42
0785_0016_0007_0065_0065.jpg 1 16 7 65 65
0786_0025_0012_0049_0049.jpg 1 25 12 49 49
0787_0037_0048_0037_0037.jpg 1 37 48 37 37
0788_0022_0030_0040_0040.jpg 1 22 30 40 40
0789_0004_0018_0066_0066.jpg 1 4 18 66 66
0790_0027_0019_0065_0065.jpg 1 27 19 65 65
0791_0039_0027_0041_0041.jpg 1 39 27 41 41
0792_0021_0031_0063_0063.jpg 1 21 31 63 63
0793_0008_0025_0064_0064.jpg 1 8 25 64 64
0794_0010_0014_0058_0058.jpg 1 10 14 58 58
0795_0038_0017_0051_0051.jpg 1 38 17 51 51
0796_0036_0057_0024_0024.jpg 1 36 57 24 24
0797_0030_0063_0029_0029.jpg 1 30 63 29 29
0798_0016_0067_0024_0024.jpg 1 16 67 24 24
0799_0054_0017_0029_0029.jpg 1 54 17 29 29
0800_0026_0051_0036_0036.jpg 1 26 51 36 36
0801_0015_0010_0049_0049.jpg 1 15 10 49 49
0802_0021_0008_0066_0066.jpg 1 21 8 66 66
0803_0007_0051_0042_0042.jpg 1 7 51 42 42
0804_0036_0019_0057_0057.jpg 1 36 19 57 57
0805_0026_0010_0058_0058.jpg 1 26 10 58 58
0806_0033_0030_0041_0041.jpg 1 33 30 41 41
0807_0014_0018_0042_0042.jpg 1 14 18 42 42
0808_0036_0041_0039_0039.jpg 1 36 41 39 39
0809_0045_0038_0037_0037.jpg 1 45 38 37 37
0810_0010_0004_0069_0069.jpg 1 10 4 69 69
0811_0020_0030_0054_0054.jpg 1 20 30 54 54
0812_0031_0040_0047_0047.jpg 1 31 40 47 47
0813_0029_0021_0036_0036.jpg 1 29 21 36 36
0814_0045_0033_0027_0027.jpg 1 45 33 27 27
0815_0044_0045_0038_0038.jpg 1 44 45 38 38
0816_0031_0030_0062_0062.jpg 1 31 30 62 62
0817_0060_0061_0028_0028.jpg 1 60 61 28 28
0818_0006_0030_0058_0058.jpg 1 6 30 58 58
0819_0003_0018_0065_0065.jpg 1 3 18 65 65
0820_0046_0016_0039_0039.jpg 1 46 16 39 39
0821_0029_0041_0051_0051.jpg 1 29 41 51 51
0822_0004_0037_0055_0055.jpg 1 4 37 55 55
0823_0021_0020_0060_0060.jpg 1 21 20 60 60
0824_0027_0022_0067_0067.jpg 1 27 22 67 67
0825_0013_0009_0026_0026.jpg 1 13 9 26 26
0826_0033_0014_0044_0044.jpg 1 33 14 44 44
0827_0027_0012_0062_0062.jpg 1 27 12 62 62
0828_0047_0013_0030_0030.jpg 1 47 13 30 30
0829_0007_0021_0051_0051.jpg 1 7 21 51 51
0830_0030_0029_0061_0061.jpg 1 30 29 61 61
0831_0034_0006_0055_0055.jpg 1 34 6 55 55
0832_0052_0057_0034_0034.jpg 1 52 57 34 34
0833_0022_0062_0025_0025.jpg 1 22 62 25 25
0834_0036_0010_0053_0053.jpg 1 36 10 53 53
0835_0030_0013_0065_0065.jpg 1 30 13 65 65
0836_0033_0010_0047_0047.jpg 1 33 10 47 47
0837_0009_0028_0046_0046.jpg 1 9 28 46 46
0838_0038_0047_0030_0030.jpg 1 38 47 30 30
0839_0031_0046_0045_0045.jpg 1 31 46 45 45
0840_0003_0021_0064_0064.jpg 1 3 21 64 64
0841_0051_0008_0039_0039.jpg 1 51 8 39 39
0842_0022_0030_0062_0062.jpg 1 22 30 62 62
0843_0015_0032_0056_0056.jpg 1 15 32 56 56
0844_0011_0019_0061_0061.jpg 1 11 19 61 61
0845_0040_0030_0027_0027.jpg 1 40 30 27 27
0846_0053_0028_0040_0040.jpg 1 53 28 40 40
0847_0018_0019_0052_0052.jpg 1 18 19 52 52
0848_0024_0013_0063_0063.jpg 1 24 13 63 63
0849_0009_0034_0061_0061.jpg 1 9 34 61 61
0850_0030_0040_0030_0030.jpg 1 30 40 30 30
0851_0015_0029_0045_0045.jpg 1 15 29 45 45
0852_0027_0022_0039_0039.jpg 1 27 22 39 39
0853_0008_0029_0042_0042.jpg 1 8 29 42 42
0854_0032_0008_0055_0055.jpg 1 32 8 55 55
0855_0055_0029_0026_0026.jpg 1 55 29 26 26
0856_0022_0013_0061_0061.jpg 1 22 13 61 61
0857_0025_0009_0053_0053.jpg 1 25 9 53 53
0858_0042_0044_0028_0028.jpg 1 42 44 28 28
0859_0027_0021_0064_0064.jpg 1 27 21 64 64
0860_0009_0020_0044_0044.jpg 1 9 20 44 44
0861_0012_0006_0060_0060.jpg 1 12 6 60 60
0862_0026_0028_0061_0061.jpg 1 26 28 61 61
0863_0040_0050_0035_0035.jpg 1 40 50 35 35
0864_0022_0017_0045_0045.jpg 1 22 17 45 45
0865_0057_0062_0027_0027.jpg 1 57 62 27 27
0866_0014_0020_0052_0052.jpg 1 14 20 52 52
0867_0044_0041_0042_0042.jpg 1 44 41 42 42
0868_0032_0027_0048_0048.jpg 1 32 27 48 48
0869_0063_0022_0026_0026.jpg 1 63 22 26 26
0870_0030_0028_0049_0049.jpg 1 30 28 49 49
0871_0024_0044_0049_0049.jpg 1 24 44 49 49
0872_0018_0024_0069_0069.jpg 1 18 24 69 69
0873_0023_0027_0042_0042.jpg 1 23 27 42 42
0874_0012_0028_0063_0063.jpg 1 12 28 63 63
0875_0018_0008_0038_0038.jpg 1 18 8 38 38
0876_0018_0030_0030_0030.jpg 1 18 30 30 30
0877_0014_0005_0066_0066.jpg 1 14 5 66 66
0878_0025_0049_0030_0030.jpg 1 25 49 30 30
0879_0022_0025_0050_0050.jpg 1 22 25 50 50
0880_0039_0043_0044_0044.jpg 1 39 43 44 44
0881_0030_0018_0066_0066.jpg 1 30 18 66 66
0882_0015_0014_0029_0029.jpg 1 15 14 29 29
0883_0004_0011_0068_0068.jpg 1 4 11 68 68
0884_0017_0010_0054_0054.jpg 1 17 10 54 54
0885_0019_0024_0054_0054.jpg 1 19 24 54 54
0886_0007_0032_0027_0027.jpg 1 7 32 27 27
0887_0065_0027_0026_0026.jpg 1 65 27 26 26
0888_0019_0030_0065_0065.jpg 1 19 30 65 65
0889_0029_0009_0045_0045.jpg 1 29 9 45 45
0890_0065_0037_0025_0025.jpg 1 65 37 25 25
0891_0013_0017_0060_0060.jpg 1 13 17 60 60
0892_0019_0035_0048_0048.jpg 1 19 35 48 48
0893_0005_0021_0067_0067.jpg 1 5 21 67 67
0894_0012_0023_0069_0069.jpg 1 12 23 69 69
0895_0014_0014_0040_0040.jpg 1 14 14 40 40
0896_0056_0030_0033_0033.jpg 1 56 30 33 33
0897_0020_0026_0054_0054.jpg 1 20 26 54 54
0898_0037_0029_0038_0038.jpg 1 37 29 38 38
0899_0032_0025_0028_0028.jpg 1 32 25 28 28
0900_0055_0055_0033_0033.jpg 1 55 55 33 33
0901_0045_0017_0027_0027.jpg 1 45 17 27 27
0902_0017_0010_0061_0061.jpg 1 17 10 61 61
0903_0030_0026_0056_0056.jpg 1 30 26 56 56
0904_0042_0063_0029_0029.jpg 1 42 63 29 29
0905_0031_0008_0061_0061.jpg 1 31 8 61 61
0906_0024_0019_0069_0069.jpg 1 24 19 69 69
0907_0017_0018_0049_0049.jpg 1 17 18 49 49
0908_0020_0029_0056_0056.jpg 1 20 29 56 56
0909_0012_0027_0063_0063.jpg 1 12 27 63 63
0910_0016_0024_0069_0069.jpg 1 16 24 69 69
0911_0008_0035_0049_0049.jpg 1 8 35 49 49
0912_0009_0034_0044_0044.jpg 1 9 34 44 44
0913_0022_0043_0050_0050.jpg 1 22 43 50 50
0914_0005_0005_0068_0068.jpg 1 5 5 68 68
0915_0053_0050_0037_0037.jpg 1 53 50 37 37
0916_0029_0010_0045_0045.jpg 1 29 10 45 45
0917_0031_0045_0030_0030.jpg 1 31 45 30 30
0918_0003_0030_0065_0065.jpg 1 3 30 65 65
0919_0019_0008_0031_0031.jpg 1 19 8 31 31
0920_0043_0043_0051_0051.jpg 1 43 43 51 51
0921_0012_0032_0041_0041.jpg 1 12 32 41 41
0922_0018_0036_0030_0030.jpg 1 18 36 30 30
0923_0025_0030_0029_0029.jpg 1 25 30 29 29
0924_0018_0019_0047_0047.jpg 1 18 19 47 47
0925_0017_0019_0067_0067.jpg 1 17 19 67 67
0926_0038_0026_0049_0049.jpg 1 38 26 49 49
0927_0035_0019_0048_0048.jpg 1 35 19 48 48
0928_0011_0037_0055_0055.jpg 1 11 37 55 55
0929_0016_0043_0032_0032.jpg 1 16 43 32 32
0930_0024_0038_0045_0045.jpg 1 24 38 45 45
0931_0052_0034_0037_0037.jpg 1 52 34 37 37
0932_0015_0023_0060_0060.jpg 1 15 23 60 60
0933_0046_0045_0036_0036.jpg 1 46 45 36 36
0934_0015_0033_0056_0056.jpg 1 15 33 56 56
0935_0041_0061_0029_0029.jpg 1 41 61 29 29
0936_0017_0052_0026_0026.jpg 1 17 52 26 26
0937_0027_0010_0025_0025.jpg 1 27 10 25 25
0938_0046_0024_0043_0043.jpg 1 46 24 43 43
0939_0022_0020_0056_0056.jpg 1 22 20 56 56
0940_0016_0007_0032_0032.jpg 1 16 7 32 32
0941_0053_0048_0039_0039.jpg 1 53 48 39 39
0942_0008_0012_0039_0039.jpg 1 8 12 39 39
0943_0008_0018_0060_0060.jpg 1 8 18 60 60
0944_0011_0010_0067_0067.jpg 1 11 10 67 67
0945_0015_0021_0054_0054.jpg 1 15 21 54 54
0946_0033_0008_0056_0056.jpg 1 33 8 56 56
0947_0035_0032_0044_0044.jpg 1 35 32 44 44
0948_0015_0011_0061_0061.jpg 1 15 11 61 61
0949_0042_0027_0050_0050.jpg 1 42 27 50 50
0950_0004_0026_0056_0056.jpg 1 4 26 56 56
0951_0020_0009_0065_0065.jpg 1 20 9 65 65
0952_0023_0025_0049_0049.jpg 1 23 25 49 49
0953_0028_0036_0057_0057.jpg 1 28 36 57 57
0954_0022_0012_0051_0051.jpg 1 22 12 51 51
0955_0015_0027_0063_0063.jpg 1 15 27 63 63
0956_0041_0052_0033_0033.jpg 1 41 52 33 33
0957_0052_0032_0037_0037.jpg 1 52 32 37 37
0958_0015_0044_0035_0035.jpg 1 15 44 35 35
0959_0025_0007_0060_0060.jpg 1 25 7 60 60
0960_0026_0008_0062_0062.jpg 1 26 8 62 62
0961_0010_0040_0034_0034.jpg 1 10 40 34 34
0962_0060_0020_0028_0028.jpg 1 60 20 28 28
0963_0026_0030_0058_0058.jpg 1 26 30 58 58
0964_0016_0017_0063_0063.jpg 1 16 17 63 63
0965_0023_0007_0060_0060.jpg 1 23 7 60 60
0966_0010_0010_0062_0062.jpg 1 10 10 62 62
0967_0037_0036_0051_0051.jpg 1 37 36 51 51
0968_0039_0012_0055_0055.jpg 1 39 12 55 55
0969_0019_0023_0048_0048.jpg 1 19 23 48 48
0970_0047_0026_0030_0030.jpg 1 47 26 30 30
0971_0029_0037_0045_0045.jpg 1 29 37 45 45
0972_0019_0017_0059_0059.jpg 1 19 17 59 59
0973_0030_0049_0039_0039.jpg 1 30 49 39 39
0974_0021_0009_0058_0058.jpg 1 21 9 58 58
0975_0018_0030_0047_0047.jpg 1 18 30 47 47
0976_0007_0023_0054_0054.jpg 1 7 23 54 54
0977_0019_0037_0035_0035.jpg 1 19 37 35 35
0978_0044_0027_0047_0047.jpg 1 44 27 47 47
0979_0035_0036_0050_0050.jpg 1 35 36 50 50
0980_0053_0052_0024_0024.jpg 1 53 52 24 24
0981_0010_0013_0059_0059.jpg 1 10 13 59 59
0982_0031_0016_0042_0042.jpg 1 31 16 42 42
0983_0024_0052_0025_0025.jpg 1 24 52 25 25
0984_0039_0029_0050_0050.jpg 1 39 29 50 50
0985_0028_0018_0036_0036.jpg 1 28 18 36 36
0986_0006_0027_0050_0050.jpg 1 6 27 50 50
0987_0015_0007_0062_0062.jpg 1 15 7 62 62
0988_0013_0021_0053_0053.jpg 1 13 21 53 53
0989_0023_0019_0043_0043.jpg 1 23 19 43 43
0990_0053_0032_0025_0025.jpg 1 53 32 25 25
0991_0031_0040_0043_0043.jpg 1 31 40 43 43
0992_0012_0031_0041_0041.jpg 1 12 31 41 41
0993_0047_0008_0028_0028.jpg 1 47 8 28 28
0994_0017_0032_0036_0036.jpg 1 17 32 36 36
0995_0006_0033_0054_0054.jpg 1 6 33 54 54
0996_0009_0043_0048_0048.jpg 1 9 43 48 48
0997_0032_0060_0031_0031.jpg 1 32 60 31 31
0998_0027_0016_0060_0060.jpg 1 27 16 60 60
0999_0027_0019_0028_0028.jpg 1 27 19 28 28
1000_0021_0036_0058_0058.jpg 1 21 36 58 58
1001_0049_0054_0038_0038.jpg 1 49 54 38 38
1002_0022_0043_0050_0050.jpg 1 22 43 50 50
1003_0024_0003_0065_0065.jpg 1 24 3 65 65
1004_0022_0025_0062_0062.jpg 1 22 25 62 62
1005_0032_0016_0043_0043.jpg 1 32 16 43 43
1006_0005_0011_0061_0061.jpg 1 5 11 61 61
1007_0023_0028_0052_0052.jpg 1 23 28 52 52
1008_0026_0032_0039_0039.jpg 1 26 32 39 39
1009_0038_0034_0031_0031.jpg 1 38 34 31 31
1010_0007_0021_0037_0037.jpg 1 7 21 37 37
1011_0023_0035_0060_0060.jpg 1 23 35 60 60
1012_0026_0007_0067_0067.jpg 1 26 7 67 67
1013_0007_0011_0052_0052.jpg 1 7 11 52 52
1014_0018_0005_0065_0065.jpg 1 18 5 65 65
1015_0023_0016_0062_0062.jpg 1 23 16 62 62
1016_0012_0015_0047_0047.jpg 1 12 15 47 47
1017_0012_0029_0030_0030.jpg 1 12 29 30 30
1018_0008_0007_0041_0041.jpg 1 8 7 41 41
1019_0027_0045_0041_0041.jpg 1 27 45 41 41
1020_0035_0004_0059_0059.jpg 1 35 4 59 59
1021_0030_0028_0045_0045.jpg 1 30 28 45 45
1022_0021_0050_0040_0040.jpg 1 21 50 40 40
1023_0028_0011_0058_0058.jpg 1 28 11 58 58
1024_0036_0051_0026_0026.jpg 1 36 51 26 26
1025_0026_0026_0060_0060.jpg 1 26 26 60 60
1026_0047_0032_0039_0039.jpg 1 47 32 39 39
1027_0042_0047_0034_0034.jpg 1 42 47 34 34
1028_0040_0028_0041_0041.jpg 1 40 28 41 41
1029_0041_0042_0041_0041.jpg 1 41 42 41 41
1030_0018_0013_0059_0059.jpg 1 18 13 59 59
1031_0013_0024_0061_0061.jpg 1 13 24 61 61
1032_0023_0036_0054_0054.jpg 1 23 36 54 54
1033_0015_0006_0064_0064.jpg 1 15 6 64 64
1034_0023_0050_0033_0033.jpg 1 23 50 33 33
1035_0021_0054_0025_0025.jpg 1 21 54 25 25
1036_0016_0006_0046_0046.jpg 1 16 6 46 46
1037_0011_0012_0042_0042.jpg 1 11 12 42 42
1038_0019_0023_0068_0068.jpg 1 19 23 68 68
1039_0008_0027_0067_0067.jpg 1 8 27 67 67
1040_0022_0022_0068_0068.jpg 1 22 22 68 68
1041_0013_0037_0054_0054.jpg 1 13 37 54 54
1042_0016_0040_0025_0025.jpg 1 16 40 25 25
1043_0050_0061_0025_0025.jpg 1 50 61 25 25
1044_0018_0006_0066_0066.jpg 1 18 6 66 66
1045_0026_0028_0058_0058.jpg 1 26 28 58 58
1046_0012_0021_0041_0041.jpg 1 12 21 41 41
1047_0025_0028_0067_0067.jpg 1 25 28 67 67
1048_0030_0064_0028_0028.jpg 1 30 64 28 28
1049_0010_0060_0031_0031.jpg 1 10 60 31 31
1050_0022_0042_0049_0049.jpg 1 22 42 49 49
1051_0029_0009_0067_0067.jpg 1 29 9 67 67
1052_0034_0036_0058_0058.jpg 1 34 36 58 58
1053_0042_0030_0042_0042.jpg 1 42 30 42 42
1054_0017_0028_0062_0062.jpg 1 17 28 62 62
1055_0017_0037_0046_0046.jpg 1 17 37 46 46
1056_0025_0026_0041_0041.jpg 1 25 26 41 41
1057_0018_0026_0060_0060.jpg 1 18 26 60 60
1058_0010_0032_0055_0055.jpg 1 10 32 55 55
1059_0029_0021_0032_0032.jpg 1 29 21 32 32
1060_0030_0006_0050_0050.jpg 1 30 6 50 50
1061_0004_0027_0069_0069.jpg 1 4 27 69 69
1062_0026_0010_0060_0060.jpg 1 26 10 60 60
1063_0020_0044_0047_0047.jpg 1 20 44 47 47
1064_0007_0046_0036_0036.jpg 1 7 46 36 36
1065_0007_0022_0025_0025.jpg 1 7 22 25 25
1066_0029_0029_0060_0060.jpg 1 29 29 60 60
1067_0048_0028_0045_0045.jpg 1 48 28 45 45
1068_0007_0009_0068_0068.jpg 1 7 9 68 68
1069_0017_0028_0058_0058.jpg 1 17 28 58 58
1070_0016_0049_0043_0043.jpg 1 16 49 43 43
1071_0039_0035_0051_0051.jpg 1 39 35 51 51
1072_0034_0015_0043_0043.jpg 1 34 15 43 43
1073_0015_0018_0052_0052.jpg 1 15 18 52 52
1074_0058_0044_0025_0025.jpg 1 58 44 25 25
1075_0007_0008_0049_0049.jpg 1 7 8 49 49
1076_0027_0020_0068_0068.jpg 1 27 20 68 68
1077_0003_0029_0064_0064.jpg 1 3 29 64 64
1078_0038_0035_0040_0040.jpg 1 38 35 40 40
1079_0028_0025_0067_0067.jpg 1 28 25 67 67
1080_0036_0032_0030_0030.jpg 1 36 32 30 30
1081_0032_0031_0044_0044.jpg 1 32 31 44 44
1082_0033_0007_0039_0039.jpg 1 33 7 39 39
1083_0013_0046_0047_0047.jpg 1 13 46 47 47
1084_0020_0012_0069_0069.jpg 1 20 12 69 69
1085_0028_0046_0039_0039.jpg 1 28 46 39 39
1086_0005_0020_0050_0050.jpg 1 5 20 50 50
1087_0049_0027_0045_0045.jpg 1 49 27 45 45
1088_0022_0030_0038_0038.jpg 1 22 30 38 38
1089_0009_0008_0048_0048.jpg 1 9 8 48 48
1090_0044_0034_0033_0033.jpg 1 44 34 33 33
1091_0006_0006_0067_0067.jpg 1 6 6 67 67
1092_0048_0012_0037_0037.jpg 1 48 12 37 37
1093_0010_0017_0067_0067.jpg 1 10 17 67 67
1094_0015_0027_0054_0054.jpg 1 15 27 54 54
1095_0027_0030_0051_0051.jpg 1 27 30 51 51
1096_0028_0047_0041_0041.jpg 1 28 47 41 41
1097_0031_0028_0060_0060.jpg 1 31 28 60 60
1098_0036_0021_0051_0051.jpg 1 36 21 51 51
1099_0016_0059_0033_0033.jpg 1 16 59 33 33
1100_0051_0037_0028_0028.jpg 1 51 37 28 28
1101_0014_0043_0034_0034.jpg 1 14 43 34 34
1102_0025_0035_0040_0040.jpg 1 25 35 40 40
1103_0033_0034_0060_0060.jpg 1 33 34 60 60
1104_0046_0043_0043_0043.jpg 1 46 43 43 43
1105_0009_0015_0066_0066.jpg 1 9 15 66 66
1106_0030_0063_0025_0025.jpg 1 30 63 25 25
1107_0005_0021_0066_0066.jpg 1 5 21 66 66
1108_0056_0049_0034_0034.jpg 1 56 49 34 34
1109_0021_0011_0048_0048.jpg 1 21 11 48 48
1110_0039_0057_0032_0032.jpg 1 39 57 32 32
1111_0032_0036_0058_0058.jpg 1 32 36 58 58
1112_0029_0025_0033_0033.jpg 1 29 25 33 33
1113_0032_0034_0060_0060.jpg 1 32 34 60 60
1114_0041_0027_0027_0027.jpg 1 41 27 27 27
1115_0021_0021_0064_0064.jpg 1 21 21 64 64
1116_0055_0022_0033_0033.jpg 1 55 22 33 33
1117_0009_0010_0057_0057.jpg 1 9 10 57 57
1118_0022_0028_0050_0050.jpg 1 22 28 50 50
1119_0029_0014_0049_0049.jpg 1 29 14 49 49
1120_0015_0005_0060_0060.jpg 1 15 5 60 60
1121_0014_0029_0066_0066.jpg 1 14 29 66 66
1122_0033_0019_0056_0056.jpg 1 33 19 56 56
1123_0040_0050_0033_0033.jpg 1 40 50 33 33
1124_0008_0009_0034_0034.jpg 1 8 9 34 34
1125_0033_0023_0062_0062.jpg 1 33 23 62 62
1126_0020_0010_0050_0050.jpg 1 20 10 50 50
1127_0015_0005_0066_0066.jpg 1 15 5 66 66
1128_0021_0057_0036_0036.jpg 1 21 57 36 36
1129_0041_0013_0031_0031.jpg 1 41 13 31 31
1130_0019_0020_0048_0048.jpg 1 19 20 48 48
1131_0013_0022_0067_0067.jpg 1 13 22 67 67
1132_0008_0025_0043_0043.jpg 1 8 25 43 43
1133_0028_0025_0052_0052.jpg 1 28 25 52 52
1134_0018_0011_0052_0052.jpg 1 18 11 52 52
1135_0040_0019_0030_0030.jpg 1 40 19 30 30
1136_0033_0036_0032_0032.jpg 1 33 36 32 32
1137_0008_0014_0030_0030.jpg 1 8 14 30 30
1138_0006_0017_0063_0063.jpg 1 6 17 63 63
1139_0051_0014_0039_0039.jpg 1 51 14 39 39
1140_0014_0026_0031_0031.jpg 1 14 26 31 31
1141_0051_0021_0024_0024.jpg 1 51 21 24 24
1142_0036_0013_0055_0055.jpg 1 36 13 55 55
1143_0022_0061_0024_0024.jpg 1 22 61 24 24
1144_0007_0020_0066_0066.jpg 1 7 20 66 66
1145_0044_0029_0034_0034.jpg 1 44 29 34 34
1146_0019_0047_0025_0025.jpg 1 19 47 25 25
1147_0009_0022_0066_0066.jpg 1 9 22 66 66
1148_0004_0030_0059_0059.jpg 1 4 30 59 59
1149_0031_0029_0031_0031.jpg 1 31 29 31 31
1150_0006_0016_0057_0057.jpg 1 6 16 57 57
1151_0047_0018_0024_0024.jpg 1 47 18 24 24
1152_0026_0047_0032_0032.jpg 1 26 47 32 32
1153_0031_0023_0061_0061.jpg 1 31 23 61 61
1154_0022_0030_0059_0059.jpg 1 22 30 59 59
1155_0011_0015_0069_0069.jpg 1 11 15 69 69
1156_0026_0015_0031_0031.jpg 1 26 15 31 31
1157_0034_0051_0032_0032.jpg 1 34 51 32 32
1158_0044_0037_0046_0046.jpg 1 44 37 46 46
1159_0022_0045_0042_0042.jpg 1 22 45 42 42
1160_0030_0044_0041_0041.jpg 1 30 44 41 41
1161_0049_0011_0038_0038.jpg 1 49 11 38 38
1162_0010_0043_0025_0025.jpg 1 10 43 25 25
1163_0020_0015_0064_0064.jpg 1 20 15 64 64
1164_0008_0029_0049_0049.jpg 1 8 29 49 49
1165_0023_0015_0045_0045.jpg 1 23 15 45 45
1166_0020_0023_0036_0036.jpg 1 20 23 36 36
1167_0017_0035_0042_0042.jpg 1 17 35 42 42
1168_0048_0032_0032_0032.jpg 1 48 32 32 32
1169_0005_0027_0056_0056.jpg 1 5 27 56 56
1170_0027_0020_0046_0046.jpg 1 27 20 46 46
1171_0028_0006_0063_0063.jpg 1 28 6 63 63
1172_0024_0022_0052_0052.jpg 1 24 22 52 52
1173_0014_0016_0059_0059.jpg 1 14 16 59 59
1174_0008_0011_0061_0061.jpg 1 8 11 61 61
1175_0009_0030_0046_0046.jpg 1 9 30 46 46
1176_0024_0031_0041_0041.jpg 1 24 31 41 41
1177_0006_0005_0069_0069.jpg 1 6 5 69 69
1178_0006_0031_0060_0060.jpg 1 6 31 60 60
1179_0028_0038_0035_0035.jpg 1 28 38 35 35
1180_0016_0052_0031_0031.jpg 1 16 52 31 31
1181_0049_0017_0038_0038.jpg 1 49 17 38 38
1182_0036_0056_0027_0027.jpg 1 36 56 27 27
1183_0013_0022_0069_0069.jpg 1 13 22 69 69
1184_0021_0019_0066_0066.jpg 1 21 19 66 66
1185_0010_0020_0068_0068.jpg 1 10 20 68 68
1186_0048_0047_0033_0033.jpg 1 48 47 33 33
1187_0020_0034_0049_0049.jpg 1 20 34 49 49
1188_0022_0054_0024_0024.jpg 1 22 54 24 24
1189_0024_0045_0034_0034.jpg 1 24 45 34 34
1190_0010_0017_0037_0037.jpg 1 10 17 37 37
1191_0023_0032_0053_0053.jpg 1 23 32 53 53
1192_0039_0028_0040_0040.jpg 1 39 28 40 40
1193_0017_0021_0069_0069.jpg 1 17 21 69 69
1194_0011_0018_0061_0061.jpg 1 11 18 61 61
1195_0041_0040_0043_0043.jpg 1 41 40 43 43
1196_0020_0003_0066_0066.jpg 1 20 3 66 66
1197_0020_0033_0050_0050.jpg 1 20 33 50 50
1198_0039_0030_0034_0034.jpg 1 39 30 34 34
1199_0046_0062_0024_0024.jpg 1 46 62 24 24
1200_0057_0050_0030_0030.jpg 1 57 50 30 30
1201_0035_0028_0052_0052.jpg 1 35 28 52 52
1202_0013_0033_0027_0027.jpg 1 13 33 27 27
1203_0005_0031_0050_0050.jpg 1 5 31 50 50
1204_0023_0033_0036_0036.jpg 1 23 33 36 36
1205_0015_0031_0043_0043.jpg 1 15 31 43 43
1206_0044_0052_0031_0031.jpg 1 44 52 31 31
1207_0021_0028_0065_0065.jpg 1 21 28 65 65
1208_0025_0012_0051_0051.jpg 1 25 12 51 51
1209_0024_0023_0058_0058.jpg 1 24 23 58 58
1210_0020_0034_0061_0061.jpg 1 20 34 61 61
1211_0062_0025_0029_0029.jpg 1 62 25 29 29
1212_0027_0021_0057_0057.jpg 1 27 21 57 57
1213_0018_0018_0065_0065.jpg 1 18 18 65 65
1214_0004_0014_0069_0069.jpg 1 4 14 69 69
1215_0003_0029_0063_0063.jpg 1 3 29 63 63
1216_0037_0034_0045_0045.jpg 1 37 34 45 45
1217_0046_0016_0031_0031.jpg 1 46 16 31 31
1218_0048_0014_0036_0036.jpg 1 48 14 36 36
1219_0041_0014_0050_0050.jpg 1 41 14 50 50
1220_0016_0021_0047_0047.jpg 1 16 21 47 47
1221_0018_0020_0037_0037.jpg 1 18 20 37 37
1222_0011_0024_0063_0063.jpg 1 11 24 63 63
1223_0026_0041_0050_0050.jpg 1 26 41 50 50
1224_0012_0016_0062_0062.jpg 1 12 16 62 62
1225_0036_0038_0035_0035.jpg 1 36 38 35 35
1226_0016_0016_0026_0026.jpg 1 16 16 26 26
1227_0011_0020_0069_0069.jpg 1 11 20 69 69
1228_0061_0026_0029_0029.jpg 1 61 26 29 29
1229_0016_0012_0067_0067.jpg 1 16 12 67 67
1230_0033_0008_0058_0058.jpg 1 33 8 58 58
1231_0018_0033_0034_0034.jpg 1 18 33 34 34
1232_0013_0035_0031_0031.jpg 1 13 35 31 31
1233_0030_0033_0025_0025.jpg 1 30 33 25 25
1234_0006_0007_0060_0060.jpg 1 6 7 60 60
1235_0019_0026_0046_0046.jpg 1 19 26 46 46
1236_0053_0028_0024_0024.jpg 1 53 28 24 24
1237_0023_0027_0037_0037.jpg 1 23 27 37 37
1238_0004_0014_0067_0067.jpg 1 4 14 67 67
1239_0007_0027_0053_0053.jpg 1 7 27 53 53
1240_0005_0007_0067_0067.jpg 1 5 7 67 67
1241_0009_0038_0034_0034.jpg 1 9 38 34 34
1242_0014_0009_0059_0059.jpg 1 14 9 59 59
1243_0025_0023_0048_0048.jpg 1 25 23 48 48
1244_0033_0031_0056_0056.jpg 1 33 31 56 56
1245_0008_0010_0026_0026.jpg 1 8 10 26 26
1246_0040_0012_0044_0044.jpg 1 40 12 44 44
1247_0022_0014_0064_0064.jpg 1 22 14 64 64
1248_0009_0029_0060_0060.jpg 1 9 29 60 60
1249_0023_0004_0068_0068.jpg 1 23 4 68 68
1250_0050_0035_0042_0042.jpg 1 50 35 42 42
1251_0038_0060_0029_0029.jpg 1 38 60 29 29
1252_0028_0050_0032_0032.jpg 1 28 50 32 32
1253_0033_0049_0029_0029.jpg 1 33 49 29 29
1254_0024_0028_0066_0066.jpg 1 24 28 66 66
1255_0035_0031_0058_0058.jpg 1 35 31 58 58
1256_0053_0024_0035_0035.jpg 1 53 24 35 35
1257_0025_0024_0069_0069.jpg 1 25 24 69 69
1258_0007_0049_0040_0040.jpg 1 7 49 40 40
1259_0011_0034_0052_0052.jpg 1 11 34 52 52
1260_0024_0006_0063_0063.jpg 1 24 6 63 63
1261_0035_0053_0033_0033.jpg 1 35 53 33 33
1262_0027_0025_0028_0028.jpg 1 27 25 28 28
1263_0029_0010_0058_0058.jpg 1 29 10 58 58
1264_0013_0031_0063_0063.jpg 1 13 31 63 63
1265_0005_0006_0058_0058.jpg 1 5 6 58 58
1266_0015_0012_0029_0029.jpg 1 15 12 29 29
1267_0030_0015_0037_0037.jpg 1 30 15 37 37
1268_0039_0034_0054_0054.jpg 1 39 34 54 54
1269_0009_0055_0030_0030.jpg 1 9 55 30 30
1270_0037_0029_0056_0056.jpg 1 37 29 56 56
1271_0014_0019_0063_0063.jpg 1 14 19 63 63
1272_0026_0005_0068_0068.jpg 1 26 5 68 68
1273_0036_0014_0057_0057.jpg 1 36 14 57 57
1274_0048_0037_0045_0045.jpg 1 48 37 45 45
1275_0009_0008_0067_0067.jpg 1 9 8 67 67
1276_0047_0020_0046_0046.jpg 1 47 20 46 46
1277_0029_0011_0064_0064.jpg 1 29 11 64 64
1278_0036_0013_0054_0054.jpg 1 36 13 54 54
1279_0067_0019_0024_0024.jpg 1 67 19 24 24
1280_0053_0033_0026_0026.jpg 1 53 33 26 26
1281_0021_0012_0044_0044.jpg 1 21 12 44 44
1282_0027_0036_0046_0046.jpg 1 27 36 46 46
1283_0026_0011_0049_0049.jpg 1 26 11 49 49
1284_0020_0032_0061_0061.jpg 1 20 32 61 61
1285_0046_0039_0044_0044.jpg 1 46 39 44 44
1286_0012_0015_0059_0059.jpg 1 12 15 59 59
1287_0008_0004_0059_0059.jpg 1 8 4 59 59
1288_0005_0007_0060_0060.jpg 1 5 7 60 60
1289_0024_0009_0029_0029.jpg 1 24 9 29 29
1290_0018_0032_0063_0063.jpg 1 18 32 63 63
1291_0044_0045_0048_0048.jpg 1 44 45 48 48
1292_0052_0027_0028_0028.jpg 1 52 27 28 28
1293_0014_0049_0042_0042.jpg 1 14 49 42 42
1294_0019_0009_0050_0050.jpg 1 19 9 50 50
1295_0059_0010_0033_0033.jpg 1 59 10 33 33
1296_0017_0037_0024_0024.jpg 1 17 37 24 24
1297_0030_0028_0044_0044.jpg 1 30 28 44 44
1298_0031_0061_0028_0028.jpg 1 31 61 28 28
1299_0040_0007_0046_0046.jpg 1 40 7 46 46
1300_0021_0018_0063_0063.jpg 1 21 18 63 63
1301_0024_0035_0055_0055.jpg 1 24 35 55 55
1302_0019_0011_0056_0056.jpg 1 19 11 56 56
1303_0038_0035_0032_0032.jpg 1 38 35 32 32
1304_0013_0031_0053_0053.jpg 1 13 31 53 53
1305_0025_0021_0048_0048.jpg 1 25 21 48 48
1306_0044_0041_0049_0049.jpg 1 44 41 49 49
1307_0048_0011_0039_0039.jpg 1 48 11 39 39
1308_0032_0046_0035_0035.jpg 1 32 46 35 35
1309_0008_0015_0069_0069.jpg 1 8 15 69 69
1310_0006_0006_0059_0059.jpg 1 6 6 59 59
1311_0041_0008_0042_0042.jpg 1 41 8 42 42
1312_0022_0011_0061_0061.jpg 1 22 11 61 61
1313_0041_0006_0043_0043.jpg 1 41 6 43 43
1314_0014_0021_0026_0026.jpg 1 14 21 26 26
1315_0025_0014_0054_0054.jpg 1 25 14 54 54
1316_0017_0024_0065_0065.jpg 1 17 24 65 65
1317_0019_0009_0058_0058.jpg 1 19 9 58 58
1318_0037_0009_0056_0056.jpg 1 37 9 56 56
1319_0048_0038_0030_0030.jpg 1 48 38 30 30
1320_0024_0007_0036_0036.jpg 1 24 7 36 36
1321_0028_0008_0066_0066.jpg 1 28 8 66 66
1322_0038_0029_0056_0056.jpg 1 38 29 56 56
1323_0041_0009_0036_0036.jpg 1 41 9 36 36
1324_0035_0052_0042_0042.jpg 1 35 52 42 42
1325_0046_0006_0045_0045.jpg 1 46 6 45 45
1326_0015_0018_0048_0048.jpg 1 15 18 48 48
1327_0026_0018_0057_0057.jpg 1 26 18 57 57
1328_0024_0013_0052_0052.jpg 1 24 13 52 52
1329_0017_0029_0050_0050.jpg 1 17 29 50 50
1330_0036_0028_0041_0041.jpg 1 36 28 41 41
1331_0011_0021_0037_0037.jpg 1 11 21 37 37
1332_0056_0039_0026_0026.jpg 1 56 39 26 26
1333_0011_0064_0028_0028.jpg 1 11 64 28 28
1334_0054_0038_0028_0028.jpg 1 54 38 28 28
1335_0023_0026_0044_0044.jpg 1 23 26 44 44
1336_0027_0027_0058_0058.jpg 1 27 27 58 58
1337_0016_0053_0032_0032.jpg 1 16 53 32 32
1338_0042_0021_0039_0039.jpg 1 42 21 39 39
1339_0043_0022_0036_0036.jpg 1 43 22 36 36
1340_0045_0033_0026_0026.jpg 1 45 33 26 26
1341_0028_0041_0038_0038.jpg 1 28 41 38 38
1342_0053_0036_0031_0031.jpg 1 53 36 31 31
1343_0052_0049_0038_0038.jpg 1 52 49 38 38
1344_0030_0005_0061_0061.jpg 1 30 5 61 61
1345_0056_0061_0024_0024.jpg 1 56 61 24 24
1346_0032_0006_0056_0056.jpg 1 32 6 56 56
1347_0024_0020_0064_0064.jpg 1 24 20 64 64
1348_0031_0018_0047_0047.jpg 1 31 18 47 47
1349_0042_0045_0048_0048.jpg 1 42 45 48 48
1350_0025_0029_0057_0057.jpg 1 25 29 57 57
1351_0052_0056_0032_0032.jpg 1 52 56 32 32
1352_0026_0012_0025_0025.jpg 1 26 12 25 25
1353_0026_0013_0032_0032.jpg 1 26 13 32 32
1354_0042_0046_0043_0043.jpg 1 42 46 43 43
1355_0044_0009_0050_0050.jpg 1 44 9 50 50
1356_0021_0016_0059_0059.jpg 1 21 16 59 59
1357_0035_0035_0050_0050.jpg 1 35 35 50 50
1358_0041_0046_0024_0024.jpg 1 41 46 24 24
1359_0012_0017_0055_0055.jpg 1 12 17 55 55
1360_0037_0014_0045_0045.jpg 1 37 14 45 45
1361_0017_0038_0054_0054.jpg 1 17 38 54 54
1362_0028_0033_0046_0046.jpg 1 28 33 46 46
1363_0013_0017_0048_0048.jpg 1 13 17 48 48
1364_0054_0028_0024_0024.jpg 1 54 28 24 24
1365_0032_0028_0063_0063.jpg 1 32 28 63 63
1366_0038_0051_0029_0029.jpg 1 38 51 29 29
1367_0010_0012_0044_0044.jpg 1 10 12 44 44
1368_0027_0004_0065_0065.jpg 1 27 4 65 65
1369_0013_0032_0034_0034.jpg 1 13 32 34 34
1370_0023_0027_0035_0035.jpg 1 23 27 35 35
1371_0009_0004_0061_0061.jpg 1 9 4 61 61
1372_0020_0012_0063_0063.jpg 1 20 12 63 63
1373_0029_0016_0065_0065.jpg 1 29 16 65 65
1374_0005_0040_0050_0050.jpg 1 5 40 50 50
1375_0015_0025_0060_0060.jpg 1 15 25 60 60
1376_0033_0033_0058_0058.jpg 1 33 33 58 58
1377_0031_0031_0060_0060.jpg 1 31 31 60 60
1378_0011_0043_0033_0033.jpg 1 11 43 33 33
1379_0058_0046_0031_0031.jpg 1 58 46 31 31
1380_0019_0023_0060_0060.jpg 1 19 23 60 60
1381_0031_0018_0041_0041.jpg 1 31 18 41 41
1382_0026_0007_0039_0039.jpg 1 26 7 39 39
1383_0008_0007_0064_0064.jpg 1 8 7 64 64
1384_0020_0034_0048_0048.jpg 1 20 34 48 48
1385_0028_0018_0034_0034.jpg 1 28 18 34 34
1386_0042_0045_0032_0032.jpg 1 42 45 32 32
1387_0015_0007_0068_0068.jpg 1 15 7 68 68
1388_0027_0007_0048_0048.jpg 1 27 7 48 48
1389_0013_0019_0026_0026.jpg 1 13 19 26 26
1390_0023_0040_0040_0040.jpg 1 23 40 40 40
1391_0033_0015_0043_0043.jpg 1 33 15 43 43
1392_0057_0036_0033_0033.jpg 1 57 36 33 33
1393_0019_0029_0066_0066.jpg 1 19 29 66 66
1394_0009_0020_0041_0041.jpg 1 9 20 41 41
1395_0008_0040_0028_0028.jpg 1 8 40 28 28
1396_0041_0035_0038_0038.jpg 1 41 35 38 38
1397_0036_0011_0034_0034.jpg 1 36 11 34 34
1398_0027_0020_0049_0049.jpg 1 27 20 49 49
1399_0036_0025_0033_0033.jpg 1 36 25 33 33
1400_0009_0016_0058_0058.jpg 1 9 16 58 58
1401_0062_0009_0026_0026.jpg 1 62 9 26 26
1402_0032_0021_0063_0063.jpg 1 32 21 63 63
1403_0015_0051_0039_0039.jpg 1 15 51 39 39
1404_0013_0026_0051_0051.jpg 1 13 26 51 51
1405_0029_0029_0057_0057.jpg 1 29 29 57 57
1406_0031_0013_0054_0054.jpg 1 31 13 54 54
1407_0014_0027_0066_0066.jpg 1 14 27 66 66
1408_0015_0019_0037_0037.jpg 1 15 19 37 37
1409_0016_0014_0053_0053.jpg 1 16 14 53 53
1410_0033_0010_0049_0049.jpg 1 33 10 49 49
1411_0029_0028_0062_0062.jpg 1 29 28 62 62
1412_0028_0026_0031_0031.jpg 1 28 26 31 31
1413_0054_0033_0025_0025.jpg 1 54 33 25 25
1414_0031_0007_0047_0047.jpg 1 31 7 47 47
1415_0017_0014_0064_0064.jpg 1 17 14 64 64
1416_0023_0033_0059_0059.jpg 1 23 33 59 59
1417_0038_0041_0027_0027.jpg 1 38 41 27 27
1418_0009_0049_0031_0031.jpg 1 9 49 31 31
1419_0009_0005_0066_0066.jpg 1 9 5 66 66
1420_0036_0056_0029_0029.jpg 1 36 56 29 29
1421_0055_0056_0030_0030.jpg 1 55 56 30 30
1422_0043_0057_0035_0035.jpg 1 43 57 35 35
1423_0011_0018_0068_0068.jpg 1 11 18 68 68
1424_0008_0056_0032_0032.jpg 1 8 56 32 32
1425_0020_0015_0068_0068.jpg 1 20 15 68 68
1426_0052_0023_0035_0035.jpg 1 52 23 35 35
1427_0033_0021_0056_0056.jpg 1 33 21 56 56
1428_0022_0015_0056_0056.jpg 1 22 15 56 56
1429_0042_0056_0037_0037.jpg 1 42 56 37 37
1430_0029_0016_0059_0059.jpg 1 29 16 59 59
1431_0041_0016_0024_0024.jpg 1 41 16 24 24
1432_0050_0012_0042_0042.jpg 1 50 12 42 42
1433_0039_0015_0040_0040.jpg 1 39 15 40 40
1434_0019_0035_0042_0042.jpg 1 19 35 42 42
1435_0036_0040_0043_0043.jpg 1 36 40 43 43
1436_0016_0042_0048_0048.jpg 1 16 42 48 48
1437_0038_0012_0046_0046.jpg 1 38 12 46 46
1438_0046_0024_0032_0032.jpg 1 46 24 32 32
1439_0040_0013_0030_0030.jpg 1 40 13 30 30
1440_0042_0030_0037_0037.jpg 1 42 30 37 37
1441_0024_0009_0064_0064.jpg 1 24 9 64 64
1442_0012_0009_0044_0044.jpg 1 12 9 44 44
1443_0023_0013_0064_0064.jpg 1 23 13 64 64
1444_0044_0007_0028_0028.jpg 1 44 7 28 28
1445_0034_0039_0053_0053.jpg 1 34 39 53 53
1446_0058_0018_0032_0032.jpg 1 58 18 32 32
1447_0020_0031_0032_0032.jpg 1 20 31 32 32
1448_0032_0041_0026_0026.jpg 1 32 41 26 26
1449_0015_0025_0060_0060.jpg 1 15 25 60 60
1450_0037_0057_0030_0030.jpg 1 37 57 30 30
1451_0009_0004_0059_0059.jpg 1 9 4 59 59
1452_0039_0025_0036_0036.jpg 1 39 25 36 36
1453_0022_0054_0036_0036.jpg 1 22 54 36 36
1454_0025_0024_0057_0057.jpg 1 25 24 57 57
1455_0012_0029_0057_0057.jpg 1 12 29 57 57
1456_0015_0011_0068_0068.jpg 1 15 11 68 68
1457_0046_0026_0046_0046.jpg 1 46 26 46 46
1458_0025_0009_0032_0032.jpg 1 25 9 32 32
1459_0032_0039_0045_0045.jpg 1 32 39 45 45
1460_0032_0048_0045_0045.jpg 1 32 48 45 45
1461_0036_0042_0048_0048.jpg 1 36 42 48 48
1462_0028_0009_0052_0052.jpg 1 28 9 52 52
1463_0019_0014_0024_0024.jpg 1 19 14 24 24
1464_0025_0033_0034_0034.jpg 1 25 33 34 34
1465_0031_0016_0042_0042.jpg 1 31 16 42 42
1466_0055_0038_0037_0037.jpg 1 55 38 37 37
1467_0045_0022_0027_0027.jpg 1 45 22 27 27
1468_0009_0039_0049_0049.jpg 1 9 39 49 49
1469_0004_0032_0055_0055.jpg 1 4 32 55 55
1470_0048_0033_0029_0029.jpg 1 48 33 29 29
1471_0032_0005_0054_0054.jpg 1 32 5 54 54
1472_0018_0014_0066_0066.jpg 1 18 14 66 66
1473_0018_0009_0064_0064.jpg 1 18 9 64 64
1474_0028_0018_0051_0051.jpg 1 28 18 51 51
1475_0022_0030_0052_0052.jpg 1 22 30 52 52
1476_0006_0007_0047_0047.jpg 1 6 7 47 47
1477_0050_0011_0027_0027.jpg 1 50 11 27 27
1478_0048_0012_0037_0037.jpg 1 48 12 37 37
1479_0018_0036_0046_0046.jpg 1 18 36 46 46
1480_0032_0007_0044_0044.jpg 1 32 7 44 44
1481_0049_0047_0037_0037.jpg 1 49 47 37 37
1482_0020_0008_0030_0030.jpg 1 20 8 30 30
1483_0050_0032_0035_0035.jpg 1 50 32 35 35
1484_0042_0035_0025_0025.jpg 1 42 35 25 25
1485_0027_0017_0048_0048.jpg 1 27 17 48 48
1486_0019_0007_0056_0056.jpg 1 19 7 56 56
1487_0021_0057_0027_0027.jpg 1 21 57 27 27
1488_0013_0011_0049_0049.jpg 1 13 11 49 49
1489_0019_0040_0050_0050.jpg 1 19 40 50 50
1490_0022_0023_0069_0069.jpg 1 22 23 69 69
1491_0064_0012_0028_0028.jpg 1 64 12 28 28
1492_0030_0029_0059_0059.jpg 1 30 29 59 59
1493_0045_0008_0047_0047.jpg 1 45 8 47 47
1494_0045_0027_0038_0038.jpg 1 45 27 38 38
1495_0021_0026_0069_0069.jpg 1 21 26 69 69
1496_0029_0043_0036_0036.jpg 1 29 43 36 36
1497_0014_0019_0065_0065.jpg 1 14 19 65 65
1498_0054_0015_0039_0039.jpg 1 54 15 39 39
1499_0028_0022_0048_0048.jpg 1 28 22 48 48
1500_0017_0016_0034_0034.jpg 1 17 16 34 34
1501_0028_0019_0048_0048.jpg 1 28 19 48 48
1502_0022_0004_0066_0066.jpg 1 22 4 66 66
1503_0042_0014_0042_0042.jpg 1 42 14 42 42
1504_0013_0047_0042_0042.jpg 1 13 47 42 42
1505_0011_0033_0053_0053.jpg 1 11 33 53 53
1506_0023_0033_0026_0026.jpg 1 23 33 26 26
1507_0029_0014_0041_0041.jpg 1 29 14 41 41
1508_0015_0035_0030_0030.jpg 1 15 35 30 30
1509_0019_0021_0063_0063.jpg 1 19 21 63 63
1510_0045_0045_0040_0040.jpg 1 45 45 40 40
1511_0013_0029_0035_0035.jpg 1 13 29 35 35
1512_0035_0022_0034_0034.jpg 1 35 22 34 34
1513_0027_0028_0057_0057.jpg 1 27 28 57 57
1514_0032_0009_0053_0053.jpg 1 32 9 53 53
1515_0022_0040_0039_0039.jpg 1 22 40 39 39
1516_0022_0023_0058_0058.jpg 1 22 23 58 58
1517_0025_0052_0039_0039.jpg 1 25 52 39 39
1518_0017_0006_0069_0069.jpg 1 17 6 69 69
1519_0015_0041_0035_0035.jpg 1 15 41 35 35
1520_0030_0033_0043_0043.jpg 1 30 33 43 43
1521_0033_0023_0042_0042.jpg 1 33 23 42 42
1522_0041_0048_0037_0037.jpg 1 41 48 37 37
1523_0022_0009_0068_0068.jpg 1 22 9 68 68
1524_0032_0030_0030_0030.jpg 1 32 30 30 30
1525_0023_0017_0025_0025.jpg 1 23 17 25 25
1526_0016_0023_0026_0026.jpg 1 16 23 26 26
1527_0017_0031_0054_0054.jpg 1 17 31 54 54
1528_0010_0014_0069_0069.jpg 1 10 14 69 69
1529_0029_0014_0061_0061.jpg 1 29 14 61 61
1530_0037_0007_0049_0049.jpg 1 37 7 49 49
1531_0023_0016_0027_0027.jpg 1 23 16 27 27
1532_0037_0047_0029_0029.jpg 1 37 47 29 29
1533_0031_0020_0063_0063.jpg 1 31 20 63 63
1534_0005_0030_0061_0061.jpg 1 5 30 61 61
1535_0018_0015_0063_0063.jpg 1 18 15 63 63
1536_0029_0019_0062_0062.jpg 1 29 19 62 62
1537_0005_0011_0059_0059.jpg 1 5 11 59 59
1538_0023_0034_0061_0061.jpg 1 23 34 61 61
1539_0016_0038_0052_0052.jpg 1 16 38 52 52
1540_0029_0012_0055_0055.jpg 1 29 12 55 55
1541_0024_0055_0036_0036.jpg 1 24 55 36 36
1542_0053_0036_0024_0024.jpg 1 53 36 24 24
1543_0013_0022_0053_0053.jpg 1 13 22 53 53
1544_0003_0023_0068_0068.jpg 1 3 23 68 68
1545_0042_0024_0043_0043.jpg 1 42 24 43 43
1546_0035_0020_0059_0059.jpg 1 35 20 59 59
1547_0023_0024_0049_0049.jpg 1 23 24 49 49
1548_0009_0021_0058_0058.jpg 1 9 21 58 58
1549_0022_0033_0057_0057.jpg 1 22 33 57 57
1550_0026_0017_0053_0053.jpg 1 26 17 53 53
